<?xml version="1.0" encoding="UTF-8" ?>
<!-- This is a WordPress eXtended RSS file generated by WordPress as an export of your site. -->
<!-- It contains information about your site's posts, pages, comments, categories, and other content. -->
<!-- You may use this file to transfer that content from one site to another. -->
<!-- This file is not intended to serve as a complete backup of your site. -->

<!-- To import this information into a WordPress site follow these steps: -->
<!-- 1. Log in to that site as an administrator. -->
<!-- 2. Go to Tools: Import in the WordPress admin panel. -->
<!-- 3. Install the "WordPress" importer from the list. -->
<!-- 4. Activate & Run Importer. -->
<!-- 5. Upload this file using the form provided on that page. -->
<!-- 6. You will first be asked to map the authors in this export file to users -->
<!--    on the site. For each author, you may choose to map to an -->
<!--    existing user on the site or to create a new user. -->
<!-- 7. WordPress will then import each of the posts, pages, comments, categories, etc. -->
<!--    contained in this file into your site. -->

	<!-- generator="WordPress/6.7.2" created="2025-06-04 10:11" -->
<rss version="2.0"
	xmlns:excerpt="http://wordpress.org/export/1.2/excerpt/"
	xmlns:content="http://purl.org/rss/1.0/modules/content/"
	xmlns:wfw="http://wellformedweb.org/CommentAPI/"
	xmlns:dc="http://purl.org/dc/elements/1.1/"
	xmlns:wp="http://wordpress.org/export/1.2/"
>

<channel>
	<title>Food Blog</title>
	<link>http://localhost:8080</link>
	<description></description>
	<pubDate>Wed, 04 Jun 2025 10:11:32 +0000</pubDate>
	<language>en-US</language>
	<wp:wxr_version>1.2</wp:wxr_version>
	<wp:base_site_url>http://localhost:8080</wp:base_site_url>
	<wp:base_blog_url>http://localhost:8080</wp:base_blog_url>

		<wp:author><wp:author_id>1</wp:author_id><wp:author_login><![CDATA[admin]]></wp:author_login><wp:author_email><![CDATA[johannes@pfau.cc]]></wp:author_email><wp:author_display_name><![CDATA[admin]]></wp:author_display_name><wp:author_first_name><![CDATA[]]></wp:author_first_name><wp:author_last_name><![CDATA[]]></wp:author_last_name></wp:author>

		<wp:category>
		<wp:term_id>6</wp:term_id>
		<wp:category_nicename><![CDATA[lifestyle]]></wp:category_nicename>
		<wp:category_parent><![CDATA[]]></wp:category_parent>
		<wp:cat_name><![CDATA[Lifestyle]]></wp:cat_name>
	</wp:category>
		<wp:category>
		<wp:term_id>4</wp:term_id>
		<wp:category_nicename><![CDATA[news]]></wp:category_nicename>
		<wp:category_parent><![CDATA[]]></wp:category_parent>
		<wp:cat_name><![CDATA[News]]></wp:cat_name>
	</wp:category>
		<wp:category>
		<wp:term_id>5</wp:term_id>
		<wp:category_nicename><![CDATA[travel]]></wp:category_nicename>
		<wp:category_parent><![CDATA[]]></wp:category_parent>
		<wp:cat_name><![CDATA[Travel]]></wp:cat_name>
	</wp:category>
		<wp:category>
		<wp:term_id>1</wp:term_id>
		<wp:category_nicename><![CDATA[uncategorized]]></wp:category_nicename>
		<wp:category_parent><![CDATA[]]></wp:category_parent>
		<wp:cat_name><![CDATA[Uncategorized]]></wp:cat_name>
	</wp:category>
				<wp:term>
		<wp:term_id>14</wp:term_id>
		<wp:term_taxonomy><![CDATA[fblgstp_course]]></wp:term_taxonomy>
		<wp:term_slug><![CDATA[breakfast]]></wp:term_slug>
		<wp:term_parent><![CDATA[]]></wp:term_parent>
		<wp:term_name><![CDATA[Breakfast]]></wp:term_name>
		<wp:term_description><![CDATA[Lorem ipsum dolor sit amet, consetetur sadipscing elitr, sed diam nonumy eirmod tempor invidunt ut labore et dolore magna aliquyam erat, sed diam voluptua. At vero eos et accusam et justo duo dolores et ea rebum.]]></wp:term_description>
	</wp:term>
		<wp:term>
		<wp:term_id>15</wp:term_id>
		<wp:term_taxonomy><![CDATA[fblgstp_course]]></wp:term_taxonomy>
		<wp:term_slug><![CDATA[dessert]]></wp:term_slug>
		<wp:term_parent><![CDATA[]]></wp:term_parent>
		<wp:term_name><![CDATA[Dessert]]></wp:term_name>
		<wp:term_description><![CDATA[Lorem ipsum dolor sit amet, consetetur sadipscing elitr, sed diam nonumy eirmod tempor invidunt ut labore et dolore magna aliquyam erat, sed diam voluptua. At vero eos et accusam et justo duo dolores et ea rebum.]]></wp:term_description>
	</wp:term>
		<wp:term>
		<wp:term_id>12</wp:term_id>
		<wp:term_taxonomy><![CDATA[fblgstp_course]]></wp:term_taxonomy>
		<wp:term_slug><![CDATA[dinner]]></wp:term_slug>
		<wp:term_parent><![CDATA[]]></wp:term_parent>
		<wp:term_name><![CDATA[Dinner]]></wp:term_name>
		<wp:term_description><![CDATA[Lorem ipsum dolor sit amet, consetetur sadipscing elitr, sed diam nonumy eirmod tempor invidunt ut labore et dolore magna aliquyam erat, sed diam voluptua. At vero eos et accusam et justo duo dolores et ea rebum.]]></wp:term_description>
	</wp:term>
		<wp:term>
		<wp:term_id>13</wp:term_id>
		<wp:term_taxonomy><![CDATA[fblgstp_course]]></wp:term_taxonomy>
		<wp:term_slug><![CDATA[supper]]></wp:term_slug>
		<wp:term_parent><![CDATA[]]></wp:term_parent>
		<wp:term_name><![CDATA[Supper]]></wp:term_name>
		<wp:term_description><![CDATA[Lorem ipsum dolor sit amet, consetetur sadipscing elitr, sed diam nonumy eirmod tempor invidunt ut labore et dolore magna aliquyam erat, sed diam voluptua. At vero eos et accusam et justo duo dolores et ea rebum. ]]></wp:term_description>
	</wp:term>
		<wp:term>
		<wp:term_id>11</wp:term_id>
		<wp:term_taxonomy><![CDATA[fblgstp_cuisine]]></wp:term_taxonomy>
		<wp:term_slug><![CDATA[test-cuisine]]></wp:term_slug>
		<wp:term_parent><![CDATA[]]></wp:term_parent>
		<wp:term_name><![CDATA[Test]]></wp:term_name>
		<wp:term_description><![CDATA[Test test test ipsum]]></wp:term_description>
		<wp:termmeta>
			<wp:meta_key><![CDATA[fblgstp_more_info_url]]></wp:meta_key>
			<wp:meta_value><![CDATA[https://test.com]]></wp:meta_value>
		</wp:termmeta>
	</wp:term>
		
	<generator>https://wordpress.org/?v=6.7.2</generator>

		<item>
		<title><![CDATA[logo-Bon_AppÃ©tit]]></title>
		<link>http://localhost:8080/?attachment_id=17</link>
		<pubDate>Wed, 14 May 2025 08:15:08 +0000</pubDate>
		<dc:creator><![CDATA[admin]]></dc:creator>
		<guid isPermaLink="false">http://localhost:8080/wp-content/uploads/2025/05/logo-Bon_Appetit-1.png</guid>
		<description></description>
		<content:encoded><![CDATA[]]></content:encoded>
		<excerpt:encoded><![CDATA[]]></excerpt:encoded>
		<wp:post_id>17</wp:post_id>
		<wp:post_date><![CDATA[2025-05-14 08:15:08]]></wp:post_date>
		<wp:post_date_gmt><![CDATA[2025-05-14 08:15:08]]></wp:post_date_gmt>
		<wp:post_modified><![CDATA[2025-05-14 08:15:08]]></wp:post_modified>
		<wp:post_modified_gmt><![CDATA[2025-05-14 08:15:08]]></wp:post_modified_gmt>
		<wp:comment_status><![CDATA[open]]></wp:comment_status>
		<wp:ping_status><![CDATA[closed]]></wp:ping_status>
		<wp:post_name><![CDATA[logo-bon_appetit]]></wp:post_name>
		<wp:status><![CDATA[inherit]]></wp:status>
		<wp:post_parent>0</wp:post_parent>
		<wp:menu_order>0</wp:menu_order>
		<wp:post_type><![CDATA[attachment]]></wp:post_type>
		<wp:post_password><![CDATA[]]></wp:post_password>
		<wp:is_sticky>0</wp:is_sticky>
						<wp:attachment_url><![CDATA[http://localhost:8080/wp-content/uploads/2025/05/logo-Bon_Appetit-1.png]]></wp:attachment_url>
											<wp:postmeta>
		<wp:meta_key><![CDATA[_wp_attached_file]]></wp:meta_key>
		<wp:meta_value><![CDATA[2025/05/logo-Bon_Appetit-1.png]]></wp:meta_value>
		</wp:postmeta>
							<wp:postmeta>
		<wp:meta_key><![CDATA[_wp_attachment_metadata]]></wp:meta_key>
		<wp:meta_value><![CDATA[a:6:{s:5:"width";i:1744;s:6:"height";i:365;s:4:"file";s:30:"2025/05/logo-Bon_Appetit-1.png";s:8:"filesize";i:30417;s:5:"sizes";a:5:{s:6:"medium";a:5:{s:4:"file";s:29:"logo-Bon_Appetit-1-300x63.png";s:5:"width";i:300;s:6:"height";i:63;s:9:"mime-type";s:9:"image/png";s:8:"filesize";i:7456;}s:5:"large";a:5:{s:4:"file";s:31:"logo-Bon_Appetit-1-1024x214.png";s:5:"width";i:1024;s:6:"height";i:214;s:9:"mime-type";s:9:"image/png";s:8:"filesize";i:27975;}s:9:"thumbnail";a:5:{s:4:"file";s:30:"logo-Bon_Appetit-1-150x150.png";s:5:"width";i:150;s:6:"height";i:150;s:9:"mime-type";s:9:"image/png";s:8:"filesize";i:5059;}s:12:"medium_large";a:5:{s:4:"file";s:30:"logo-Bon_Appetit-1-768x161.png";s:5:"width";i:768;s:6:"height";i:161;s:9:"mime-type";s:9:"image/png";s:8:"filesize";i:20711;}s:9:"1536x1536";a:5:{s:4:"file";s:31:"logo-Bon_Appetit-1-1536x321.png";s:5:"width";i:1536;s:6:"height";i:321;s:9:"mime-type";s:9:"image/png";s:8:"filesize";i:44220;}}s:10:"image_meta";a:12:{s:8:"aperture";s:1:"0";s:6:"credit";s:0:"";s:6:"camera";s:0:"";s:7:"caption";s:0:"";s:17:"created_timestamp";s:1:"0";s:9:"copyright";s:0:"";s:12:"focal_length";s:1:"0";s:3:"iso";s:1:"0";s:13:"shutter_speed";s:1:"0";s:5:"title";s:0:"";s:11:"orientation";s:1:"0";s:8:"keywords";a:0:{}}}]]></wp:meta_value>
		</wp:postmeta>
							</item>
					<item>
		<title><![CDATA[logo-BuzzFeed]]></title>
		<link>http://localhost:8080/?attachment_id=18</link>
		<pubDate>Wed, 14 May 2025 08:15:34 +0000</pubDate>
		<dc:creator><![CDATA[admin]]></dc:creator>
		<guid isPermaLink="false">http://localhost:8080/wp-content/uploads/2025/05/logo-BuzzFeed-1.png</guid>
		<description></description>
		<content:encoded><![CDATA[]]></content:encoded>
		<excerpt:encoded><![CDATA[]]></excerpt:encoded>
		<wp:post_id>18</wp:post_id>
		<wp:post_date><![CDATA[2025-05-14 08:15:34]]></wp:post_date>
		<wp:post_date_gmt><![CDATA[2025-05-14 08:15:34]]></wp:post_date_gmt>
		<wp:post_modified><![CDATA[2025-05-14 08:15:34]]></wp:post_modified>
		<wp:post_modified_gmt><![CDATA[2025-05-14 08:15:34]]></wp:post_modified_gmt>
		<wp:comment_status><![CDATA[open]]></wp:comment_status>
		<wp:ping_status><![CDATA[closed]]></wp:ping_status>
		<wp:post_name><![CDATA[logo-buzzfeed]]></wp:post_name>
		<wp:status><![CDATA[inherit]]></wp:status>
		<wp:post_parent>0</wp:post_parent>
		<wp:menu_order>0</wp:menu_order>
		<wp:post_type><![CDATA[attachment]]></wp:post_type>
		<wp:post_password><![CDATA[]]></wp:post_password>
		<wp:is_sticky>0</wp:is_sticky>
						<wp:attachment_url><![CDATA[http://localhost:8080/wp-content/uploads/2025/05/logo-BuzzFeed-1.png]]></wp:attachment_url>
											<wp:postmeta>
		<wp:meta_key><![CDATA[_wp_attached_file]]></wp:meta_key>
		<wp:meta_value><![CDATA[2025/05/logo-BuzzFeed-1.png]]></wp:meta_value>
		</wp:postmeta>
							<wp:postmeta>
		<wp:meta_key><![CDATA[_wp_attachment_metadata]]></wp:meta_key>
		<wp:meta_value><![CDATA[a:6:{s:5:"width";i:3564;s:6:"height";i:634;s:4:"file";s:27:"2025/05/logo-BuzzFeed-1.png";s:8:"filesize";i:48937;s:5:"sizes";a:6:{s:6:"medium";a:5:{s:4:"file";s:26:"logo-BuzzFeed-1-300x53.png";s:5:"width";i:300;s:6:"height";i:53;s:9:"mime-type";s:9:"image/png";s:8:"filesize";i:5044;}s:5:"large";a:5:{s:4:"file";s:28:"logo-BuzzFeed-1-1024x182.png";s:5:"width";i:1024;s:6:"height";i:182;s:9:"mime-type";s:9:"image/png";s:8:"filesize";i:18158;}s:9:"thumbnail";a:5:{s:4:"file";s:27:"logo-BuzzFeed-1-150x150.png";s:5:"width";i:150;s:6:"height";i:150;s:9:"mime-type";s:9:"image/png";s:8:"filesize";i:1492;}s:12:"medium_large";a:5:{s:4:"file";s:27:"logo-BuzzFeed-1-768x137.png";s:5:"width";i:768;s:6:"height";i:137;s:9:"mime-type";s:9:"image/png";s:8:"filesize";i:13271;}s:9:"1536x1536";a:5:{s:4:"file";s:28:"logo-BuzzFeed-1-1536x273.png";s:5:"width";i:1536;s:6:"height";i:273;s:9:"mime-type";s:9:"image/png";s:8:"filesize";i:28513;}s:9:"2048x2048";a:5:{s:4:"file";s:28:"logo-BuzzFeed-1-2048x364.png";s:5:"width";i:2048;s:6:"height";i:364;s:9:"mime-type";s:9:"image/png";s:8:"filesize";i:39353;}}s:10:"image_meta";a:12:{s:8:"aperture";s:1:"0";s:6:"credit";s:0:"";s:6:"camera";s:0:"";s:7:"caption";s:0:"";s:17:"created_timestamp";s:1:"0";s:9:"copyright";s:0:"";s:12:"focal_length";s:1:"0";s:3:"iso";s:1:"0";s:13:"shutter_speed";s:1:"0";s:5:"title";s:0:"";s:11:"orientation";s:1:"0";s:8:"keywords";a:0:{}}}]]></wp:meta_value>
		</wp:postmeta>
							</item>
					<item>
		<title><![CDATA[logo-NewYorkTimes]]></title>
		<link>http://localhost:8080/?attachment_id=19</link>
		<pubDate>Wed, 14 May 2025 08:15:54 +0000</pubDate>
		<dc:creator><![CDATA[admin]]></dc:creator>
		<guid isPermaLink="false">http://localhost:8080/wp-content/uploads/2025/05/logo-NewYorkTimes-1.png</guid>
		<description></description>
		<content:encoded><![CDATA[]]></content:encoded>
		<excerpt:encoded><![CDATA[]]></excerpt:encoded>
		<wp:post_id>19</wp:post_id>
		<wp:post_date><![CDATA[2025-05-14 08:15:54]]></wp:post_date>
		<wp:post_date_gmt><![CDATA[2025-05-14 08:15:54]]></wp:post_date_gmt>
		<wp:post_modified><![CDATA[2025-05-14 08:15:54]]></wp:post_modified>
		<wp:post_modified_gmt><![CDATA[2025-05-14 08:15:54]]></wp:post_modified_gmt>
		<wp:comment_status><![CDATA[open]]></wp:comment_status>
		<wp:ping_status><![CDATA[closed]]></wp:ping_status>
		<wp:post_name><![CDATA[logo-newyorktimes]]></wp:post_name>
		<wp:status><![CDATA[inherit]]></wp:status>
		<wp:post_parent>0</wp:post_parent>
		<wp:menu_order>0</wp:menu_order>
		<wp:post_type><![CDATA[attachment]]></wp:post_type>
		<wp:post_password><![CDATA[]]></wp:post_password>
		<wp:is_sticky>0</wp:is_sticky>
						<wp:attachment_url><![CDATA[http://localhost:8080/wp-content/uploads/2025/05/logo-NewYorkTimes-1.png]]></wp:attachment_url>
											<wp:postmeta>
		<wp:meta_key><![CDATA[_wp_attached_file]]></wp:meta_key>
		<wp:meta_value><![CDATA[2025/05/logo-NewYorkTimes-1.png]]></wp:meta_value>
		</wp:postmeta>
							<wp:postmeta>
		<wp:meta_key><![CDATA[_wp_attachment_metadata]]></wp:meta_key>
		<wp:meta_value><![CDATA[a:6:{s:5:"width";i:771;s:6:"height";i:105;s:4:"file";s:31:"2025/05/logo-NewYorkTimes-1.png";s:8:"filesize";i:13982;s:5:"sizes";a:3:{s:6:"medium";a:5:{s:4:"file";s:30:"logo-NewYorkTimes-1-300x41.png";s:5:"width";i:300;s:6:"height";i:41;s:9:"mime-type";s:9:"image/png";s:8:"filesize";i:5755;}s:9:"thumbnail";a:5:{s:4:"file";s:31:"logo-NewYorkTimes-1-150x105.png";s:5:"width";i:150;s:6:"height";i:105;s:9:"mime-type";s:9:"image/png";s:8:"filesize";i:1529;}s:12:"medium_large";a:5:{s:4:"file";s:31:"logo-NewYorkTimes-1-768x105.png";s:5:"width";i:768;s:6:"height";i:105;s:9:"mime-type";s:9:"image/png";s:8:"filesize";i:13842;}}s:10:"image_meta";a:12:{s:8:"aperture";s:1:"0";s:6:"credit";s:0:"";s:6:"camera";s:0:"";s:7:"caption";s:0:"";s:17:"created_timestamp";s:1:"0";s:9:"copyright";s:0:"";s:12:"focal_length";s:1:"0";s:3:"iso";s:1:"0";s:13:"shutter_speed";s:1:"0";s:5:"title";s:0:"";s:11:"orientation";s:1:"0";s:8:"keywords";a:0:{}}}]]></wp:meta_value>
		</wp:postmeta>
							</item>
					<item>
		<title><![CDATA[logo-The_New_Yorker]]></title>
		<link>http://localhost:8080/?attachment_id=20</link>
		<pubDate>Wed, 14 May 2025 08:17:30 +0000</pubDate>
		<dc:creator><![CDATA[admin]]></dc:creator>
		<guid isPermaLink="false">http://localhost:8080/wp-content/uploads/2025/05/logo-The_New_Yorker-1.png</guid>
		<description></description>
		<content:encoded><![CDATA[]]></content:encoded>
		<excerpt:encoded><![CDATA[]]></excerpt:encoded>
		<wp:post_id>20</wp:post_id>
		<wp:post_date><![CDATA[2025-05-14 08:17:30]]></wp:post_date>
		<wp:post_date_gmt><![CDATA[2025-05-14 08:17:30]]></wp:post_date_gmt>
		<wp:post_modified><![CDATA[2025-05-14 08:17:30]]></wp:post_modified>
		<wp:post_modified_gmt><![CDATA[2025-05-14 08:17:30]]></wp:post_modified_gmt>
		<wp:comment_status><![CDATA[open]]></wp:comment_status>
		<wp:ping_status><![CDATA[closed]]></wp:ping_status>
		<wp:post_name><![CDATA[logo-the_new_yorker]]></wp:post_name>
		<wp:status><![CDATA[inherit]]></wp:status>
		<wp:post_parent>0</wp:post_parent>
		<wp:menu_order>0</wp:menu_order>
		<wp:post_type><![CDATA[attachment]]></wp:post_type>
		<wp:post_password><![CDATA[]]></wp:post_password>
		<wp:is_sticky>0</wp:is_sticky>
						<wp:attachment_url><![CDATA[http://localhost:8080/wp-content/uploads/2025/05/logo-The_New_Yorker-1.png]]></wp:attachment_url>
											<wp:postmeta>
		<wp:meta_key><![CDATA[_wp_attached_file]]></wp:meta_key>
		<wp:meta_value><![CDATA[2025/05/logo-The_New_Yorker-1.png]]></wp:meta_value>
		</wp:postmeta>
							<wp:postmeta>
		<wp:meta_key><![CDATA[_wp_attachment_metadata]]></wp:meta_key>
		<wp:meta_value><![CDATA[a:6:{s:5:"width";i:1393;s:6:"height";i:157;s:4:"file";s:33:"2025/05/logo-The_New_Yorker-1.png";s:8:"filesize";i:19311;s:5:"sizes";a:4:{s:6:"medium";a:5:{s:4:"file";s:32:"logo-The_New_Yorker-1-300x34.png";s:5:"width";i:300;s:6:"height";i:34;s:9:"mime-type";s:9:"image/png";s:8:"filesize";i:4567;}s:5:"large";a:5:{s:4:"file";s:34:"logo-The_New_Yorker-1-1024x115.png";s:5:"width";i:1024;s:6:"height";i:115;s:9:"mime-type";s:9:"image/png";s:8:"filesize";i:16579;}s:9:"thumbnail";a:5:{s:4:"file";s:33:"logo-The_New_Yorker-1-150x150.png";s:5:"width";i:150;s:6:"height";i:150;s:9:"mime-type";s:9:"image/png";s:8:"filesize";i:4314;}s:12:"medium_large";a:5:{s:4:"file";s:32:"logo-The_New_Yorker-1-768x87.png";s:5:"width";i:768;s:6:"height";i:87;s:9:"mime-type";s:9:"image/png";s:8:"filesize";i:12339;}}s:10:"image_meta";a:12:{s:8:"aperture";s:1:"0";s:6:"credit";s:0:"";s:6:"camera";s:0:"";s:7:"caption";s:0:"";s:17:"created_timestamp";s:1:"0";s:9:"copyright";s:0:"";s:12:"focal_length";s:1:"0";s:3:"iso";s:1:"0";s:13:"shutter_speed";s:1:"0";s:5:"title";s:0:"";s:11:"orientation";s:1:"0";s:8:"keywords";a:0:{}}}]]></wp:meta_value>
		</wp:postmeta>
							</item>
					<item>
		<title><![CDATA[logo-Washington_Post_Newspaper]]></title>
		<link>http://localhost:8080/?attachment_id=21</link>
		<pubDate>Wed, 14 May 2025 08:18:19 +0000</pubDate>
		<dc:creator><![CDATA[admin]]></dc:creator>
		<guid isPermaLink="false">http://localhost:8080/wp-content/uploads/2025/05/logo-Washington_Post_Newspaper-1.png</guid>
		<description></description>
		<content:encoded><![CDATA[]]></content:encoded>
		<excerpt:encoded><![CDATA[]]></excerpt:encoded>
		<wp:post_id>21</wp:post_id>
		<wp:post_date><![CDATA[2025-05-14 08:18:19]]></wp:post_date>
		<wp:post_date_gmt><![CDATA[2025-05-14 08:18:19]]></wp:post_date_gmt>
		<wp:post_modified><![CDATA[2025-05-14 08:18:19]]></wp:post_modified>
		<wp:post_modified_gmt><![CDATA[2025-05-14 08:18:19]]></wp:post_modified_gmt>
		<wp:comment_status><![CDATA[open]]></wp:comment_status>
		<wp:ping_status><![CDATA[closed]]></wp:ping_status>
		<wp:post_name><![CDATA[logo-washington_post_newspaper]]></wp:post_name>
		<wp:status><![CDATA[inherit]]></wp:status>
		<wp:post_parent>0</wp:post_parent>
		<wp:menu_order>0</wp:menu_order>
		<wp:post_type><![CDATA[attachment]]></wp:post_type>
		<wp:post_password><![CDATA[]]></wp:post_password>
		<wp:is_sticky>0</wp:is_sticky>
						<wp:attachment_url><![CDATA[http://localhost:8080/wp-content/uploads/2025/05/logo-Washington_Post_Newspaper-1.png]]></wp:attachment_url>
											<wp:postmeta>
		<wp:meta_key><![CDATA[_wp_attached_file]]></wp:meta_key>
		<wp:meta_value><![CDATA[2025/05/logo-Washington_Post_Newspaper-1.png]]></wp:meta_value>
		</wp:postmeta>
							<wp:postmeta>
		<wp:meta_key><![CDATA[_wp_attachment_metadata]]></wp:meta_key>
		<wp:meta_value><![CDATA[a:6:{s:5:"width";i:1929;s:6:"height";i:299;s:4:"file";s:44:"2025/05/logo-Washington_Post_Newspaper-1.png";s:8:"filesize";i:46452;s:5:"sizes";a:5:{s:6:"medium";a:5:{s:4:"file";s:43:"logo-Washington_Post_Newspaper-1-300x47.png";s:5:"width";i:300;s:6:"height";i:47;s:9:"mime-type";s:9:"image/png";s:8:"filesize";i:7872;}s:5:"large";a:5:{s:4:"file";s:45:"logo-Washington_Post_Newspaper-1-1024x159.png";s:5:"width";i:1024;s:6:"height";i:159;s:9:"mime-type";s:9:"image/png";s:8:"filesize";i:39916;}s:9:"thumbnail";a:5:{s:4:"file";s:44:"logo-Washington_Post_Newspaper-1-150x150.png";s:5:"width";i:150;s:6:"height";i:150;s:9:"mime-type";s:9:"image/png";s:8:"filesize";i:6542;}s:12:"medium_large";a:5:{s:4:"file";s:44:"logo-Washington_Post_Newspaper-1-768x119.png";s:5:"width";i:768;s:6:"height";i:119;s:9:"mime-type";s:9:"image/png";s:8:"filesize";i:26552;}s:9:"1536x1536";a:5:{s:4:"file";s:45:"logo-Washington_Post_Newspaper-1-1536x238.png";s:5:"width";i:1536;s:6:"height";i:238;s:9:"mime-type";s:9:"image/png";s:8:"filesize";i:68114;}}s:10:"image_meta";a:12:{s:8:"aperture";s:1:"0";s:6:"credit";s:0:"";s:6:"camera";s:0:"";s:7:"caption";s:0:"";s:17:"created_timestamp";s:1:"0";s:9:"copyright";s:0:"";s:12:"focal_length";s:1:"0";s:3:"iso";s:1:"0";s:13:"shutter_speed";s:1:"0";s:5:"title";s:0:"";s:11:"orientation";s:1:"0";s:8:"keywords";a:0:{}}}]]></wp:meta_value>
		</wp:postmeta>
							</item>
					<item>
		<title><![CDATA[cook-02]]></title>
		<link>http://localhost:8080/?attachment_id=22</link>
		<pubDate>Wed, 14 May 2025 08:41:54 +0000</pubDate>
		<dc:creator><![CDATA[admin]]></dc:creator>
		<guid isPermaLink="false">http://localhost:8080/wp-content/uploads/2025/05/cook-02-1.jpg</guid>
		<description></description>
		<content:encoded><![CDATA[]]></content:encoded>
		<excerpt:encoded><![CDATA[]]></excerpt:encoded>
		<wp:post_id>22</wp:post_id>
		<wp:post_date><![CDATA[2025-05-14 08:41:54]]></wp:post_date>
		<wp:post_date_gmt><![CDATA[2025-05-14 08:41:54]]></wp:post_date_gmt>
		<wp:post_modified><![CDATA[2025-05-14 08:41:54]]></wp:post_modified>
		<wp:post_modified_gmt><![CDATA[2025-05-14 08:41:54]]></wp:post_modified_gmt>
		<wp:comment_status><![CDATA[open]]></wp:comment_status>
		<wp:ping_status><![CDATA[closed]]></wp:ping_status>
		<wp:post_name><![CDATA[cook-02]]></wp:post_name>
		<wp:status><![CDATA[inherit]]></wp:status>
		<wp:post_parent>0</wp:post_parent>
		<wp:menu_order>0</wp:menu_order>
		<wp:post_type><![CDATA[attachment]]></wp:post_type>
		<wp:post_password><![CDATA[]]></wp:post_password>
		<wp:is_sticky>0</wp:is_sticky>
						<wp:attachment_url><![CDATA[http://localhost:8080/wp-content/uploads/2025/05/cook-02-1.jpg]]></wp:attachment_url>
											<wp:postmeta>
		<wp:meta_key><![CDATA[_wp_attached_file]]></wp:meta_key>
		<wp:meta_value><![CDATA[2025/05/cook-02-1.jpg]]></wp:meta_value>
		</wp:postmeta>
							<wp:postmeta>
		<wp:meta_key><![CDATA[_wp_attachment_metadata]]></wp:meta_key>
		<wp:meta_value><![CDATA[a:6:{s:5:"width";i:1980;s:6:"height";i:1320;s:4:"file";s:21:"2025/05/cook-02-1.jpg";s:8:"filesize";i:568636;s:5:"sizes";a:5:{s:6:"medium";a:5:{s:4:"file";s:21:"cook-02-1-300x200.jpg";s:5:"width";i:300;s:6:"height";i:200;s:9:"mime-type";s:10:"image/jpeg";s:8:"filesize";i:20947;}s:5:"large";a:5:{s:4:"file";s:22:"cook-02-1-1024x683.jpg";s:5:"width";i:1024;s:6:"height";i:683;s:9:"mime-type";s:10:"image/jpeg";s:8:"filesize";i:126758;}s:9:"thumbnail";a:5:{s:4:"file";s:21:"cook-02-1-150x150.jpg";s:5:"width";i:150;s:6:"height";i:150;s:9:"mime-type";s:10:"image/jpeg";s:8:"filesize";i:10560;}s:12:"medium_large";a:5:{s:4:"file";s:21:"cook-02-1-768x512.jpg";s:5:"width";i:768;s:6:"height";i:512;s:9:"mime-type";s:10:"image/jpeg";s:8:"filesize";i:80858;}s:9:"1536x1536";a:5:{s:4:"file";s:23:"cook-02-1-1536x1024.jpg";s:5:"width";i:1536;s:6:"height";i:1024;s:9:"mime-type";s:10:"image/jpeg";s:8:"filesize";i:240807;}}s:10:"image_meta";a:12:{s:8:"aperture";s:1:"0";s:6:"credit";s:0:"";s:6:"camera";s:0:"";s:7:"caption";s:0:"";s:17:"created_timestamp";s:1:"0";s:9:"copyright";s:0:"";s:12:"focal_length";s:1:"0";s:3:"iso";s:1:"0";s:13:"shutter_speed";s:1:"0";s:5:"title";s:0:"";s:11:"orientation";s:1:"0";s:8:"keywords";a:0:{}}}]]></wp:meta_value>
		</wp:postmeta>
							</item>
					<item>
		<title><![CDATA[overview-02]]></title>
		<link>http://localhost:8080/?attachment_id=23</link>
		<pubDate>Wed, 14 May 2025 08:47:43 +0000</pubDate>
		<dc:creator><![CDATA[admin]]></dc:creator>
		<guid isPermaLink="false">http://localhost:8080/wp-content/uploads/2025/05/overview-02-1.jpg</guid>
		<description></description>
		<content:encoded><![CDATA[]]></content:encoded>
		<excerpt:encoded><![CDATA[]]></excerpt:encoded>
		<wp:post_id>23</wp:post_id>
		<wp:post_date><![CDATA[2025-05-14 08:47:43]]></wp:post_date>
		<wp:post_date_gmt><![CDATA[2025-05-14 08:47:43]]></wp:post_date_gmt>
		<wp:post_modified><![CDATA[2025-05-14 08:47:43]]></wp:post_modified>
		<wp:post_modified_gmt><![CDATA[2025-05-14 08:47:43]]></wp:post_modified_gmt>
		<wp:comment_status><![CDATA[open]]></wp:comment_status>
		<wp:ping_status><![CDATA[closed]]></wp:ping_status>
		<wp:post_name><![CDATA[overview-02]]></wp:post_name>
		<wp:status><![CDATA[inherit]]></wp:status>
		<wp:post_parent>0</wp:post_parent>
		<wp:menu_order>0</wp:menu_order>
		<wp:post_type><![CDATA[attachment]]></wp:post_type>
		<wp:post_password><![CDATA[]]></wp:post_password>
		<wp:is_sticky>0</wp:is_sticky>
						<wp:attachment_url><![CDATA[http://localhost:8080/wp-content/uploads/2025/05/overview-02-1.jpg]]></wp:attachment_url>
											<wp:postmeta>
		<wp:meta_key><![CDATA[_wp_attached_file]]></wp:meta_key>
		<wp:meta_value><![CDATA[2025/05/overview-02-1.jpg]]></wp:meta_value>
		</wp:postmeta>
							<wp:postmeta>
		<wp:meta_key><![CDATA[_wp_attachment_metadata]]></wp:meta_key>
		<wp:meta_value><![CDATA[a:6:{s:5:"width";i:2089;s:6:"height";i:1393;s:4:"file";s:25:"2025/05/overview-02-1.jpg";s:8:"filesize";i:663850;s:5:"sizes";a:6:{s:6:"medium";a:5:{s:4:"file";s:25:"overview-02-1-300x200.jpg";s:5:"width";i:300;s:6:"height";i:200;s:9:"mime-type";s:10:"image/jpeg";s:8:"filesize";i:20938;}s:5:"large";a:5:{s:4:"file";s:26:"overview-02-1-1024x683.jpg";s:5:"width";i:1024;s:6:"height";i:683;s:9:"mime-type";s:10:"image/jpeg";s:8:"filesize";i:128218;}s:9:"thumbnail";a:5:{s:4:"file";s:25:"overview-02-1-150x150.jpg";s:5:"width";i:150;s:6:"height";i:150;s:9:"mime-type";s:10:"image/jpeg";s:8:"filesize";i:11012;}s:12:"medium_large";a:5:{s:4:"file";s:25:"overview-02-1-768x512.jpg";s:5:"width";i:768;s:6:"height";i:512;s:9:"mime-type";s:10:"image/jpeg";s:8:"filesize";i:80788;}s:9:"1536x1536";a:5:{s:4:"file";s:27:"overview-02-1-1536x1024.jpg";s:5:"width";i:1536;s:6:"height";i:1024;s:9:"mime-type";s:10:"image/jpeg";s:8:"filesize";i:247573;}s:9:"2048x2048";a:5:{s:4:"file";s:27:"overview-02-1-2048x1366.jpg";s:5:"width";i:2048;s:6:"height";i:1366;s:9:"mime-type";s:10:"image/jpeg";s:8:"filesize";i:403894;}}s:10:"image_meta";a:12:{s:8:"aperture";s:1:"0";s:6:"credit";s:0:"";s:6:"camera";s:0:"";s:7:"caption";s:0:"";s:17:"created_timestamp";s:1:"0";s:9:"copyright";s:0:"";s:12:"focal_length";s:1:"0";s:3:"iso";s:1:"0";s:13:"shutter_speed";s:1:"0";s:5:"title";s:0:"";s:11:"orientation";s:1:"0";s:8:"keywords";a:0:{}}}]]></wp:meta_value>
		</wp:postmeta>
							</item>
					<item>
		<title><![CDATA[another-poke-bowl]]></title>
		<link>http://localhost:8080/?attachment_id=76</link>
		<pubDate>Sun, 01 Jun 2025 19:39:11 +0000</pubDate>
		<dc:creator><![CDATA[admin]]></dc:creator>
		<guid isPermaLink="false">http://localhost:8080/wp-content/uploads/2025/06/another-poke-bowl.jpg</guid>
		<description></description>
		<content:encoded><![CDATA[]]></content:encoded>
		<excerpt:encoded><![CDATA[]]></excerpt:encoded>
		<wp:post_id>76</wp:post_id>
		<wp:post_date><![CDATA[2025-06-01 19:39:11]]></wp:post_date>
		<wp:post_date_gmt><![CDATA[2025-06-01 19:39:11]]></wp:post_date_gmt>
		<wp:post_modified><![CDATA[2025-06-01 19:39:11]]></wp:post_modified>
		<wp:post_modified_gmt><![CDATA[2025-06-01 19:39:11]]></wp:post_modified_gmt>
		<wp:comment_status><![CDATA[open]]></wp:comment_status>
		<wp:ping_status><![CDATA[closed]]></wp:ping_status>
		<wp:post_name><![CDATA[another-poke-bowl]]></wp:post_name>
		<wp:status><![CDATA[inherit]]></wp:status>
		<wp:post_parent>75</wp:post_parent>
		<wp:menu_order>0</wp:menu_order>
		<wp:post_type><![CDATA[attachment]]></wp:post_type>
		<wp:post_password><![CDATA[]]></wp:post_password>
		<wp:is_sticky>0</wp:is_sticky>
						<wp:attachment_url><![CDATA[http://localhost:8080/wp-content/uploads/2025/06/another-poke-bowl.jpg]]></wp:attachment_url>
											<wp:postmeta>
		<wp:meta_key><![CDATA[_wp_attached_file]]></wp:meta_key>
		<wp:meta_value><![CDATA[2025/06/another-poke-bowl.jpg]]></wp:meta_value>
		</wp:postmeta>
							<wp:postmeta>
		<wp:meta_key><![CDATA[_wp_attachment_metadata]]></wp:meta_key>
		<wp:meta_value><![CDATA[a:6:{s:5:"width";i:1091;s:6:"height";i:1636;s:4:"file";s:29:"2025/06/another-poke-bowl.jpg";s:8:"filesize";i:931394;s:5:"sizes";a:5:{s:6:"medium";a:5:{s:4:"file";s:29:"another-poke-bowl-200x300.jpg";s:5:"width";i:200;s:6:"height";i:300;s:9:"mime-type";s:10:"image/jpeg";s:8:"filesize";i:30907;}s:5:"large";a:5:{s:4:"file";s:30:"another-poke-bowl-683x1024.jpg";s:5:"width";i:683;s:6:"height";i:1024;s:9:"mime-type";s:10:"image/jpeg";s:8:"filesize";i:264536;}s:9:"thumbnail";a:5:{s:4:"file";s:29:"another-poke-bowl-150x150.jpg";s:5:"width";i:150;s:6:"height";i:150;s:9:"mime-type";s:10:"image/jpeg";s:8:"filesize";i:15436;}s:12:"medium_large";a:5:{s:4:"file";s:30:"another-poke-bowl-768x1152.jpg";s:5:"width";i:768;s:6:"height";i:1152;s:9:"mime-type";s:10:"image/jpeg";s:8:"filesize";i:323703;}s:9:"1536x1536";a:5:{s:4:"file";s:31:"another-poke-bowl-1024x1536.jpg";s:5:"width";i:1024;s:6:"height";i:1536;s:9:"mime-type";s:10:"image/jpeg";s:8:"filesize";i:524948;}}s:10:"image_meta";a:12:{s:8:"aperture";s:1:"0";s:6:"credit";s:0:"";s:6:"camera";s:0:"";s:7:"caption";s:0:"";s:17:"created_timestamp";s:1:"0";s:9:"copyright";s:0:"";s:12:"focal_length";s:1:"0";s:3:"iso";s:1:"0";s:13:"shutter_speed";s:1:"0";s:5:"title";s:0:"";s:11:"orientation";s:1:"0";s:8:"keywords";a:0:{}}}]]></wp:meta_value>
		</wp:postmeta>
							</item>
					<item>
		<title><![CDATA[big-salmon]]></title>
		<link>http://localhost:8080/?attachment_id=78</link>
		<pubDate>Sun, 01 Jun 2025 19:42:48 +0000</pubDate>
		<dc:creator><![CDATA[admin]]></dc:creator>
		<guid isPermaLink="false">http://localhost:8080/wp-content/uploads/2025/06/big-salmon.jpg</guid>
		<description></description>
		<content:encoded><![CDATA[]]></content:encoded>
		<excerpt:encoded><![CDATA[]]></excerpt:encoded>
		<wp:post_id>78</wp:post_id>
		<wp:post_date><![CDATA[2025-06-01 19:42:48]]></wp:post_date>
		<wp:post_date_gmt><![CDATA[2025-06-01 19:42:48]]></wp:post_date_gmt>
		<wp:post_modified><![CDATA[2025-06-01 19:42:48]]></wp:post_modified>
		<wp:post_modified_gmt><![CDATA[2025-06-01 19:42:48]]></wp:post_modified_gmt>
		<wp:comment_status><![CDATA[open]]></wp:comment_status>
		<wp:ping_status><![CDATA[closed]]></wp:ping_status>
		<wp:post_name><![CDATA[big-salmon]]></wp:post_name>
		<wp:status><![CDATA[inherit]]></wp:status>
		<wp:post_parent>77</wp:post_parent>
		<wp:menu_order>0</wp:menu_order>
		<wp:post_type><![CDATA[attachment]]></wp:post_type>
		<wp:post_password><![CDATA[]]></wp:post_password>
		<wp:is_sticky>0</wp:is_sticky>
						<wp:attachment_url><![CDATA[http://localhost:8080/wp-content/uploads/2025/06/big-salmon.jpg]]></wp:attachment_url>
											<wp:postmeta>
		<wp:meta_key><![CDATA[_wp_attached_file]]></wp:meta_key>
		<wp:meta_value><![CDATA[2025/06/big-salmon.jpg]]></wp:meta_value>
		</wp:postmeta>
							<wp:postmeta>
		<wp:meta_key><![CDATA[_wp_attachment_metadata]]></wp:meta_key>
		<wp:meta_value><![CDATA[a:6:{s:5:"width";i:1103;s:6:"height";i:1652;s:4:"file";s:22:"2025/06/big-salmon.jpg";s:8:"filesize";i:445303;s:5:"sizes";a:5:{s:6:"medium";a:5:{s:4:"file";s:22:"big-salmon-200x300.jpg";s:5:"width";i:200;s:6:"height";i:300;s:9:"mime-type";s:10:"image/jpeg";s:8:"filesize";i:14917;}s:5:"large";a:5:{s:4:"file";s:23:"big-salmon-684x1024.jpg";s:5:"width";i:684;s:6:"height";i:1024;s:9:"mime-type";s:10:"image/jpeg";s:8:"filesize";i:110124;}s:9:"thumbnail";a:5:{s:4:"file";s:22:"big-salmon-150x150.jpg";s:5:"width";i:150;s:6:"height";i:150;s:9:"mime-type";s:10:"image/jpeg";s:8:"filesize";i:9841;}s:12:"medium_large";a:5:{s:4:"file";s:23:"big-salmon-768x1150.jpg";s:5:"width";i:768;s:6:"height";i:1150;s:9:"mime-type";s:10:"image/jpeg";s:8:"filesize";i:136861;}s:9:"1536x1536";a:5:{s:4:"file";s:24:"big-salmon-1026x1536.jpg";s:5:"width";i:1026;s:6:"height";i:1536;s:9:"mime-type";s:10:"image/jpeg";s:8:"filesize";i:236314;}}s:10:"image_meta";a:12:{s:8:"aperture";s:1:"0";s:6:"credit";s:0:"";s:6:"camera";s:0:"";s:7:"caption";s:0:"";s:17:"created_timestamp";s:1:"0";s:9:"copyright";s:0:"";s:12:"focal_length";s:1:"0";s:3:"iso";s:1:"0";s:13:"shutter_speed";s:1:"0";s:5:"title";s:0:"";s:11:"orientation";s:1:"0";s:8:"keywords";a:0:{}}}]]></wp:meta_value>
		</wp:postmeta>
							</item>
					<item>
		<title><![CDATA[noodly-soup]]></title>
		<link>http://localhost:8080/?attachment_id=80</link>
		<pubDate>Sun, 01 Jun 2025 19:44:37 +0000</pubDate>
		<dc:creator><![CDATA[admin]]></dc:creator>
		<guid isPermaLink="false">http://localhost:8080/wp-content/uploads/2025/06/noodly-soup.jpg</guid>
		<description></description>
		<content:encoded><![CDATA[]]></content:encoded>
		<excerpt:encoded><![CDATA[]]></excerpt:encoded>
		<wp:post_id>80</wp:post_id>
		<wp:post_date><![CDATA[2025-06-01 19:44:37]]></wp:post_date>
		<wp:post_date_gmt><![CDATA[2025-06-01 19:44:37]]></wp:post_date_gmt>
		<wp:post_modified><![CDATA[2025-06-01 19:44:37]]></wp:post_modified>
		<wp:post_modified_gmt><![CDATA[2025-06-01 19:44:37]]></wp:post_modified_gmt>
		<wp:comment_status><![CDATA[open]]></wp:comment_status>
		<wp:ping_status><![CDATA[closed]]></wp:ping_status>
		<wp:post_name><![CDATA[noodly-soup]]></wp:post_name>
		<wp:status><![CDATA[inherit]]></wp:status>
		<wp:post_parent>79</wp:post_parent>
		<wp:menu_order>0</wp:menu_order>
		<wp:post_type><![CDATA[attachment]]></wp:post_type>
		<wp:post_password><![CDATA[]]></wp:post_password>
		<wp:is_sticky>0</wp:is_sticky>
						<wp:attachment_url><![CDATA[http://localhost:8080/wp-content/uploads/2025/06/noodly-soup.jpg]]></wp:attachment_url>
											<wp:postmeta>
		<wp:meta_key><![CDATA[_wp_attached_file]]></wp:meta_key>
		<wp:meta_value><![CDATA[2025/06/noodly-soup.jpg]]></wp:meta_value>
		</wp:postmeta>
							<wp:postmeta>
		<wp:meta_key><![CDATA[_wp_attachment_metadata]]></wp:meta_key>
		<wp:meta_value><![CDATA[a:6:{s:5:"width";i:1213;s:6:"height";i:1213;s:4:"file";s:23:"2025/06/noodly-soup.jpg";s:8:"filesize";i:955335;s:5:"sizes";a:4:{s:6:"medium";a:5:{s:4:"file";s:23:"noodly-soup-300x300.jpg";s:5:"width";i:300;s:6:"height";i:300;s:9:"mime-type";s:10:"image/jpeg";s:8:"filesize";i:42619;}s:5:"large";a:5:{s:4:"file";s:25:"noodly-soup-1024x1024.jpg";s:5:"width";i:1024;s:6:"height";i:1024;s:9:"mime-type";s:10:"image/jpeg";s:8:"filesize";i:344353;}s:9:"thumbnail";a:5:{s:4:"file";s:23:"noodly-soup-150x150.jpg";s:5:"width";i:150;s:6:"height";i:150;s:9:"mime-type";s:10:"image/jpeg";s:8:"filesize";i:14670;}s:12:"medium_large";a:5:{s:4:"file";s:23:"noodly-soup-768x768.jpg";s:5:"width";i:768;s:6:"height";i:768;s:9:"mime-type";s:10:"image/jpeg";s:8:"filesize";i:204809;}}s:10:"image_meta";a:12:{s:8:"aperture";s:1:"0";s:6:"credit";s:0:"";s:6:"camera";s:0:"";s:7:"caption";s:0:"";s:17:"created_timestamp";s:1:"0";s:9:"copyright";s:0:"";s:12:"focal_length";s:1:"0";s:3:"iso";s:1:"0";s:13:"shutter_speed";s:1:"0";s:5:"title";s:0:"";s:11:"orientation";s:1:"0";s:8:"keywords";a:0:{}}}]]></wp:meta_value>
		</wp:postmeta>
							</item>
					<item>
		<title><![CDATA[pasta-salad]]></title>
		<link>http://localhost:8080/?attachment_id=82</link>
		<pubDate>Sun, 01 Jun 2025 19:45:49 +0000</pubDate>
		<dc:creator><![CDATA[admin]]></dc:creator>
		<guid isPermaLink="false">http://localhost:8080/wp-content/uploads/2025/06/pasta-salad.jpg</guid>
		<description></description>
		<content:encoded><![CDATA[]]></content:encoded>
		<excerpt:encoded><![CDATA[]]></excerpt:encoded>
		<wp:post_id>82</wp:post_id>
		<wp:post_date><![CDATA[2025-06-01 19:45:49]]></wp:post_date>
		<wp:post_date_gmt><![CDATA[2025-06-01 19:45:49]]></wp:post_date_gmt>
		<wp:post_modified><![CDATA[2025-06-01 19:45:49]]></wp:post_modified>
		<wp:post_modified_gmt><![CDATA[2025-06-01 19:45:49]]></wp:post_modified_gmt>
		<wp:comment_status><![CDATA[open]]></wp:comment_status>
		<wp:ping_status><![CDATA[closed]]></wp:ping_status>
		<wp:post_name><![CDATA[pasta-salad]]></wp:post_name>
		<wp:status><![CDATA[inherit]]></wp:status>
		<wp:post_parent>81</wp:post_parent>
		<wp:menu_order>0</wp:menu_order>
		<wp:post_type><![CDATA[attachment]]></wp:post_type>
		<wp:post_password><![CDATA[]]></wp:post_password>
		<wp:is_sticky>0</wp:is_sticky>
						<wp:attachment_url><![CDATA[http://localhost:8080/wp-content/uploads/2025/06/pasta-salad.jpg]]></wp:attachment_url>
											<wp:postmeta>
		<wp:meta_key><![CDATA[_wp_attached_file]]></wp:meta_key>
		<wp:meta_value><![CDATA[2025/06/pasta-salad.jpg]]></wp:meta_value>
		</wp:postmeta>
							<wp:postmeta>
		<wp:meta_key><![CDATA[_wp_attachment_metadata]]></wp:meta_key>
		<wp:meta_value><![CDATA[a:6:{s:5:"width";i:1512;s:6:"height";i:1224;s:4:"file";s:23:"2025/06/pasta-salad.jpg";s:8:"filesize";i:446478;s:5:"sizes";a:4:{s:6:"medium";a:5:{s:4:"file";s:23:"pasta-salad-300x243.jpg";s:5:"width";i:300;s:6:"height";i:243;s:9:"mime-type";s:10:"image/jpeg";s:8:"filesize";i:21888;}s:5:"large";a:5:{s:4:"file";s:24:"pasta-salad-1024x829.jpg";s:5:"width";i:1024;s:6:"height";i:829;s:9:"mime-type";s:10:"image/jpeg";s:8:"filesize";i:141296;}s:9:"thumbnail";a:5:{s:4:"file";s:23:"pasta-salad-150x150.jpg";s:5:"width";i:150;s:6:"height";i:150;s:9:"mime-type";s:10:"image/jpeg";s:8:"filesize";i:11402;}s:12:"medium_large";a:5:{s:4:"file";s:23:"pasta-salad-768x622.jpg";s:5:"width";i:768;s:6:"height";i:622;s:9:"mime-type";s:10:"image/jpeg";s:8:"filesize";i:88526;}}s:10:"image_meta";a:12:{s:8:"aperture";s:1:"0";s:6:"credit";s:0:"";s:6:"camera";s:0:"";s:7:"caption";s:0:"";s:17:"created_timestamp";s:1:"0";s:9:"copyright";s:0:"";s:12:"focal_length";s:1:"0";s:3:"iso";s:1:"0";s:13:"shutter_speed";s:1:"0";s:5:"title";s:0:"";s:11:"orientation";s:1:"0";s:8:"keywords";a:0:{}}}]]></wp:meta_value>
		</wp:postmeta>
							</item>
					<item>
		<title><![CDATA[eggs-benedict]]></title>
		<link>http://localhost:8080/?attachment_id=84</link>
		<pubDate>Sun, 01 Jun 2025 19:47:11 +0000</pubDate>
		<dc:creator><![CDATA[admin]]></dc:creator>
		<guid isPermaLink="false">http://localhost:8080/wp-content/uploads/2025/06/eggs-benedict.jpg</guid>
		<description></description>
		<content:encoded><![CDATA[]]></content:encoded>
		<excerpt:encoded><![CDATA[]]></excerpt:encoded>
		<wp:post_id>84</wp:post_id>
		<wp:post_date><![CDATA[2025-06-01 19:47:11]]></wp:post_date>
		<wp:post_date_gmt><![CDATA[2025-06-01 19:47:11]]></wp:post_date_gmt>
		<wp:post_modified><![CDATA[2025-06-01 19:47:11]]></wp:post_modified>
		<wp:post_modified_gmt><![CDATA[2025-06-01 19:47:11]]></wp:post_modified_gmt>
		<wp:comment_status><![CDATA[open]]></wp:comment_status>
		<wp:ping_status><![CDATA[closed]]></wp:ping_status>
		<wp:post_name><![CDATA[eggs-benedict]]></wp:post_name>
		<wp:status><![CDATA[inherit]]></wp:status>
		<wp:post_parent>83</wp:post_parent>
		<wp:menu_order>0</wp:menu_order>
		<wp:post_type><![CDATA[attachment]]></wp:post_type>
		<wp:post_password><![CDATA[]]></wp:post_password>
		<wp:is_sticky>0</wp:is_sticky>
						<wp:attachment_url><![CDATA[http://localhost:8080/wp-content/uploads/2025/06/eggs-benedict.jpg]]></wp:attachment_url>
											<wp:postmeta>
		<wp:meta_key><![CDATA[_wp_attached_file]]></wp:meta_key>
		<wp:meta_value><![CDATA[2025/06/eggs-benedict.jpg]]></wp:meta_value>
		</wp:postmeta>
							<wp:postmeta>
		<wp:meta_key><![CDATA[_wp_attachment_metadata]]></wp:meta_key>
		<wp:meta_value><![CDATA[a:6:{s:5:"width";i:1320;s:6:"height";i:1650;s:4:"file";s:25:"2025/06/eggs-benedict.jpg";s:8:"filesize";i:441740;s:5:"sizes";a:5:{s:6:"medium";a:5:{s:4:"file";s:25:"eggs-benedict-240x300.jpg";s:5:"width";i:240;s:6:"height";i:300;s:9:"mime-type";s:10:"image/jpeg";s:8:"filesize";i:17567;}s:5:"large";a:5:{s:4:"file";s:26:"eggs-benedict-819x1024.jpg";s:5:"width";i:819;s:6:"height";i:1024;s:9:"mime-type";s:10:"image/jpeg";s:8:"filesize";i:110173;}s:9:"thumbnail";a:5:{s:4:"file";s:25:"eggs-benedict-150x150.jpg";s:5:"width";i:150;s:6:"height";i:150;s:9:"mime-type";s:10:"image/jpeg";s:8:"filesize";i:9911;}s:12:"medium_large";a:5:{s:4:"file";s:25:"eggs-benedict-768x960.jpg";s:5:"width";i:768;s:6:"height";i:960;s:9:"mime-type";s:10:"image/jpeg";s:8:"filesize";i:98388;}s:9:"1536x1536";a:5:{s:4:"file";s:27:"eggs-benedict-1229x1536.jpg";s:5:"width";i:1229;s:6:"height";i:1536;s:9:"mime-type";s:10:"image/jpeg";s:8:"filesize";i:227567;}}s:10:"image_meta";a:12:{s:8:"aperture";s:1:"0";s:6:"credit";s:0:"";s:6:"camera";s:0:"";s:7:"caption";s:0:"";s:17:"created_timestamp";s:1:"0";s:9:"copyright";s:0:"";s:12:"focal_length";s:1:"0";s:3:"iso";s:1:"0";s:13:"shutter_speed";s:1:"0";s:5:"title";s:0:"";s:11:"orientation";s:1:"0";s:8:"keywords";a:0:{}}}]]></wp:meta_value>
		</wp:postmeta>
							</item>
					<item>
		<title><![CDATA[egg-toast]]></title>
		<link>http://localhost:8080/?attachment_id=86</link>
		<pubDate>Sun, 01 Jun 2025 19:48:29 +0000</pubDate>
		<dc:creator><![CDATA[admin]]></dc:creator>
		<guid isPermaLink="false">http://localhost:8080/wp-content/uploads/2025/06/egg-toast.jpg</guid>
		<description></description>
		<content:encoded><![CDATA[]]></content:encoded>
		<excerpt:encoded><![CDATA[]]></excerpt:encoded>
		<wp:post_id>86</wp:post_id>
		<wp:post_date><![CDATA[2025-06-01 19:48:29]]></wp:post_date>
		<wp:post_date_gmt><![CDATA[2025-06-01 19:48:29]]></wp:post_date_gmt>
		<wp:post_modified><![CDATA[2025-06-01 19:48:29]]></wp:post_modified>
		<wp:post_modified_gmt><![CDATA[2025-06-01 19:48:29]]></wp:post_modified_gmt>
		<wp:comment_status><![CDATA[open]]></wp:comment_status>
		<wp:ping_status><![CDATA[closed]]></wp:ping_status>
		<wp:post_name><![CDATA[egg-toast]]></wp:post_name>
		<wp:status><![CDATA[inherit]]></wp:status>
		<wp:post_parent>85</wp:post_parent>
		<wp:menu_order>0</wp:menu_order>
		<wp:post_type><![CDATA[attachment]]></wp:post_type>
		<wp:post_password><![CDATA[]]></wp:post_password>
		<wp:is_sticky>0</wp:is_sticky>
						<wp:attachment_url><![CDATA[http://localhost:8080/wp-content/uploads/2025/06/egg-toast.jpg]]></wp:attachment_url>
											<wp:postmeta>
		<wp:meta_key><![CDATA[_wp_attached_file]]></wp:meta_key>
		<wp:meta_value><![CDATA[2025/06/egg-toast.jpg]]></wp:meta_value>
		</wp:postmeta>
							<wp:postmeta>
		<wp:meta_key><![CDATA[_wp_attachment_metadata]]></wp:meta_key>
		<wp:meta_value><![CDATA[a:6:{s:5:"width";i:1101;s:6:"height";i:1651;s:4:"file";s:21:"2025/06/egg-toast.jpg";s:8:"filesize";i:870511;s:5:"sizes";a:5:{s:6:"medium";a:5:{s:4:"file";s:21:"egg-toast-200x300.jpg";s:5:"width";i:200;s:6:"height";i:300;s:9:"mime-type";s:10:"image/jpeg";s:8:"filesize";i:20540;}s:5:"large";a:5:{s:4:"file";s:22:"egg-toast-683x1024.jpg";s:5:"width";i:683;s:6:"height";i:1024;s:9:"mime-type";s:10:"image/jpeg";s:8:"filesize";i:200900;}s:9:"thumbnail";a:5:{s:4:"file";s:21:"egg-toast-150x150.jpg";s:5:"width";i:150;s:6:"height";i:150;s:9:"mime-type";s:10:"image/jpeg";s:8:"filesize";i:11447;}s:12:"medium_large";a:5:{s:4:"file";s:22:"egg-toast-768x1152.jpg";s:5:"width";i:768;s:6:"height";i:1152;s:9:"mime-type";s:10:"image/jpeg";s:8:"filesize";i:252955;}s:9:"1536x1536";a:5:{s:4:"file";s:23:"egg-toast-1024x1536.jpg";s:5:"width";i:1024;s:6:"height";i:1536;s:9:"mime-type";s:10:"image/jpeg";s:8:"filesize";i:441465;}}s:10:"image_meta";a:12:{s:8:"aperture";s:1:"0";s:6:"credit";s:0:"";s:6:"camera";s:0:"";s:7:"caption";s:0:"";s:17:"created_timestamp";s:1:"0";s:9:"copyright";s:0:"";s:12:"focal_length";s:1:"0";s:3:"iso";s:1:"0";s:13:"shutter_speed";s:1:"0";s:5:"title";s:0:"";s:11:"orientation";s:1:"0";s:8:"keywords";a:0:{}}}]]></wp:meta_value>
		</wp:postmeta>
							</item>
					<item>
		<title><![CDATA[full-english]]></title>
		<link>http://localhost:8080/?attachment_id=88</link>
		<pubDate>Sun, 01 Jun 2025 19:49:48 +0000</pubDate>
		<dc:creator><![CDATA[admin]]></dc:creator>
		<guid isPermaLink="false">http://localhost:8080/wp-content/uploads/2025/06/full-english.jpg</guid>
		<description></description>
		<content:encoded><![CDATA[]]></content:encoded>
		<excerpt:encoded><![CDATA[]]></excerpt:encoded>
		<wp:post_id>88</wp:post_id>
		<wp:post_date><![CDATA[2025-06-01 19:49:48]]></wp:post_date>
		<wp:post_date_gmt><![CDATA[2025-06-01 19:49:48]]></wp:post_date_gmt>
		<wp:post_modified><![CDATA[2025-06-01 19:49:48]]></wp:post_modified>
		<wp:post_modified_gmt><![CDATA[2025-06-01 19:49:48]]></wp:post_modified_gmt>
		<wp:comment_status><![CDATA[open]]></wp:comment_status>
		<wp:ping_status><![CDATA[closed]]></wp:ping_status>
		<wp:post_name><![CDATA[full-english]]></wp:post_name>
		<wp:status><![CDATA[inherit]]></wp:status>
		<wp:post_parent>87</wp:post_parent>
		<wp:menu_order>0</wp:menu_order>
		<wp:post_type><![CDATA[attachment]]></wp:post_type>
		<wp:post_password><![CDATA[]]></wp:post_password>
		<wp:is_sticky>0</wp:is_sticky>
						<wp:attachment_url><![CDATA[http://localhost:8080/wp-content/uploads/2025/06/full-english.jpg]]></wp:attachment_url>
											<wp:postmeta>
		<wp:meta_key><![CDATA[_wp_attached_file]]></wp:meta_key>
		<wp:meta_value><![CDATA[2025/06/full-english.jpg]]></wp:meta_value>
		</wp:postmeta>
							<wp:postmeta>
		<wp:meta_key><![CDATA[_wp_attachment_metadata]]></wp:meta_key>
		<wp:meta_value><![CDATA[a:6:{s:5:"width";i:1628;s:6:"height";i:1238;s:4:"file";s:24:"2025/06/full-english.jpg";s:8:"filesize";i:832945;s:5:"sizes";a:5:{s:6:"medium";a:5:{s:4:"file";s:24:"full-english-300x228.jpg";s:5:"width";i:300;s:6:"height";i:228;s:9:"mime-type";s:10:"image/jpeg";s:8:"filesize";i:25249;}s:5:"large";a:5:{s:4:"file";s:25:"full-english-1024x779.jpg";s:5:"width";i:1024;s:6:"height";i:779;s:9:"mime-type";s:10:"image/jpeg";s:8:"filesize";i:226696;}s:9:"thumbnail";a:5:{s:4:"file";s:24:"full-english-150x150.jpg";s:5:"width";i:150;s:6:"height";i:150;s:9:"mime-type";s:10:"image/jpeg";s:8:"filesize";i:11564;}s:12:"medium_large";a:5:{s:4:"file";s:24:"full-english-768x584.jpg";s:5:"width";i:768;s:6:"height";i:584;s:9:"mime-type";s:10:"image/jpeg";s:8:"filesize";i:131667;}s:9:"1536x1536";a:5:{s:4:"file";s:26:"full-english-1536x1168.jpg";s:5:"width";i:1536;s:6:"height";i:1168;s:9:"mime-type";s:10:"image/jpeg";s:8:"filesize";i:472652;}}s:10:"image_meta";a:12:{s:8:"aperture";s:1:"0";s:6:"credit";s:0:"";s:6:"camera";s:0:"";s:7:"caption";s:0:"";s:17:"created_timestamp";s:1:"0";s:9:"copyright";s:0:"";s:12:"focal_length";s:1:"0";s:3:"iso";s:1:"0";s:13:"shutter_speed";s:1:"0";s:5:"title";s:0:"";s:11:"orientation";s:1:"0";s:8:"keywords";a:0:{}}}]]></wp:meta_value>
		</wp:postmeta>
							</item>
					<item>
		<title><![CDATA[pancake]]></title>
		<link>http://localhost:8080/?attachment_id=90</link>
		<pubDate>Sun, 01 Jun 2025 19:50:26 +0000</pubDate>
		<dc:creator><![CDATA[admin]]></dc:creator>
		<guid isPermaLink="false">http://localhost:8080/wp-content/uploads/2025/06/pancake.jpg</guid>
		<description></description>
		<content:encoded><![CDATA[]]></content:encoded>
		<excerpt:encoded><![CDATA[]]></excerpt:encoded>
		<wp:post_id>90</wp:post_id>
		<wp:post_date><![CDATA[2025-06-01 19:50:26]]></wp:post_date>
		<wp:post_date_gmt><![CDATA[2025-06-01 19:50:26]]></wp:post_date_gmt>
		<wp:post_modified><![CDATA[2025-06-01 19:50:26]]></wp:post_modified>
		<wp:post_modified_gmt><![CDATA[2025-06-01 19:50:26]]></wp:post_modified_gmt>
		<wp:comment_status><![CDATA[open]]></wp:comment_status>
		<wp:ping_status><![CDATA[closed]]></wp:ping_status>
		<wp:post_name><![CDATA[pancake]]></wp:post_name>
		<wp:status><![CDATA[inherit]]></wp:status>
		<wp:post_parent>89</wp:post_parent>
		<wp:menu_order>0</wp:menu_order>
		<wp:post_type><![CDATA[attachment]]></wp:post_type>
		<wp:post_password><![CDATA[]]></wp:post_password>
		<wp:is_sticky>0</wp:is_sticky>
						<wp:attachment_url><![CDATA[http://localhost:8080/wp-content/uploads/2025/06/pancake.jpg]]></wp:attachment_url>
											<wp:postmeta>
		<wp:meta_key><![CDATA[_wp_attached_file]]></wp:meta_key>
		<wp:meta_value><![CDATA[2025/06/pancake.jpg]]></wp:meta_value>
		</wp:postmeta>
							<wp:postmeta>
		<wp:meta_key><![CDATA[_wp_attachment_metadata]]></wp:meta_key>
		<wp:meta_value><![CDATA[a:6:{s:5:"width";i:1140;s:6:"height";i:1637;s:4:"file";s:19:"2025/06/pancake.jpg";s:8:"filesize";i:671570;s:5:"sizes";a:5:{s:6:"medium";a:5:{s:4:"file";s:19:"pancake-209x300.jpg";s:5:"width";i:209;s:6:"height";i:300;s:9:"mime-type";s:10:"image/jpeg";s:8:"filesize";i:15639;}s:5:"large";a:5:{s:4:"file";s:20:"pancake-713x1024.jpg";s:5:"width";i:713;s:6:"height";i:1024;s:9:"mime-type";s:10:"image/jpeg";s:8:"filesize";i:119180;}s:9:"thumbnail";a:5:{s:4:"file";s:19:"pancake-150x150.jpg";s:5:"width";i:150;s:6:"height";i:150;s:9:"mime-type";s:10:"image/jpeg";s:8:"filesize";i:9551;}s:12:"medium_large";a:5:{s:4:"file";s:20:"pancake-768x1103.jpg";s:5:"width";i:768;s:6:"height";i:1103;s:9:"mime-type";s:10:"image/jpeg";s:8:"filesize";i:139103;}s:9:"1536x1536";a:5:{s:4:"file";s:21:"pancake-1070x1536.jpg";s:5:"width";i:1070;s:6:"height";i:1536;s:9:"mime-type";s:10:"image/jpeg";s:8:"filesize";i:294624;}}s:10:"image_meta";a:12:{s:8:"aperture";s:1:"0";s:6:"credit";s:0:"";s:6:"camera";s:0:"";s:7:"caption";s:0:"";s:17:"created_timestamp";s:1:"0";s:9:"copyright";s:0:"";s:12:"focal_length";s:1:"0";s:3:"iso";s:1:"0";s:13:"shutter_speed";s:1:"0";s:5:"title";s:0:"";s:11:"orientation";s:1:"0";s:8:"keywords";a:0:{}}}]]></wp:meta_value>
		</wp:postmeta>
							</item>
					<item>
		<title><![CDATA[post-01]]></title>
		<link>http://localhost:8080/?attachment_id=108</link>
		<pubDate>Tue, 03 Jun 2025 15:42:54 +0000</pubDate>
		<dc:creator><![CDATA[admin]]></dc:creator>
		<guid isPermaLink="false">http://localhost:8080/wp-content/uploads/2025/06/post-01.jpg</guid>
		<description></description>
		<content:encoded><![CDATA[]]></content:encoded>
		<excerpt:encoded><![CDATA[]]></excerpt:encoded>
		<wp:post_id>108</wp:post_id>
		<wp:post_date><![CDATA[2025-06-03 15:42:54]]></wp:post_date>
		<wp:post_date_gmt><![CDATA[2025-06-03 15:42:54]]></wp:post_date_gmt>
		<wp:post_modified><![CDATA[2025-06-03 15:42:54]]></wp:post_modified>
		<wp:post_modified_gmt><![CDATA[2025-06-03 15:42:54]]></wp:post_modified_gmt>
		<wp:comment_status><![CDATA[open]]></wp:comment_status>
		<wp:ping_status><![CDATA[closed]]></wp:ping_status>
		<wp:post_name><![CDATA[post-01]]></wp:post_name>
		<wp:status><![CDATA[inherit]]></wp:status>
		<wp:post_parent>107</wp:post_parent>
		<wp:menu_order>0</wp:menu_order>
		<wp:post_type><![CDATA[attachment]]></wp:post_type>
		<wp:post_password><![CDATA[]]></wp:post_password>
		<wp:is_sticky>0</wp:is_sticky>
						<wp:attachment_url><![CDATA[http://localhost:8080/wp-content/uploads/2025/06/post-01.jpg]]></wp:attachment_url>
											<wp:postmeta>
		<wp:meta_key><![CDATA[_wp_attached_file]]></wp:meta_key>
		<wp:meta_value><![CDATA[2025/06/post-01.jpg]]></wp:meta_value>
		</wp:postmeta>
							<wp:postmeta>
		<wp:meta_key><![CDATA[_wp_attachment_metadata]]></wp:meta_key>
		<wp:meta_value><![CDATA[a:6:{s:5:"width";i:1299;s:6:"height";i:866;s:4:"file";s:19:"2025/06/post-01.jpg";s:8:"filesize";i:259454;s:5:"sizes";a:4:{s:6:"medium";a:5:{s:4:"file";s:19:"post-01-300x200.jpg";s:5:"width";i:300;s:6:"height";i:200;s:9:"mime-type";s:10:"image/jpeg";s:8:"filesize";i:18999;}s:5:"large";a:5:{s:4:"file";s:20:"post-01-1024x683.jpg";s:5:"width";i:1024;s:6:"height";i:683;s:9:"mime-type";s:10:"image/jpeg";s:8:"filesize";i:99542;}s:9:"thumbnail";a:5:{s:4:"file";s:19:"post-01-150x150.jpg";s:5:"width";i:150;s:6:"height";i:150;s:9:"mime-type";s:10:"image/jpeg";s:8:"filesize";i:10309;}s:12:"medium_large";a:5:{s:4:"file";s:19:"post-01-768x512.jpg";s:5:"width";i:768;s:6:"height";i:512;s:9:"mime-type";s:10:"image/jpeg";s:8:"filesize";i:65272;}}s:10:"image_meta";a:12:{s:8:"aperture";s:1:"0";s:6:"credit";s:0:"";s:6:"camera";s:0:"";s:7:"caption";s:0:"";s:17:"created_timestamp";s:1:"0";s:9:"copyright";s:0:"";s:12:"focal_length";s:1:"0";s:3:"iso";s:1:"0";s:13:"shutter_speed";s:1:"0";s:5:"title";s:0:"";s:11:"orientation";s:1:"0";s:8:"keywords";a:0:{}}}]]></wp:meta_value>
		</wp:postmeta>
							</item>
					<item>
		<title><![CDATA[post-02]]></title>
		<link>http://localhost:8080/?attachment_id=111</link>
		<pubDate>Tue, 03 Jun 2025 15:43:47 +0000</pubDate>
		<dc:creator><![CDATA[admin]]></dc:creator>
		<guid isPermaLink="false">http://localhost:8080/wp-content/uploads/2025/06/post-02.jpg</guid>
		<description></description>
		<content:encoded><![CDATA[]]></content:encoded>
		<excerpt:encoded><![CDATA[]]></excerpt:encoded>
		<wp:post_id>111</wp:post_id>
		<wp:post_date><![CDATA[2025-06-03 15:43:47]]></wp:post_date>
		<wp:post_date_gmt><![CDATA[2025-06-03 15:43:47]]></wp:post_date_gmt>
		<wp:post_modified><![CDATA[2025-06-03 15:43:47]]></wp:post_modified>
		<wp:post_modified_gmt><![CDATA[2025-06-03 15:43:47]]></wp:post_modified_gmt>
		<wp:comment_status><![CDATA[open]]></wp:comment_status>
		<wp:ping_status><![CDATA[closed]]></wp:ping_status>
		<wp:post_name><![CDATA[post-02]]></wp:post_name>
		<wp:status><![CDATA[inherit]]></wp:status>
		<wp:post_parent>110</wp:post_parent>
		<wp:menu_order>0</wp:menu_order>
		<wp:post_type><![CDATA[attachment]]></wp:post_type>
		<wp:post_password><![CDATA[]]></wp:post_password>
		<wp:is_sticky>0</wp:is_sticky>
						<wp:attachment_url><![CDATA[http://localhost:8080/wp-content/uploads/2025/06/post-02.jpg]]></wp:attachment_url>
											<wp:postmeta>
		<wp:meta_key><![CDATA[_wp_attached_file]]></wp:meta_key>
		<wp:meta_value><![CDATA[2025/06/post-02.jpg]]></wp:meta_value>
		</wp:postmeta>
							<wp:postmeta>
		<wp:meta_key><![CDATA[_wp_attachment_metadata]]></wp:meta_key>
		<wp:meta_value><![CDATA[a:6:{s:5:"width";i:1500;s:6:"height";i:1000;s:4:"file";s:19:"2025/06/post-02.jpg";s:8:"filesize";i:580080;s:5:"sizes";a:4:{s:6:"medium";a:5:{s:4:"file";s:19:"post-02-300x200.jpg";s:5:"width";i:300;s:6:"height";i:200;s:9:"mime-type";s:10:"image/jpeg";s:8:"filesize";i:18293;}s:5:"large";a:5:{s:4:"file";s:20:"post-02-1024x683.jpg";s:5:"width";i:1024;s:6:"height";i:683;s:9:"mime-type";s:10:"image/jpeg";s:8:"filesize";i:146132;}s:9:"thumbnail";a:5:{s:4:"file";s:19:"post-02-150x150.jpg";s:5:"width";i:150;s:6:"height";i:150;s:9:"mime-type";s:10:"image/jpeg";s:8:"filesize";i:10701;}s:12:"medium_large";a:5:{s:4:"file";s:19:"post-02-768x512.jpg";s:5:"width";i:768;s:6:"height";i:512;s:9:"mime-type";s:10:"image/jpeg";s:8:"filesize";i:83729;}}s:10:"image_meta";a:12:{s:8:"aperture";s:1:"0";s:6:"credit";s:0:"";s:6:"camera";s:0:"";s:7:"caption";s:0:"";s:17:"created_timestamp";s:1:"0";s:9:"copyright";s:0:"";s:12:"focal_length";s:1:"0";s:3:"iso";s:1:"0";s:13:"shutter_speed";s:1:"0";s:5:"title";s:0:"";s:11:"orientation";s:1:"0";s:8:"keywords";a:0:{}}}]]></wp:meta_value>
		</wp:postmeta>
							</item>
					<item>
		<title><![CDATA[post-03]]></title>
		<link>http://localhost:8080/?attachment_id=114</link>
		<pubDate>Tue, 03 Jun 2025 15:44:27 +0000</pubDate>
		<dc:creator><![CDATA[admin]]></dc:creator>
		<guid isPermaLink="false">http://localhost:8080/wp-content/uploads/2025/06/post-03.jpg</guid>
		<description></description>
		<content:encoded><![CDATA[]]></content:encoded>
		<excerpt:encoded><![CDATA[]]></excerpt:encoded>
		<wp:post_id>114</wp:post_id>
		<wp:post_date><![CDATA[2025-06-03 15:44:27]]></wp:post_date>
		<wp:post_date_gmt><![CDATA[2025-06-03 15:44:27]]></wp:post_date_gmt>
		<wp:post_modified><![CDATA[2025-06-03 15:44:27]]></wp:post_modified>
		<wp:post_modified_gmt><![CDATA[2025-06-03 15:44:27]]></wp:post_modified_gmt>
		<wp:comment_status><![CDATA[open]]></wp:comment_status>
		<wp:ping_status><![CDATA[closed]]></wp:ping_status>
		<wp:post_name><![CDATA[post-03]]></wp:post_name>
		<wp:status><![CDATA[inherit]]></wp:status>
		<wp:post_parent>113</wp:post_parent>
		<wp:menu_order>0</wp:menu_order>
		<wp:post_type><![CDATA[attachment]]></wp:post_type>
		<wp:post_password><![CDATA[]]></wp:post_password>
		<wp:is_sticky>0</wp:is_sticky>
						<wp:attachment_url><![CDATA[http://localhost:8080/wp-content/uploads/2025/06/post-03.jpg]]></wp:attachment_url>
											<wp:postmeta>
		<wp:meta_key><![CDATA[_wp_attached_file]]></wp:meta_key>
		<wp:meta_value><![CDATA[2025/06/post-03.jpg]]></wp:meta_value>
		</wp:postmeta>
							<wp:postmeta>
		<wp:meta_key><![CDATA[_wp_attachment_metadata]]></wp:meta_key>
		<wp:meta_value><![CDATA[a:6:{s:5:"width";i:1826;s:6:"height";i:1027;s:4:"file";s:19:"2025/06/post-03.jpg";s:8:"filesize";i:679521;s:5:"sizes";a:5:{s:6:"medium";a:5:{s:4:"file";s:19:"post-03-300x169.jpg";s:5:"width";i:300;s:6:"height";i:169;s:9:"mime-type";s:10:"image/jpeg";s:8:"filesize";i:26015;}s:5:"large";a:5:{s:4:"file";s:20:"post-03-1024x576.jpg";s:5:"width";i:1024;s:6:"height";i:576;s:9:"mime-type";s:10:"image/jpeg";s:8:"filesize";i:168019;}s:9:"thumbnail";a:5:{s:4:"file";s:19:"post-03-150x150.jpg";s:5:"width";i:150;s:6:"height";i:150;s:9:"mime-type";s:10:"image/jpeg";s:8:"filesize";i:13644;}s:12:"medium_large";a:5:{s:4:"file";s:19:"post-03-768x432.jpg";s:5:"width";i:768;s:6:"height";i:432;s:9:"mime-type";s:10:"image/jpeg";s:8:"filesize";i:106537;}s:9:"1536x1536";a:5:{s:4:"file";s:20:"post-03-1536x864.jpg";s:5:"width";i:1536;s:6:"height";i:864;s:9:"mime-type";s:10:"image/jpeg";s:8:"filesize";i:324667;}}s:10:"image_meta";a:12:{s:8:"aperture";s:1:"0";s:6:"credit";s:0:"";s:6:"camera";s:0:"";s:7:"caption";s:0:"";s:17:"created_timestamp";s:1:"0";s:9:"copyright";s:0:"";s:12:"focal_length";s:1:"0";s:3:"iso";s:1:"0";s:13:"shutter_speed";s:1:"0";s:5:"title";s:0:"";s:11:"orientation";s:1:"0";s:8:"keywords";a:0:{}}}]]></wp:meta_value>
		</wp:postmeta>
							</item>
					<item>
		<title><![CDATA[post-04]]></title>
		<link>http://localhost:8080/?attachment_id=117</link>
		<pubDate>Tue, 03 Jun 2025 15:45:17 +0000</pubDate>
		<dc:creator><![CDATA[admin]]></dc:creator>
		<guid isPermaLink="false">http://localhost:8080/wp-content/uploads/2025/06/post-04.jpg</guid>
		<description></description>
		<content:encoded><![CDATA[]]></content:encoded>
		<excerpt:encoded><![CDATA[]]></excerpt:encoded>
		<wp:post_id>117</wp:post_id>
		<wp:post_date><![CDATA[2025-06-03 15:45:17]]></wp:post_date>
		<wp:post_date_gmt><![CDATA[2025-06-03 15:45:17]]></wp:post_date_gmt>
		<wp:post_modified><![CDATA[2025-06-03 15:45:17]]></wp:post_modified>
		<wp:post_modified_gmt><![CDATA[2025-06-03 15:45:17]]></wp:post_modified_gmt>
		<wp:comment_status><![CDATA[open]]></wp:comment_status>
		<wp:ping_status><![CDATA[closed]]></wp:ping_status>
		<wp:post_name><![CDATA[post-04]]></wp:post_name>
		<wp:status><![CDATA[inherit]]></wp:status>
		<wp:post_parent>116</wp:post_parent>
		<wp:menu_order>0</wp:menu_order>
		<wp:post_type><![CDATA[attachment]]></wp:post_type>
		<wp:post_password><![CDATA[]]></wp:post_password>
		<wp:is_sticky>0</wp:is_sticky>
						<wp:attachment_url><![CDATA[http://localhost:8080/wp-content/uploads/2025/06/post-04.jpg]]></wp:attachment_url>
											<wp:postmeta>
		<wp:meta_key><![CDATA[_wp_attached_file]]></wp:meta_key>
		<wp:meta_value><![CDATA[2025/06/post-04.jpg]]></wp:meta_value>
		</wp:postmeta>
							<wp:postmeta>
		<wp:meta_key><![CDATA[_wp_attachment_metadata]]></wp:meta_key>
		<wp:meta_value><![CDATA[a:6:{s:5:"width";i:1320;s:6:"height";i:880;s:4:"file";s:19:"2025/06/post-04.jpg";s:8:"filesize";i:473949;s:5:"sizes";a:4:{s:6:"medium";a:5:{s:4:"file";s:19:"post-04-300x200.jpg";s:5:"width";i:300;s:6:"height";i:200;s:9:"mime-type";s:10:"image/jpeg";s:8:"filesize";i:27732;}s:5:"large";a:5:{s:4:"file";s:20:"post-04-1024x683.jpg";s:5:"width";i:1024;s:6:"height";i:683;s:9:"mime-type";s:10:"image/jpeg";s:8:"filesize";i:203568;}s:9:"thumbnail";a:5:{s:4:"file";s:19:"post-04-150x150.jpg";s:5:"width";i:150;s:6:"height";i:150;s:9:"mime-type";s:10:"image/jpeg";s:8:"filesize";i:14311;}s:12:"medium_large";a:5:{s:4:"file";s:19:"post-04-768x512.jpg";s:5:"width";i:768;s:6:"height";i:512;s:9:"mime-type";s:10:"image/jpeg";s:8:"filesize";i:125467;}}s:10:"image_meta";a:12:{s:8:"aperture";s:1:"0";s:6:"credit";s:0:"";s:6:"camera";s:0:"";s:7:"caption";s:0:"";s:17:"created_timestamp";s:1:"0";s:9:"copyright";s:0:"";s:12:"focal_length";s:1:"0";s:3:"iso";s:1:"0";s:13:"shutter_speed";s:1:"0";s:5:"title";s:0:"";s:11:"orientation";s:1:"0";s:8:"keywords";a:0:{}}}]]></wp:meta_value>
		</wp:postmeta>
							</item>
					<item>
		<title><![CDATA[black-cake]]></title>
		<link>http://localhost:8080/?attachment_id=122</link>
		<pubDate>Tue, 03 Jun 2025 17:14:03 +0000</pubDate>
		<dc:creator><![CDATA[admin]]></dc:creator>
		<guid isPermaLink="false">http://localhost:8080/wp-content/uploads/2025/06/black-cake.jpg</guid>
		<description></description>
		<content:encoded><![CDATA[]]></content:encoded>
		<excerpt:encoded><![CDATA[]]></excerpt:encoded>
		<wp:post_id>122</wp:post_id>
		<wp:post_date><![CDATA[2025-06-03 17:14:03]]></wp:post_date>
		<wp:post_date_gmt><![CDATA[2025-06-03 17:14:03]]></wp:post_date_gmt>
		<wp:post_modified><![CDATA[2025-06-03 17:14:03]]></wp:post_modified>
		<wp:post_modified_gmt><![CDATA[2025-06-03 17:14:03]]></wp:post_modified_gmt>
		<wp:comment_status><![CDATA[open]]></wp:comment_status>
		<wp:ping_status><![CDATA[closed]]></wp:ping_status>
		<wp:post_name><![CDATA[black-cake]]></wp:post_name>
		<wp:status><![CDATA[inherit]]></wp:status>
		<wp:post_parent>121</wp:post_parent>
		<wp:menu_order>0</wp:menu_order>
		<wp:post_type><![CDATA[attachment]]></wp:post_type>
		<wp:post_password><![CDATA[]]></wp:post_password>
		<wp:is_sticky>0</wp:is_sticky>
						<wp:attachment_url><![CDATA[http://localhost:8080/wp-content/uploads/2025/06/black-cake.jpg]]></wp:attachment_url>
											<wp:postmeta>
		<wp:meta_key><![CDATA[_wp_attached_file]]></wp:meta_key>
		<wp:meta_value><![CDATA[2025/06/black-cake.jpg]]></wp:meta_value>
		</wp:postmeta>
							<wp:postmeta>
		<wp:meta_key><![CDATA[_wp_attachment_metadata]]></wp:meta_key>
		<wp:meta_value><![CDATA[a:6:{s:5:"width";i:1711;s:6:"height";i:1140;s:4:"file";s:22:"2025/06/black-cake.jpg";s:8:"filesize";i:437329;s:5:"sizes";a:5:{s:6:"medium";a:5:{s:4:"file";s:22:"black-cake-300x200.jpg";s:5:"width";i:300;s:6:"height";i:200;s:9:"mime-type";s:10:"image/jpeg";s:8:"filesize";i:12477;}s:5:"large";a:5:{s:4:"file";s:23:"black-cake-1024x682.jpg";s:5:"width";i:1024;s:6:"height";i:682;s:9:"mime-type";s:10:"image/jpeg";s:8:"filesize";i:98925;}s:9:"thumbnail";a:5:{s:4:"file";s:22:"black-cake-150x150.jpg";s:5:"width";i:150;s:6:"height";i:150;s:9:"mime-type";s:10:"image/jpeg";s:8:"filesize";i:8443;}s:12:"medium_large";a:5:{s:4:"file";s:22:"black-cake-768x512.jpg";s:5:"width";i:768;s:6:"height";i:512;s:9:"mime-type";s:10:"image/jpeg";s:8:"filesize";i:55709;}s:9:"1536x1536";a:5:{s:4:"file";s:24:"black-cake-1536x1023.jpg";s:5:"width";i:1536;s:6:"height";i:1023;s:9:"mime-type";s:10:"image/jpeg";s:8:"filesize";i:219113;}}s:10:"image_meta";a:12:{s:8:"aperture";s:1:"0";s:6:"credit";s:0:"";s:6:"camera";s:0:"";s:7:"caption";s:0:"";s:17:"created_timestamp";s:1:"0";s:9:"copyright";s:0:"";s:12:"focal_length";s:1:"0";s:3:"iso";s:1:"0";s:13:"shutter_speed";s:1:"0";s:5:"title";s:0:"";s:11:"orientation";s:1:"0";s:8:"keywords";a:0:{}}}]]></wp:meta_value>
		</wp:postmeta>
							</item>
					<item>
		<title><![CDATA[Test Recipe]]></title>
		<link>http://localhost:8080/?post_type=fblgstp_recipe&#038;p=61</link>
		<pubDate>Sat, 31 May 2025 14:32:23 +0000</pubDate>
		<dc:creator><![CDATA[admin]]></dc:creator>
		<guid isPermaLink="false">http://localhost:8080/?post_type=fblgstp_recipe&#038;p=61</guid>
		<description></description>
		<content:encoded><![CDATA[<!-- wp:paragraph -->
<p>Test Text</p>
<!-- /wp:paragraph -->

<!-- wp:foodblog16-plus/recipe-summary {"prepTime":"1h","cookTime":"2h","course":"Breakfast"} /-->

<!-- wp:paragraph -->
<p></p>
<!-- /wp:paragraph -->]]></content:encoded>
		<excerpt:encoded><![CDATA[]]></excerpt:encoded>
		<wp:post_id>61</wp:post_id>
		<wp:post_date><![CDATA[2025-05-31 14:32:23]]></wp:post_date>
		<wp:post_date_gmt><![CDATA[2025-05-31 14:32:23]]></wp:post_date_gmt>
		<wp:post_modified><![CDATA[2025-05-31 23:15:37]]></wp:post_modified>
		<wp:post_modified_gmt><![CDATA[2025-05-31 23:15:37]]></wp:post_modified_gmt>
		<wp:comment_status><![CDATA[closed]]></wp:comment_status>
		<wp:ping_status><![CDATA[closed]]></wp:ping_status>
		<wp:post_name><![CDATA[test-recipe__trashed]]></wp:post_name>
		<wp:status><![CDATA[trash]]></wp:status>
		<wp:post_parent>0</wp:post_parent>
		<wp:menu_order>0</wp:menu_order>
		<wp:post_type><![CDATA[fblgstp_recipe]]></wp:post_type>
		<wp:post_password><![CDATA[]]></wp:post_password>
		<wp:is_sticky>0</wp:is_sticky>
										<category domain="fblgstp_cuisine" nicename="test-cuisine"><![CDATA[Test]]></category>
						<wp:postmeta>
		<wp:meta_key><![CDATA[fblgstp_recipe_rating]]></wp:meta_key>
		<wp:meta_value><![CDATA[5]]></wp:meta_value>
		</wp:postmeta>
							<wp:postmeta>
		<wp:meta_key><![CDATA[_wp_trash_meta_status]]></wp:meta_key>
		<wp:meta_value><![CDATA[publish]]></wp:meta_value>
		</wp:postmeta>
							<wp:postmeta>
		<wp:meta_key><![CDATA[_wp_trash_meta_time]]></wp:meta_key>
		<wp:meta_value><![CDATA[1748733337]]></wp:meta_value>
		</wp:postmeta>
							<wp:postmeta>
		<wp:meta_key><![CDATA[_wp_desired_post_slug]]></wp:meta_key>
		<wp:meta_value><![CDATA[test-recipe]]></wp:meta_value>
		</wp:postmeta>
							</item>
					<item>
		<title><![CDATA[Recipe #1]]></title>
		<link>http://localhost:8080/?post_type=fblgstp_recipe&#038;p=66</link>
		<pubDate>Sat, 31 May 2025 23:14:28 +0000</pubDate>
		<dc:creator><![CDATA[admin]]></dc:creator>
		<guid isPermaLink="false">http://localhost:8080/?post_type=fblgstp_recipe&#038;p=66</guid>
		<description></description>
		<content:encoded><![CDATA[<!-- wp:foodblog16-plus/recipe-summary /-->]]></content:encoded>
		<excerpt:encoded><![CDATA[]]></excerpt:encoded>
		<wp:post_id>66</wp:post_id>
		<wp:post_date><![CDATA[2025-05-31 23:14:28]]></wp:post_date>
		<wp:post_date_gmt><![CDATA[2025-05-31 23:14:28]]></wp:post_date_gmt>
		<wp:post_modified><![CDATA[2025-06-01 19:25:26]]></wp:post_modified>
		<wp:post_modified_gmt><![CDATA[2025-06-01 19:25:26]]></wp:post_modified_gmt>
		<wp:comment_status><![CDATA[closed]]></wp:comment_status>
		<wp:ping_status><![CDATA[closed]]></wp:ping_status>
		<wp:post_name><![CDATA[recipe-1__trashed]]></wp:post_name>
		<wp:status><![CDATA[trash]]></wp:status>
		<wp:post_parent>0</wp:post_parent>
		<wp:menu_order>0</wp:menu_order>
		<wp:post_type><![CDATA[fblgstp_recipe]]></wp:post_type>
		<wp:post_password><![CDATA[]]></wp:post_password>
		<wp:is_sticky>0</wp:is_sticky>
										<category domain="fblgstp_cuisine" nicename="test-cuisine"><![CDATA[Test]]></category>
						<wp:postmeta>
		<wp:meta_key><![CDATA[fblgstp_recipe_rating]]></wp:meta_key>
		<wp:meta_value><![CDATA[3]]></wp:meta_value>
		</wp:postmeta>
							<wp:postmeta>
		<wp:meta_key><![CDATA[_wp_trash_meta_status]]></wp:meta_key>
		<wp:meta_value><![CDATA[publish]]></wp:meta_value>
		</wp:postmeta>
							<wp:postmeta>
		<wp:meta_key><![CDATA[_wp_trash_meta_time]]></wp:meta_key>
		<wp:meta_value><![CDATA[1748805926]]></wp:meta_value>
		</wp:postmeta>
							<wp:postmeta>
		<wp:meta_key><![CDATA[_wp_desired_post_slug]]></wp:meta_key>
		<wp:meta_value><![CDATA[recipe-1]]></wp:meta_value>
		</wp:postmeta>
							</item>
					<item>
		<title><![CDATA[Recipe #2]]></title>
		<link>http://localhost:8080/?post_type=fblgstp_recipe&#038;p=67</link>
		<pubDate>Sat, 31 May 2025 23:14:48 +0000</pubDate>
		<dc:creator><![CDATA[admin]]></dc:creator>
		<guid isPermaLink="false">http://localhost:8080/?post_type=fblgstp_recipe&#038;p=67</guid>
		<description></description>
		<content:encoded><![CDATA[<!-- wp:foodblog16-plus/recipe-summary /-->]]></content:encoded>
		<excerpt:encoded><![CDATA[]]></excerpt:encoded>
		<wp:post_id>67</wp:post_id>
		<wp:post_date><![CDATA[2025-05-31 23:14:48]]></wp:post_date>
		<wp:post_date_gmt><![CDATA[2025-05-31 23:14:48]]></wp:post_date_gmt>
		<wp:post_modified><![CDATA[2025-06-01 19:25:23]]></wp:post_modified>
		<wp:post_modified_gmt><![CDATA[2025-06-01 19:25:23]]></wp:post_modified_gmt>
		<wp:comment_status><![CDATA[closed]]></wp:comment_status>
		<wp:ping_status><![CDATA[closed]]></wp:ping_status>
		<wp:post_name><![CDATA[recipe-2__trashed]]></wp:post_name>
		<wp:status><![CDATA[trash]]></wp:status>
		<wp:post_parent>0</wp:post_parent>
		<wp:menu_order>0</wp:menu_order>
		<wp:post_type><![CDATA[fblgstp_recipe]]></wp:post_type>
		<wp:post_password><![CDATA[]]></wp:post_password>
		<wp:is_sticky>0</wp:is_sticky>
										<category domain="fblgstp_cuisine" nicename="test-cuisine"><![CDATA[Test]]></category>
						<wp:postmeta>
		<wp:meta_key><![CDATA[fblgstp_recipe_rating]]></wp:meta_key>
		<wp:meta_value><![CDATA[2]]></wp:meta_value>
		</wp:postmeta>
							<wp:postmeta>
		<wp:meta_key><![CDATA[_wp_trash_meta_status]]></wp:meta_key>
		<wp:meta_value><![CDATA[publish]]></wp:meta_value>
		</wp:postmeta>
							<wp:postmeta>
		<wp:meta_key><![CDATA[_wp_trash_meta_time]]></wp:meta_key>
		<wp:meta_value><![CDATA[1748805923]]></wp:meta_value>
		</wp:postmeta>
							<wp:postmeta>
		<wp:meta_key><![CDATA[_wp_desired_post_slug]]></wp:meta_key>
		<wp:meta_value><![CDATA[recipe-2]]></wp:meta_value>
		</wp:postmeta>
							</item>
					<item>
		<title><![CDATA[Recipe #3]]></title>
		<link>http://localhost:8080/?post_type=fblgstp_recipe&#038;p=68</link>
		<pubDate>Sat, 31 May 2025 23:15:06 +0000</pubDate>
		<dc:creator><![CDATA[admin]]></dc:creator>
		<guid isPermaLink="false">http://localhost:8080/?post_type=fblgstp_recipe&#038;p=68</guid>
		<description></description>
		<content:encoded><![CDATA[<!-- wp:foodblog16-plus/recipe-summary /-->]]></content:encoded>
		<excerpt:encoded><![CDATA[]]></excerpt:encoded>
		<wp:post_id>68</wp:post_id>
		<wp:post_date><![CDATA[2025-05-31 23:15:06]]></wp:post_date>
		<wp:post_date_gmt><![CDATA[2025-05-31 23:15:06]]></wp:post_date_gmt>
		<wp:post_modified><![CDATA[2025-06-01 19:25:19]]></wp:post_modified>
		<wp:post_modified_gmt><![CDATA[2025-06-01 19:25:19]]></wp:post_modified_gmt>
		<wp:comment_status><![CDATA[closed]]></wp:comment_status>
		<wp:ping_status><![CDATA[closed]]></wp:ping_status>
		<wp:post_name><![CDATA[recipe-3__trashed]]></wp:post_name>
		<wp:status><![CDATA[trash]]></wp:status>
		<wp:post_parent>0</wp:post_parent>
		<wp:menu_order>0</wp:menu_order>
		<wp:post_type><![CDATA[fblgstp_recipe]]></wp:post_type>
		<wp:post_password><![CDATA[]]></wp:post_password>
		<wp:is_sticky>0</wp:is_sticky>
										<category domain="fblgstp_cuisine" nicename="test-cuisine"><![CDATA[Test]]></category>
						<wp:postmeta>
		<wp:meta_key><![CDATA[fblgstp_recipe_rating]]></wp:meta_key>
		<wp:meta_value><![CDATA[1]]></wp:meta_value>
		</wp:postmeta>
							<wp:postmeta>
		<wp:meta_key><![CDATA[_wp_trash_meta_status]]></wp:meta_key>
		<wp:meta_value><![CDATA[publish]]></wp:meta_value>
		</wp:postmeta>
							<wp:postmeta>
		<wp:meta_key><![CDATA[_wp_trash_meta_time]]></wp:meta_key>
		<wp:meta_value><![CDATA[1748805919]]></wp:meta_value>
		</wp:postmeta>
							<wp:postmeta>
		<wp:meta_key><![CDATA[_wp_desired_post_slug]]></wp:meta_key>
		<wp:meta_value><![CDATA[recipe-3]]></wp:meta_value>
		</wp:postmeta>
							</item>
					<item>
		<title><![CDATA[Another Poke Bowl]]></title>
		<link>http://localhost:8080/?fblgstp_recipe=another-poke-bowl</link>
		<pubDate>Sun, 01 Jun 2025 19:41:03 +0000</pubDate>
		<dc:creator><![CDATA[admin]]></dc:creator>
		<guid isPermaLink="false">http://localhost:8080/?post_type=fblgstp_recipe&#038;p=75</guid>
		<description></description>
		<content:encoded><![CDATA[<!-- wp:group {"metadata":{"categories":[],"patternName":"core/block/146","name":"recipe-01"},"layout":{"type":"constrained","contentSize":"120rem"}} -->
<div class="wp-block-group"><!-- wp:post-featured-image {"aspectRatio":"auto","width":"","height":"60rem"} /-->

<!-- wp:group {"layout":{"type":"flex","flexWrap":"nowrap","justifyContent":"space-between"}} -->
<div class="wp-block-group"><!-- wp:post-title {"fontSize":"large"} /-->

<!-- wp:group {"layout":{"type":"flex","flexWrap":"nowrap"}} -->
<div class="wp-block-group"><!-- wp:post-terms {"term":"category"} /-->

<!-- wp:post-terms {"term":"fblgstp_cuisine"} /-->

<!-- wp:post-terms {"term":"fblgstp_course"} /--></div>
<!-- /wp:group --></div>
<!-- /wp:group -->

<!-- wp:group {"style":{"spacing":{"margin":{"bottom":"4.8rem"}}},"layout":{"type":"flex","flexWrap":"nowrap"}} -->
<div class="wp-block-group" style="margin-bottom:4.8rem"><!-- wp:post-author-name /-->

<!-- wp:post-date /--></div>
<!-- /wp:group -->

<!-- wp:foodblog16-plus/recipe-summary {"prepTime":"1h","cookTime":"1h","course":"Dessert"} /-->

<!-- wp:paragraph {"style":{"spacing":{"margin":{"top":"4.8rem"}}}} -->
<p style="margin-top:4.8rem">Lorem ipsum dolor sit amet, consetetur sadipscing elitr, sed diam nonumy eirmod tempor invidunt ut labore et dolore magna aliquyam erat, sed diam voluptua. At vero eos et accusam et justo duo dolores et ea rebum. Stet clita kasd gubergren, no sea takimata sanctus est Lorem ipsum dolor sit amet. Lorem ipsum dolor sit amet, consetetur sadipscing elitr, sed diam nonumy eirmod tempor invidunt ut labore et dolore magna aliquyam erat, sed diam voluptua. At vero eos et accusam et justo duo dolores et ea rebum. Stet clita kasd gubergren, no sea takimata sanctus est Lorem ipsum dolor sit amet.</p>
<!-- /wp:paragraph --></div>
<!-- /wp:group -->]]></content:encoded>
		<excerpt:encoded><![CDATA[]]></excerpt:encoded>
		<wp:post_id>75</wp:post_id>
		<wp:post_date><![CDATA[2025-06-01 19:41:03]]></wp:post_date>
		<wp:post_date_gmt><![CDATA[2025-06-01 19:41:03]]></wp:post_date_gmt>
		<wp:post_modified><![CDATA[2025-06-03 21:50:11]]></wp:post_modified>
		<wp:post_modified_gmt><![CDATA[2025-06-03 21:50:11]]></wp:post_modified_gmt>
		<wp:comment_status><![CDATA[closed]]></wp:comment_status>
		<wp:ping_status><![CDATA[closed]]></wp:ping_status>
		<wp:post_name><![CDATA[another-poke-bowl]]></wp:post_name>
		<wp:status><![CDATA[publish]]></wp:status>
		<wp:post_parent>0</wp:post_parent>
		<wp:menu_order>0</wp:menu_order>
		<wp:post_type><![CDATA[fblgstp_recipe]]></wp:post_type>
		<wp:post_password><![CDATA[]]></wp:post_password>
		<wp:is_sticky>0</wp:is_sticky>
										<category domain="fblgstp_course" nicename="dinner"><![CDATA[Dinner]]></category>
		<category domain="fblgstp_course" nicename="supper"><![CDATA[Supper]]></category>
						<wp:postmeta>
		<wp:meta_key><![CDATA[fblgstp_recipe_rating]]></wp:meta_key>
		<wp:meta_value><![CDATA[0]]></wp:meta_value>
		</wp:postmeta>
							<wp:postmeta>
		<wp:meta_key><![CDATA[_thumbnail_id]]></wp:meta_key>
		<wp:meta_value><![CDATA[76]]></wp:meta_value>
		</wp:postmeta>
							</item>
					<item>
		<title><![CDATA[Big Salmon]]></title>
		<link>http://localhost:8080/?fblgstp_recipe=big-salmon</link>
		<pubDate>Sun, 01 Jun 2025 19:44:00 +0000</pubDate>
		<dc:creator><![CDATA[admin]]></dc:creator>
		<guid isPermaLink="false">http://localhost:8080/?post_type=fblgstp_recipe&#038;p=77</guid>
		<description></description>
		<content:encoded><![CDATA[<!-- wp:group {"metadata":{"categories":[],"patternName":"core/block/146","name":"recipe-01"},"layout":{"type":"constrained","contentSize":"120rem"}} -->
<div class="wp-block-group"><!-- wp:post-featured-image {"aspectRatio":"auto","width":"","height":"60rem"} /-->

<!-- wp:group {"layout":{"type":"flex","flexWrap":"nowrap","justifyContent":"space-between"}} -->
<div class="wp-block-group"><!-- wp:post-title {"fontSize":"large"} /-->

<!-- wp:group {"layout":{"type":"flex","flexWrap":"nowrap"}} -->
<div class="wp-block-group"><!-- wp:post-terms {"term":"category"} /-->

<!-- wp:post-terms {"term":"fblgstp_cuisine"} /-->

<!-- wp:post-terms {"term":"fblgstp_course"} /--></div>
<!-- /wp:group --></div>
<!-- /wp:group -->

<!-- wp:group {"style":{"spacing":{"margin":{"bottom":"4.8rem"}}},"layout":{"type":"flex","flexWrap":"nowrap"}} -->
<div class="wp-block-group" style="margin-bottom:4.8rem"><!-- wp:post-author-name /-->

<!-- wp:post-date /--></div>
<!-- /wp:group -->

<!-- wp:foodblog16-plus/recipe-summary {"prepTime":"1h","cookTime":"1h","course":"Dessert"} /-->

<!-- wp:paragraph {"style":{"spacing":{"margin":{"top":"4.8rem"}}}} -->
<p style="margin-top:4.8rem">Lorem ipsum dolor sit amet, consetetur sadipscing elitr, sed diam nonumy eirmod tempor invidunt ut labore et dolore magna aliquyam erat, sed diam voluptua. At vero eos et accusam et justo duo dolores et ea rebum. Stet clita kasd gubergren, no sea takimata sanctus est Lorem ipsum dolor sit amet. Lorem ipsum dolor sit amet, consetetur sadipscing elitr, sed diam nonumy eirmod tempor invidunt ut labore et dolore magna aliquyam erat, sed diam voluptua. At vero eos et accusam et justo duo dolores et ea rebum. Stet clita kasd gubergren, no sea takimata sanctus est Lorem ipsum dolor sit amet.</p>
<!-- /wp:paragraph --></div>
<!-- /wp:group -->]]></content:encoded>
		<excerpt:encoded><![CDATA[]]></excerpt:encoded>
		<wp:post_id>77</wp:post_id>
		<wp:post_date><![CDATA[2025-06-01 19:44:00]]></wp:post_date>
		<wp:post_date_gmt><![CDATA[2025-06-01 19:44:00]]></wp:post_date_gmt>
		<wp:post_modified><![CDATA[2025-06-03 21:49:48]]></wp:post_modified>
		<wp:post_modified_gmt><![CDATA[2025-06-03 21:49:48]]></wp:post_modified_gmt>
		<wp:comment_status><![CDATA[closed]]></wp:comment_status>
		<wp:ping_status><![CDATA[closed]]></wp:ping_status>
		<wp:post_name><![CDATA[big-salmon]]></wp:post_name>
		<wp:status><![CDATA[publish]]></wp:status>
		<wp:post_parent>0</wp:post_parent>
		<wp:menu_order>0</wp:menu_order>
		<wp:post_type><![CDATA[fblgstp_recipe]]></wp:post_type>
		<wp:post_password><![CDATA[]]></wp:post_password>
		<wp:is_sticky>0</wp:is_sticky>
										<category domain="fblgstp_course" nicename="dinner"><![CDATA[Dinner]]></category>
		<category domain="fblgstp_course" nicename="supper"><![CDATA[Supper]]></category>
						<wp:postmeta>
		<wp:meta_key><![CDATA[fblgstp_recipe_rating]]></wp:meta_key>
		<wp:meta_value><![CDATA[0]]></wp:meta_value>
		</wp:postmeta>
							<wp:postmeta>
		<wp:meta_key><![CDATA[_thumbnail_id]]></wp:meta_key>
		<wp:meta_value><![CDATA[78]]></wp:meta_value>
		</wp:postmeta>
							</item>
					<item>
		<title><![CDATA[Noodly Soup]]></title>
		<link>http://localhost:8080/?fblgstp_recipe=noodly-soup</link>
		<pubDate>Sun, 01 Jun 2025 19:45:08 +0000</pubDate>
		<dc:creator><![CDATA[admin]]></dc:creator>
		<guid isPermaLink="false">http://localhost:8080/?post_type=fblgstp_recipe&#038;p=79</guid>
		<description></description>
		<content:encoded><![CDATA[<!-- wp:group {"metadata":{"categories":[],"patternName":"core/block/146","name":"recipe-01"},"layout":{"type":"constrained","contentSize":"120rem"}} -->
<div class="wp-block-group"><!-- wp:post-featured-image {"aspectRatio":"auto","width":"","height":"60rem"} /-->

<!-- wp:group {"layout":{"type":"flex","flexWrap":"nowrap","justifyContent":"space-between"}} -->
<div class="wp-block-group"><!-- wp:post-title {"fontSize":"large"} /-->

<!-- wp:group {"layout":{"type":"flex","flexWrap":"nowrap"}} -->
<div class="wp-block-group"><!-- wp:post-terms {"term":"category"} /-->

<!-- wp:post-terms {"term":"fblgstp_cuisine"} /-->

<!-- wp:post-terms {"term":"fblgstp_course"} /--></div>
<!-- /wp:group --></div>
<!-- /wp:group -->

<!-- wp:group {"style":{"spacing":{"margin":{"bottom":"4.8rem"}}},"layout":{"type":"flex","flexWrap":"nowrap"}} -->
<div class="wp-block-group" style="margin-bottom:4.8rem"><!-- wp:post-author-name /-->

<!-- wp:post-date /--></div>
<!-- /wp:group -->

<!-- wp:foodblog16-plus/recipe-summary {"prepTime":"1h","cookTime":"1h","course":"Dessert"} /-->

<!-- wp:paragraph {"style":{"spacing":{"margin":{"top":"4.8rem"}}}} -->
<p style="margin-top:4.8rem">Lorem ipsum dolor sit amet, consetetur sadipscing elitr, sed diam nonumy eirmod tempor invidunt ut labore et dolore magna aliquyam erat, sed diam voluptua. At vero eos et accusam et justo duo dolores et ea rebum. Stet clita kasd gubergren, no sea takimata sanctus est Lorem ipsum dolor sit amet. Lorem ipsum dolor sit amet, consetetur sadipscing elitr, sed diam nonumy eirmod tempor invidunt ut labore et dolore magna aliquyam erat, sed diam voluptua. At vero eos et accusam et justo duo dolores et ea rebum. Stet clita kasd gubergren, no sea takimata sanctus est Lorem ipsum dolor sit amet.</p>
<!-- /wp:paragraph --></div>
<!-- /wp:group -->]]></content:encoded>
		<excerpt:encoded><![CDATA[]]></excerpt:encoded>
		<wp:post_id>79</wp:post_id>
		<wp:post_date><![CDATA[2025-06-01 19:45:08]]></wp:post_date>
		<wp:post_date_gmt><![CDATA[2025-06-01 19:45:08]]></wp:post_date_gmt>
		<wp:post_modified><![CDATA[2025-06-03 21:49:19]]></wp:post_modified>
		<wp:post_modified_gmt><![CDATA[2025-06-03 21:49:19]]></wp:post_modified_gmt>
		<wp:comment_status><![CDATA[closed]]></wp:comment_status>
		<wp:ping_status><![CDATA[closed]]></wp:ping_status>
		<wp:post_name><![CDATA[noodly-soup]]></wp:post_name>
		<wp:status><![CDATA[publish]]></wp:status>
		<wp:post_parent>0</wp:post_parent>
		<wp:menu_order>0</wp:menu_order>
		<wp:post_type><![CDATA[fblgstp_recipe]]></wp:post_type>
		<wp:post_password><![CDATA[]]></wp:post_password>
		<wp:is_sticky>0</wp:is_sticky>
										<category domain="fblgstp_course" nicename="dinner"><![CDATA[Dinner]]></category>
		<category domain="fblgstp_course" nicename="supper"><![CDATA[Supper]]></category>
						<wp:postmeta>
		<wp:meta_key><![CDATA[fblgstp_recipe_rating]]></wp:meta_key>
		<wp:meta_value><![CDATA[0]]></wp:meta_value>
		</wp:postmeta>
							<wp:postmeta>
		<wp:meta_key><![CDATA[_thumbnail_id]]></wp:meta_key>
		<wp:meta_value><![CDATA[80]]></wp:meta_value>
		</wp:postmeta>
							</item>
					<item>
		<title><![CDATA[Pasta Salad]]></title>
		<link>http://localhost:8080/?fblgstp_recipe=pasta-salad</link>
		<pubDate>Sun, 01 Jun 2025 19:46:32 +0000</pubDate>
		<dc:creator><![CDATA[admin]]></dc:creator>
		<guid isPermaLink="false">http://localhost:8080/?post_type=fblgstp_recipe&#038;p=81</guid>
		<description></description>
		<content:encoded><![CDATA[<!-- wp:group {"metadata":{"categories":[],"patternName":"core/block/146","name":"recipe-01"},"layout":{"type":"constrained","contentSize":"120rem"}} -->
<div class="wp-block-group"><!-- wp:post-featured-image {"aspectRatio":"auto","width":"","height":"60rem"} /-->

<!-- wp:group {"layout":{"type":"flex","flexWrap":"nowrap","justifyContent":"space-between"}} -->
<div class="wp-block-group"><!-- wp:post-title {"fontSize":"large"} /-->

<!-- wp:group {"layout":{"type":"flex","flexWrap":"nowrap"}} -->
<div class="wp-block-group"><!-- wp:post-terms {"term":"category"} /-->

<!-- wp:post-terms {"term":"fblgstp_cuisine"} /-->

<!-- wp:post-terms {"term":"fblgstp_course"} /--></div>
<!-- /wp:group --></div>
<!-- /wp:group -->

<!-- wp:group {"style":{"spacing":{"margin":{"bottom":"4.8rem"}}},"layout":{"type":"flex","flexWrap":"nowrap"}} -->
<div class="wp-block-group" style="margin-bottom:4.8rem"><!-- wp:post-author-name /-->

<!-- wp:post-date /--></div>
<!-- /wp:group -->

<!-- wp:foodblog16-plus/recipe-summary {"prepTime":"1h","cookTime":"1h","course":"Dessert"} /-->

<!-- wp:paragraph {"style":{"spacing":{"margin":{"top":"4.8rem"}}}} -->
<p style="margin-top:4.8rem">Lorem ipsum dolor sit amet, consetetur sadipscing elitr, sed diam nonumy eirmod tempor invidunt ut labore et dolore magna aliquyam erat, sed diam voluptua. At vero eos et accusam et justo duo dolores et ea rebum. Stet clita kasd gubergren, no sea takimata sanctus est Lorem ipsum dolor sit amet. Lorem ipsum dolor sit amet, consetetur sadipscing elitr, sed diam nonumy eirmod tempor invidunt ut labore et dolore magna aliquyam erat, sed diam voluptua. At vero eos et accusam et justo duo dolores et ea rebum. Stet clita kasd gubergren, no sea takimata sanctus est Lorem ipsum dolor sit amet.</p>
<!-- /wp:paragraph --></div>
<!-- /wp:group -->]]></content:encoded>
		<excerpt:encoded><![CDATA[]]></excerpt:encoded>
		<wp:post_id>81</wp:post_id>
		<wp:post_date><![CDATA[2025-06-01 19:46:32]]></wp:post_date>
		<wp:post_date_gmt><![CDATA[2025-06-01 19:46:32]]></wp:post_date_gmt>
		<wp:post_modified><![CDATA[2025-06-03 21:49:00]]></wp:post_modified>
		<wp:post_modified_gmt><![CDATA[2025-06-03 21:49:00]]></wp:post_modified_gmt>
		<wp:comment_status><![CDATA[closed]]></wp:comment_status>
		<wp:ping_status><![CDATA[closed]]></wp:ping_status>
		<wp:post_name><![CDATA[pasta-salad]]></wp:post_name>
		<wp:status><![CDATA[publish]]></wp:status>
		<wp:post_parent>0</wp:post_parent>
		<wp:menu_order>0</wp:menu_order>
		<wp:post_type><![CDATA[fblgstp_recipe]]></wp:post_type>
		<wp:post_password><![CDATA[]]></wp:post_password>
		<wp:is_sticky>0</wp:is_sticky>
										<category domain="fblgstp_course" nicename="dinner"><![CDATA[Dinner]]></category>
		<category domain="fblgstp_course" nicename="supper"><![CDATA[Supper]]></category>
						<wp:postmeta>
		<wp:meta_key><![CDATA[fblgstp_recipe_rating]]></wp:meta_key>
		<wp:meta_value><![CDATA[0]]></wp:meta_value>
		</wp:postmeta>
							<wp:postmeta>
		<wp:meta_key><![CDATA[_thumbnail_id]]></wp:meta_key>
		<wp:meta_value><![CDATA[82]]></wp:meta_value>
		</wp:postmeta>
							</item>
					<item>
		<title><![CDATA[Eggs Benedict]]></title>
		<link>http://localhost:8080/?fblgstp_recipe=eggs-benedict</link>
		<pubDate>Sun, 01 Jun 2025 19:47:47 +0000</pubDate>
		<dc:creator><![CDATA[admin]]></dc:creator>
		<guid isPermaLink="false">http://localhost:8080/?post_type=fblgstp_recipe&#038;p=83</guid>
		<description></description>
		<content:encoded><![CDATA[<!-- wp:group {"metadata":{"categories":[],"patternName":"core/block/146","name":"recipe-01"},"layout":{"type":"constrained","contentSize":"120rem"}} -->
<div class="wp-block-group"><!-- wp:post-featured-image {"aspectRatio":"auto","width":"","height":"60rem"} /-->

<!-- wp:group {"layout":{"type":"flex","flexWrap":"nowrap","justifyContent":"space-between"}} -->
<div class="wp-block-group"><!-- wp:post-title {"fontSize":"large"} /-->

<!-- wp:group {"layout":{"type":"flex","flexWrap":"nowrap"}} -->
<div class="wp-block-group"><!-- wp:post-terms {"term":"category"} /-->

<!-- wp:post-terms {"term":"fblgstp_cuisine"} /-->

<!-- wp:post-terms {"term":"fblgstp_course"} /--></div>
<!-- /wp:group --></div>
<!-- /wp:group -->

<!-- wp:group {"style":{"spacing":{"margin":{"bottom":"4.8rem"}}},"layout":{"type":"flex","flexWrap":"nowrap"}} -->
<div class="wp-block-group" style="margin-bottom:4.8rem"><!-- wp:post-author-name /-->

<!-- wp:post-date /--></div>
<!-- /wp:group -->

<!-- wp:foodblog16-plus/recipe-summary {"prepTime":"1h","cookTime":"1h","course":"Dessert"} /-->

<!-- wp:paragraph {"style":{"spacing":{"margin":{"top":"4.8rem"}}}} -->
<p style="margin-top:4.8rem">Lorem ipsum dolor sit amet, consetetur sadipscing elitr, sed diam nonumy eirmod tempor invidunt ut labore et dolore magna aliquyam erat, sed diam voluptua. At vero eos et accusam et justo duo dolores et ea rebum. Stet clita kasd gubergren, no sea takimata sanctus est Lorem ipsum dolor sit amet. Lorem ipsum dolor sit amet, consetetur sadipscing elitr, sed diam nonumy eirmod tempor invidunt ut labore et dolore magna aliquyam erat, sed diam voluptua. At vero eos et accusam et justo duo dolores et ea rebum. Stet clita kasd gubergren, no sea takimata sanctus est Lorem ipsum dolor sit amet.</p>
<!-- /wp:paragraph --></div>
<!-- /wp:group -->]]></content:encoded>
		<excerpt:encoded><![CDATA[]]></excerpt:encoded>
		<wp:post_id>83</wp:post_id>
		<wp:post_date><![CDATA[2025-06-01 19:47:47]]></wp:post_date>
		<wp:post_date_gmt><![CDATA[2025-06-01 19:47:47]]></wp:post_date_gmt>
		<wp:post_modified><![CDATA[2025-06-03 21:48:40]]></wp:post_modified>
		<wp:post_modified_gmt><![CDATA[2025-06-03 21:48:40]]></wp:post_modified_gmt>
		<wp:comment_status><![CDATA[closed]]></wp:comment_status>
		<wp:ping_status><![CDATA[closed]]></wp:ping_status>
		<wp:post_name><![CDATA[eggs-benedict]]></wp:post_name>
		<wp:status><![CDATA[publish]]></wp:status>
		<wp:post_parent>0</wp:post_parent>
		<wp:menu_order>0</wp:menu_order>
		<wp:post_type><![CDATA[fblgstp_recipe]]></wp:post_type>
		<wp:post_password><![CDATA[]]></wp:post_password>
		<wp:is_sticky>0</wp:is_sticky>
										<category domain="fblgstp_course" nicename="breakfast"><![CDATA[Breakfast]]></category>
						<wp:postmeta>
		<wp:meta_key><![CDATA[fblgstp_recipe_rating]]></wp:meta_key>
		<wp:meta_value><![CDATA[0]]></wp:meta_value>
		</wp:postmeta>
							<wp:postmeta>
		<wp:meta_key><![CDATA[_thumbnail_id]]></wp:meta_key>
		<wp:meta_value><![CDATA[84]]></wp:meta_value>
		</wp:postmeta>
							</item>
					<item>
		<title><![CDATA[Egg Toast]]></title>
		<link>http://localhost:8080/?fblgstp_recipe=egg-toast</link>
		<pubDate>Sun, 01 Jun 2025 19:48:50 +0000</pubDate>
		<dc:creator><![CDATA[admin]]></dc:creator>
		<guid isPermaLink="false">http://localhost:8080/?post_type=fblgstp_recipe&#038;p=85</guid>
		<description></description>
		<content:encoded><![CDATA[<!-- wp:group {"metadata":{"categories":[],"patternName":"core/block/146","name":"recipe-01"},"layout":{"type":"constrained","contentSize":"120rem"}} -->
<div class="wp-block-group"><!-- wp:post-featured-image {"aspectRatio":"auto","width":"","height":"60rem"} /-->

<!-- wp:group {"layout":{"type":"flex","flexWrap":"nowrap","justifyContent":"space-between"}} -->
<div class="wp-block-group"><!-- wp:post-title {"fontSize":"large"} /-->

<!-- wp:group {"layout":{"type":"flex","flexWrap":"nowrap"}} -->
<div class="wp-block-group"><!-- wp:post-terms {"term":"category"} /-->

<!-- wp:post-terms {"term":"fblgstp_cuisine"} /-->

<!-- wp:post-terms {"term":"fblgstp_course"} /--></div>
<!-- /wp:group --></div>
<!-- /wp:group -->

<!-- wp:group {"style":{"spacing":{"margin":{"bottom":"4.8rem"}}},"layout":{"type":"flex","flexWrap":"nowrap"}} -->
<div class="wp-block-group" style="margin-bottom:4.8rem"><!-- wp:post-author-name /-->

<!-- wp:post-date /--></div>
<!-- /wp:group -->

<!-- wp:foodblog16-plus/recipe-summary {"prepTime":"1h","cookTime":"1h","course":"Dessert"} /-->

<!-- wp:paragraph {"style":{"spacing":{"margin":{"top":"4.8rem"}}}} -->
<p style="margin-top:4.8rem">Lorem ipsum dolor sit amet, consetetur sadipscing elitr, sed diam nonumy eirmod tempor invidunt ut labore et dolore magna aliquyam erat, sed diam voluptua. At vero eos et accusam et justo duo dolores et ea rebum. Stet clita kasd gubergren, no sea takimata sanctus est Lorem ipsum dolor sit amet. Lorem ipsum dolor sit amet, consetetur sadipscing elitr, sed diam nonumy eirmod tempor invidunt ut labore et dolore magna aliquyam erat, sed diam voluptua. At vero eos et accusam et justo duo dolores et ea rebum. Stet clita kasd gubergren, no sea takimata sanctus est Lorem ipsum dolor sit amet.</p>
<!-- /wp:paragraph --></div>
<!-- /wp:group -->]]></content:encoded>
		<excerpt:encoded><![CDATA[]]></excerpt:encoded>
		<wp:post_id>85</wp:post_id>
		<wp:post_date><![CDATA[2025-06-01 19:48:50]]></wp:post_date>
		<wp:post_date_gmt><![CDATA[2025-06-01 19:48:50]]></wp:post_date_gmt>
		<wp:post_modified><![CDATA[2025-06-03 21:48:10]]></wp:post_modified>
		<wp:post_modified_gmt><![CDATA[2025-06-03 21:48:10]]></wp:post_modified_gmt>
		<wp:comment_status><![CDATA[closed]]></wp:comment_status>
		<wp:ping_status><![CDATA[closed]]></wp:ping_status>
		<wp:post_name><![CDATA[egg-toast]]></wp:post_name>
		<wp:status><![CDATA[publish]]></wp:status>
		<wp:post_parent>0</wp:post_parent>
		<wp:menu_order>0</wp:menu_order>
		<wp:post_type><![CDATA[fblgstp_recipe]]></wp:post_type>
		<wp:post_password><![CDATA[]]></wp:post_password>
		<wp:is_sticky>0</wp:is_sticky>
										<category domain="fblgstp_course" nicename="breakfast"><![CDATA[Breakfast]]></category>
						<wp:postmeta>
		<wp:meta_key><![CDATA[fblgstp_recipe_rating]]></wp:meta_key>
		<wp:meta_value><![CDATA[0]]></wp:meta_value>
		</wp:postmeta>
							<wp:postmeta>
		<wp:meta_key><![CDATA[_thumbnail_id]]></wp:meta_key>
		<wp:meta_value><![CDATA[86]]></wp:meta_value>
		</wp:postmeta>
							</item>
					<item>
		<title><![CDATA[Full English]]></title>
		<link>http://localhost:8080/?fblgstp_recipe=full-english</link>
		<pubDate>Sun, 01 Jun 2025 19:50:05 +0000</pubDate>
		<dc:creator><![CDATA[admin]]></dc:creator>
		<guid isPermaLink="false">http://localhost:8080/?post_type=fblgstp_recipe&#038;p=87</guid>
		<description></description>
		<content:encoded><![CDATA[<!-- wp:group {"metadata":{"categories":[],"patternName":"core/block/146","name":"recipe-01"},"layout":{"type":"constrained","contentSize":"120rem"}} -->
<div class="wp-block-group"><!-- wp:post-featured-image {"aspectRatio":"auto","width":"","height":"60rem"} /-->

<!-- wp:group {"layout":{"type":"flex","flexWrap":"nowrap","justifyContent":"space-between"}} -->
<div class="wp-block-group"><!-- wp:post-title {"fontSize":"large"} /-->

<!-- wp:group {"layout":{"type":"flex","flexWrap":"nowrap"}} -->
<div class="wp-block-group"><!-- wp:post-terms {"term":"category"} /-->

<!-- wp:post-terms {"term":"fblgstp_cuisine"} /-->

<!-- wp:post-terms {"term":"fblgstp_course"} /--></div>
<!-- /wp:group --></div>
<!-- /wp:group -->

<!-- wp:group {"style":{"spacing":{"margin":{"bottom":"4.8rem"}}},"layout":{"type":"flex","flexWrap":"nowrap"}} -->
<div class="wp-block-group" style="margin-bottom:4.8rem"><!-- wp:post-author-name /-->

<!-- wp:post-date /--></div>
<!-- /wp:group -->

<!-- wp:foodblog16-plus/recipe-summary {"prepTime":"1h","cookTime":"1h","course":"Dessert"} /-->

<!-- wp:paragraph {"style":{"spacing":{"margin":{"top":"4.8rem"}}}} -->
<p style="margin-top:4.8rem">Lorem ipsum dolor sit amet, consetetur sadipscing elitr, sed diam nonumy eirmod tempor invidunt ut labore et dolore magna aliquyam erat, sed diam voluptua. At vero eos et accusam et justo duo dolores et ea rebum. Stet clita kasd gubergren, no sea takimata sanctus est Lorem ipsum dolor sit amet. Lorem ipsum dolor sit amet, consetetur sadipscing elitr, sed diam nonumy eirmod tempor invidunt ut labore et dolore magna aliquyam erat, sed diam voluptua. At vero eos et accusam et justo duo dolores et ea rebum. Stet clita kasd gubergren, no sea takimata sanctus est Lorem ipsum dolor sit amet.</p>
<!-- /wp:paragraph --></div>
<!-- /wp:group -->]]></content:encoded>
		<excerpt:encoded><![CDATA[]]></excerpt:encoded>
		<wp:post_id>87</wp:post_id>
		<wp:post_date><![CDATA[2025-06-01 19:50:05]]></wp:post_date>
		<wp:post_date_gmt><![CDATA[2025-06-01 19:50:05]]></wp:post_date_gmt>
		<wp:post_modified><![CDATA[2025-06-03 21:47:48]]></wp:post_modified>
		<wp:post_modified_gmt><![CDATA[2025-06-03 21:47:48]]></wp:post_modified_gmt>
		<wp:comment_status><![CDATA[closed]]></wp:comment_status>
		<wp:ping_status><![CDATA[closed]]></wp:ping_status>
		<wp:post_name><![CDATA[full-english]]></wp:post_name>
		<wp:status><![CDATA[publish]]></wp:status>
		<wp:post_parent>0</wp:post_parent>
		<wp:menu_order>0</wp:menu_order>
		<wp:post_type><![CDATA[fblgstp_recipe]]></wp:post_type>
		<wp:post_password><![CDATA[]]></wp:post_password>
		<wp:is_sticky>0</wp:is_sticky>
										<category domain="fblgstp_course" nicename="breakfast"><![CDATA[Breakfast]]></category>
						<wp:postmeta>
		<wp:meta_key><![CDATA[fblgstp_recipe_rating]]></wp:meta_key>
		<wp:meta_value><![CDATA[0]]></wp:meta_value>
		</wp:postmeta>
							<wp:postmeta>
		<wp:meta_key><![CDATA[_thumbnail_id]]></wp:meta_key>
		<wp:meta_value><![CDATA[88]]></wp:meta_value>
		</wp:postmeta>
							</item>
					<item>
		<title><![CDATA[Pancake]]></title>
		<link>http://localhost:8080/?fblgstp_recipe=pancake</link>
		<pubDate>Sun, 01 Jun 2025 19:50:47 +0000</pubDate>
		<dc:creator><![CDATA[admin]]></dc:creator>
		<guid isPermaLink="false">http://localhost:8080/?post_type=fblgstp_recipe&#038;p=89</guid>
		<description></description>
		<content:encoded><![CDATA[<!-- wp:group {"metadata":{"categories":[],"patternName":"core/block/146","name":"recipe-01"},"layout":{"type":"constrained","contentSize":"120rem"}} -->
<div class="wp-block-group"><!-- wp:post-featured-image {"aspectRatio":"auto","width":"","height":"60rem"} /-->

<!-- wp:group {"layout":{"type":"flex","flexWrap":"nowrap","justifyContent":"space-between"}} -->
<div class="wp-block-group"><!-- wp:post-title {"fontSize":"large"} /-->

<!-- wp:group {"layout":{"type":"flex","flexWrap":"nowrap"}} -->
<div class="wp-block-group"><!-- wp:post-terms {"term":"category"} /-->

<!-- wp:post-terms {"term":"fblgstp_cuisine"} /-->

<!-- wp:post-terms {"term":"fblgstp_course"} /--></div>
<!-- /wp:group --></div>
<!-- /wp:group -->

<!-- wp:group {"style":{"spacing":{"margin":{"bottom":"4.8rem"}}},"layout":{"type":"flex","flexWrap":"nowrap"}} -->
<div class="wp-block-group" style="margin-bottom:4.8rem"><!-- wp:post-author-name /-->

<!-- wp:post-date /--></div>
<!-- /wp:group -->

<!-- wp:foodblog16-plus/recipe-summary {"prepTime":"1h","cookTime":"1h","course":"Dessert"} /-->

<!-- wp:paragraph {"style":{"spacing":{"margin":{"top":"4.8rem"}}}} -->
<p style="margin-top:4.8rem">Lorem ipsum dolor sit amet, consetetur sadipscing elitr, sed diam nonumy eirmod tempor invidunt ut labore et dolore magna aliquyam erat, sed diam voluptua. At vero eos et accusam et justo duo dolores et ea rebum. Stet clita kasd gubergren, no sea takimata sanctus est Lorem ipsum dolor sit amet. Lorem ipsum dolor sit amet, consetetur sadipscing elitr, sed diam nonumy eirmod tempor invidunt ut labore et dolore magna aliquyam erat, sed diam voluptua. At vero eos et accusam et justo duo dolores et ea rebum. Stet clita kasd gubergren, no sea takimata sanctus est Lorem ipsum dolor sit amet.</p>
<!-- /wp:paragraph --></div>
<!-- /wp:group -->]]></content:encoded>
		<excerpt:encoded><![CDATA[]]></excerpt:encoded>
		<wp:post_id>89</wp:post_id>
		<wp:post_date><![CDATA[2025-06-01 19:50:47]]></wp:post_date>
		<wp:post_date_gmt><![CDATA[2025-06-01 19:50:47]]></wp:post_date_gmt>
		<wp:post_modified><![CDATA[2025-06-03 21:47:27]]></wp:post_modified>
		<wp:post_modified_gmt><![CDATA[2025-06-03 21:47:27]]></wp:post_modified_gmt>
		<wp:comment_status><![CDATA[closed]]></wp:comment_status>
		<wp:ping_status><![CDATA[closed]]></wp:ping_status>
		<wp:post_name><![CDATA[pancake]]></wp:post_name>
		<wp:status><![CDATA[publish]]></wp:status>
		<wp:post_parent>0</wp:post_parent>
		<wp:menu_order>0</wp:menu_order>
		<wp:post_type><![CDATA[fblgstp_recipe]]></wp:post_type>
		<wp:post_password><![CDATA[]]></wp:post_password>
		<wp:is_sticky>0</wp:is_sticky>
										<category domain="fblgstp_course" nicename="breakfast"><![CDATA[Breakfast]]></category>
						<wp:postmeta>
		<wp:meta_key><![CDATA[fblgstp_recipe_rating]]></wp:meta_key>
		<wp:meta_value><![CDATA[0]]></wp:meta_value>
		</wp:postmeta>
							<wp:postmeta>
		<wp:meta_key><![CDATA[_thumbnail_id]]></wp:meta_key>
		<wp:meta_value><![CDATA[90]]></wp:meta_value>
		</wp:postmeta>
							</item>
					<item>
		<title><![CDATA[Black Cake]]></title>
		<link>http://localhost:8080/?fblgstp_recipe=black-cake</link>
		<pubDate>Tue, 03 Jun 2025 17:14:20 +0000</pubDate>
		<dc:creator><![CDATA[admin]]></dc:creator>
		<guid isPermaLink="false">http://localhost:8080/?post_type=fblgstp_recipe&#038;p=121</guid>
		<description></description>
		<content:encoded><![CDATA[<!-- wp:group {"metadata":{"categories":[],"patternName":"core/block/146","name":"recipe-01"},"layout":{"type":"constrained","contentSize":"120rem"}} -->
<div class="wp-block-group"><!-- wp:post-featured-image {"aspectRatio":"auto","width":"","height":"60rem"} /-->

<!-- wp:group {"layout":{"type":"flex","flexWrap":"nowrap","justifyContent":"space-between"}} -->
<div class="wp-block-group"><!-- wp:post-title {"fontSize":"large"} /-->

<!-- wp:group {"layout":{"type":"flex","flexWrap":"nowrap"}} -->
<div class="wp-block-group"><!-- wp:post-terms {"term":"category"} /-->

<!-- wp:post-terms {"term":"fblgstp_cuisine"} /-->

<!-- wp:post-terms {"term":"fblgstp_course"} /--></div>
<!-- /wp:group --></div>
<!-- /wp:group -->

<!-- wp:group {"style":{"spacing":{"margin":{"bottom":"4.8rem"}}},"layout":{"type":"flex","flexWrap":"nowrap"}} -->
<div class="wp-block-group" style="margin-bottom:4.8rem"><!-- wp:post-author-name /-->

<!-- wp:post-date /--></div>
<!-- /wp:group -->

<!-- wp:foodblog16-plus/recipe-summary {"prepTime":"1h","cookTime":"1h","course":"Dessert"} /-->

<!-- wp:paragraph {"style":{"spacing":{"margin":{"top":"4.8rem"}}}} -->
<p style="margin-top:4.8rem">Lorem ipsum dolor sit amet, consetetur sadipscing elitr, sed diam nonumy eirmod tempor invidunt ut labore et dolore magna aliquyam erat, sed diam voluptua. At vero eos et accusam et justo duo dolores et ea rebum. Stet clita kasd gubergren, no sea takimata sanctus est Lorem ipsum dolor sit amet. Lorem ipsum dolor sit amet, consetetur sadipscing elitr, sed diam nonumy eirmod tempor invidunt ut labore et dolore magna aliquyam erat, sed diam voluptua. At vero eos et accusam et justo duo dolores et ea rebum. Stet clita kasd gubergren, no sea takimata sanctus est Lorem ipsum dolor sit amet.</p>
<!-- /wp:paragraph --></div>
<!-- /wp:group -->]]></content:encoded>
		<excerpt:encoded><![CDATA[]]></excerpt:encoded>
		<wp:post_id>121</wp:post_id>
		<wp:post_date><![CDATA[2025-06-03 17:14:20]]></wp:post_date>
		<wp:post_date_gmt><![CDATA[2025-06-03 17:14:20]]></wp:post_date_gmt>
		<wp:post_modified><![CDATA[2025-06-03 21:47:09]]></wp:post_modified>
		<wp:post_modified_gmt><![CDATA[2025-06-03 21:47:09]]></wp:post_modified_gmt>
		<wp:comment_status><![CDATA[closed]]></wp:comment_status>
		<wp:ping_status><![CDATA[closed]]></wp:ping_status>
		<wp:post_name><![CDATA[black-cake]]></wp:post_name>
		<wp:status><![CDATA[publish]]></wp:status>
		<wp:post_parent>0</wp:post_parent>
		<wp:menu_order>0</wp:menu_order>
		<wp:post_type><![CDATA[fblgstp_recipe]]></wp:post_type>
		<wp:post_password><![CDATA[]]></wp:post_password>
		<wp:is_sticky>0</wp:is_sticky>
										<category domain="fblgstp_course" nicename="dessert"><![CDATA[Dessert]]></category>
						<wp:postmeta>
		<wp:meta_key><![CDATA[fblgstp_recipe_rating]]></wp:meta_key>
		<wp:meta_value><![CDATA[0]]></wp:meta_value>
		</wp:postmeta>
							<wp:postmeta>
		<wp:meta_key><![CDATA[_thumbnail_id]]></wp:meta_key>
		<wp:meta_value><![CDATA[122]]></wp:meta_value>
		</wp:postmeta>
							</item>
					<item>
		<title><![CDATA[Brown Cake]]></title>
		<link>http://localhost:8080/?fblgstp_recipe=brown-cake</link>
		<pubDate>Tue, 03 Jun 2025 17:15:27 +0000</pubDate>
		<dc:creator><![CDATA[admin]]></dc:creator>
		<guid isPermaLink="false">http://localhost:8080/?post_type=fblgstp_recipe&#038;p=123</guid>
		<description></description>
		<content:encoded><![CDATA[<!-- wp:group {"metadata":{"categories":[],"patternName":"core/block/146","name":"recipe-01"},"layout":{"type":"constrained","contentSize":"120rem"}} -->
<div class="wp-block-group"><!-- wp:post-featured-image {"aspectRatio":"auto","width":"","height":"60rem"} /-->

<!-- wp:group {"layout":{"type":"flex","flexWrap":"nowrap","justifyContent":"space-between"}} -->
<div class="wp-block-group"><!-- wp:post-title {"fontSize":"large"} /-->

<!-- wp:group {"layout":{"type":"flex","flexWrap":"nowrap"}} -->
<div class="wp-block-group"><!-- wp:post-terms {"term":"category"} /-->

<!-- wp:post-terms {"term":"fblgstp_cuisine"} /-->

<!-- wp:post-terms {"term":"fblgstp_course"} /--></div>
<!-- /wp:group --></div>
<!-- /wp:group -->

<!-- wp:group {"style":{"spacing":{"margin":{"bottom":"4.8rem"}}},"layout":{"type":"flex","flexWrap":"nowrap"}} -->
<div class="wp-block-group" style="margin-bottom:4.8rem"><!-- wp:post-author-name /-->

<!-- wp:post-date /--></div>
<!-- /wp:group -->

<!-- wp:foodblog16-plus/recipe-summary {"prepTime":"1h","cookTime":"1h","course":"Dessert"} /-->

<!-- wp:paragraph {"style":{"spacing":{"margin":{"top":"4.8rem"}}}} -->
<p style="margin-top:4.8rem">Lorem ipsum dolor sit amet, consetetur sadipscing elitr, sed diam nonumy eirmod tempor invidunt ut labore et dolore magna aliquyam erat, sed diam voluptua. At vero eos et accusam et justo duo dolores et ea rebum. Stet clita kasd gubergren, no sea takimata sanctus est Lorem ipsum dolor sit amet. Lorem ipsum dolor sit amet, consetetur sadipscing elitr, sed diam nonumy eirmod tempor invidunt ut labore et dolore magna aliquyam erat, sed diam voluptua. At vero eos et accusam et justo duo dolores et ea rebum. Stet clita kasd gubergren, no sea takimata sanctus est Lorem ipsum dolor sit amet.</p>
<!-- /wp:paragraph --></div>
<!-- /wp:group -->]]></content:encoded>
		<excerpt:encoded><![CDATA[]]></excerpt:encoded>
		<wp:post_id>123</wp:post_id>
		<wp:post_date><![CDATA[2025-06-03 17:15:27]]></wp:post_date>
		<wp:post_date_gmt><![CDATA[2025-06-03 17:15:27]]></wp:post_date_gmt>
		<wp:post_modified><![CDATA[2025-06-03 21:46:48]]></wp:post_modified>
		<wp:post_modified_gmt><![CDATA[2025-06-03 21:46:48]]></wp:post_modified_gmt>
		<wp:comment_status><![CDATA[closed]]></wp:comment_status>
		<wp:ping_status><![CDATA[closed]]></wp:ping_status>
		<wp:post_name><![CDATA[brown-cake]]></wp:post_name>
		<wp:status><![CDATA[publish]]></wp:status>
		<wp:post_parent>0</wp:post_parent>
		<wp:menu_order>0</wp:menu_order>
		<wp:post_type><![CDATA[fblgstp_recipe]]></wp:post_type>
		<wp:post_password><![CDATA[]]></wp:post_password>
		<wp:is_sticky>0</wp:is_sticky>
										<category domain="fblgstp_course" nicename="dessert"><![CDATA[Dessert]]></category>
						<wp:postmeta>
		<wp:meta_key><![CDATA[fblgstp_recipe_rating]]></wp:meta_key>
		<wp:meta_value><![CDATA[0]]></wp:meta_value>
		</wp:postmeta>
							<wp:postmeta>
		<wp:meta_key><![CDATA[_thumbnail_id]]></wp:meta_key>
		<wp:meta_value><![CDATA[124]]></wp:meta_value>
		</wp:postmeta>
							</item>
					<item>
		<title><![CDATA[brown-cake]]></title>
		<link>http://localhost:8080/?attachment_id=124</link>
		<pubDate>Tue, 03 Jun 2025 17:15:09 +0000</pubDate>
		<dc:creator><![CDATA[admin]]></dc:creator>
		<guid isPermaLink="false">http://localhost:8080/wp-content/uploads/2025/06/brown-cake.jpg</guid>
		<description></description>
		<content:encoded><![CDATA[]]></content:encoded>
		<excerpt:encoded><![CDATA[]]></excerpt:encoded>
		<wp:post_id>124</wp:post_id>
		<wp:post_date><![CDATA[2025-06-03 17:15:09]]></wp:post_date>
		<wp:post_date_gmt><![CDATA[2025-06-03 17:15:09]]></wp:post_date_gmt>
		<wp:post_modified><![CDATA[2025-06-03 17:15:09]]></wp:post_modified>
		<wp:post_modified_gmt><![CDATA[2025-06-03 17:15:09]]></wp:post_modified_gmt>
		<wp:comment_status><![CDATA[open]]></wp:comment_status>
		<wp:ping_status><![CDATA[closed]]></wp:ping_status>
		<wp:post_name><![CDATA[brown-cake]]></wp:post_name>
		<wp:status><![CDATA[inherit]]></wp:status>
		<wp:post_parent>123</wp:post_parent>
		<wp:menu_order>0</wp:menu_order>
		<wp:post_type><![CDATA[attachment]]></wp:post_type>
		<wp:post_password><![CDATA[]]></wp:post_password>
		<wp:is_sticky>0</wp:is_sticky>
						<wp:attachment_url><![CDATA[http://localhost:8080/wp-content/uploads/2025/06/brown-cake.jpg]]></wp:attachment_url>
											<wp:postmeta>
		<wp:meta_key><![CDATA[_wp_attached_file]]></wp:meta_key>
		<wp:meta_value><![CDATA[2025/06/brown-cake.jpg]]></wp:meta_value>
		</wp:postmeta>
							<wp:postmeta>
		<wp:meta_key><![CDATA[_wp_attachment_metadata]]></wp:meta_key>
		<wp:meta_value><![CDATA[a:6:{s:5:"width";i:1069;s:6:"height";i:1901;s:4:"file";s:22:"2025/06/brown-cake.jpg";s:8:"filesize";i:439238;s:5:"sizes";a:5:{s:6:"medium";a:5:{s:4:"file";s:22:"brown-cake-169x300.jpg";s:5:"width";i:169;s:6:"height";i:300;s:9:"mime-type";s:10:"image/jpeg";s:8:"filesize";i:17532;}s:5:"large";a:5:{s:4:"file";s:23:"brown-cake-576x1024.jpg";s:5:"width";i:576;s:6:"height";i:1024;s:9:"mime-type";s:10:"image/jpeg";s:8:"filesize";i:101673;}s:9:"thumbnail";a:5:{s:4:"file";s:22:"brown-cake-150x150.jpg";s:5:"width";i:150;s:6:"height";i:150;s:9:"mime-type";s:10:"image/jpeg";s:8:"filesize";i:10560;}s:12:"medium_large";a:5:{s:4:"file";s:23:"brown-cake-768x1366.jpg";s:5:"width";i:768;s:6:"height";i:1366;s:9:"mime-type";s:10:"image/jpeg";s:8:"filesize";i:161319;}s:9:"1536x1536";a:5:{s:4:"file";s:23:"brown-cake-864x1536.jpg";s:5:"width";i:864;s:6:"height";i:1536;s:9:"mime-type";s:10:"image/jpeg";s:8:"filesize";i:194975;}}s:10:"image_meta";a:12:{s:8:"aperture";s:1:"0";s:6:"credit";s:0:"";s:6:"camera";s:0:"";s:7:"caption";s:0:"";s:17:"created_timestamp";s:1:"0";s:9:"copyright";s:0:"";s:12:"focal_length";s:1:"0";s:3:"iso";s:1:"0";s:13:"shutter_speed";s:1:"0";s:5:"title";s:0:"";s:11:"orientation";s:1:"0";s:8:"keywords";a:0:{}}}]]></wp:meta_value>
		</wp:postmeta>
							</item>
					<item>
		<title><![CDATA[Chocolate Cream Cake]]></title>
		<link>http://localhost:8080/?fblgstp_recipe=chocolate-cream-cake</link>
		<pubDate>Tue, 03 Jun 2025 17:17:13 +0000</pubDate>
		<dc:creator><![CDATA[admin]]></dc:creator>
		<guid isPermaLink="false">http://localhost:8080/?post_type=fblgstp_recipe&#038;p=125</guid>
		<description></description>
		<content:encoded><![CDATA[<!-- wp:group {"metadata":{"categories":[],"patternName":"core/block/146","name":"recipe-01"},"layout":{"type":"constrained","contentSize":"120rem"}} -->
<div class="wp-block-group"><!-- wp:post-featured-image {"aspectRatio":"auto","width":"","height":"60rem"} /-->

<!-- wp:group {"layout":{"type":"flex","flexWrap":"nowrap","justifyContent":"space-between"}} -->
<div class="wp-block-group"><!-- wp:post-title {"fontSize":"large"} /-->

<!-- wp:group {"layout":{"type":"flex","flexWrap":"nowrap"}} -->
<div class="wp-block-group"><!-- wp:post-terms {"term":"category"} /-->

<!-- wp:post-terms {"term":"fblgstp_cuisine"} /-->

<!-- wp:post-terms {"term":"fblgstp_course"} /--></div>
<!-- /wp:group --></div>
<!-- /wp:group -->

<!-- wp:group {"style":{"spacing":{"margin":{"bottom":"4.8rem"}}},"layout":{"type":"flex","flexWrap":"nowrap"}} -->
<div class="wp-block-group" style="margin-bottom:4.8rem"><!-- wp:post-author-name /-->

<!-- wp:post-date /--></div>
<!-- /wp:group -->

<!-- wp:foodblog16-plus/recipe-summary {"prepTime":"1h","cookTime":"1h","course":"Dessert"} /-->

<!-- wp:paragraph {"style":{"spacing":{"margin":{"top":"4.8rem"}}}} -->
<p style="margin-top:4.8rem">Lorem ipsum dolor sit amet, consetetur sadipscing elitr, sed diam nonumy eirmod tempor invidunt ut labore et dolore magna aliquyam erat, sed diam voluptua. At vero eos et accusam et justo duo dolores et ea rebum. Stet clita kasd gubergren, no sea takimata sanctus est Lorem ipsum dolor sit amet. Lorem ipsum dolor sit amet, consetetur sadipscing elitr, sed diam nonumy eirmod tempor invidunt ut labore et dolore magna aliquyam erat, sed diam voluptua. At vero eos et accusam et justo duo dolores et ea rebum. Stet clita kasd gubergren, no sea takimata sanctus est Lorem ipsum dolor sit amet.</p>
<!-- /wp:paragraph --></div>
<!-- /wp:group -->]]></content:encoded>
		<excerpt:encoded><![CDATA[]]></excerpt:encoded>
		<wp:post_id>125</wp:post_id>
		<wp:post_date><![CDATA[2025-06-03 17:17:13]]></wp:post_date>
		<wp:post_date_gmt><![CDATA[2025-06-03 17:17:13]]></wp:post_date_gmt>
		<wp:post_modified><![CDATA[2025-06-03 21:46:29]]></wp:post_modified>
		<wp:post_modified_gmt><![CDATA[2025-06-03 21:46:29]]></wp:post_modified_gmt>
		<wp:comment_status><![CDATA[closed]]></wp:comment_status>
		<wp:ping_status><![CDATA[closed]]></wp:ping_status>
		<wp:post_name><![CDATA[chocolate-cream-cake]]></wp:post_name>
		<wp:status><![CDATA[publish]]></wp:status>
		<wp:post_parent>0</wp:post_parent>
		<wp:menu_order>0</wp:menu_order>
		<wp:post_type><![CDATA[fblgstp_recipe]]></wp:post_type>
		<wp:post_password><![CDATA[]]></wp:post_password>
		<wp:is_sticky>0</wp:is_sticky>
										<category domain="fblgstp_course" nicename="dessert"><![CDATA[Dessert]]></category>
						<wp:postmeta>
		<wp:meta_key><![CDATA[fblgstp_recipe_rating]]></wp:meta_key>
		<wp:meta_value><![CDATA[0]]></wp:meta_value>
		</wp:postmeta>
							<wp:postmeta>
		<wp:meta_key><![CDATA[_thumbnail_id]]></wp:meta_key>
		<wp:meta_value><![CDATA[126]]></wp:meta_value>
		</wp:postmeta>
							</item>
					<item>
		<title><![CDATA[chocolate-cream-cake]]></title>
		<link>http://localhost:8080/?attachment_id=126</link>
		<pubDate>Tue, 03 Jun 2025 17:16:13 +0000</pubDate>
		<dc:creator><![CDATA[admin]]></dc:creator>
		<guid isPermaLink="false">http://localhost:8080/wp-content/uploads/2025/06/chocolate-cream-cake.jpg</guid>
		<description></description>
		<content:encoded><![CDATA[]]></content:encoded>
		<excerpt:encoded><![CDATA[]]></excerpt:encoded>
		<wp:post_id>126</wp:post_id>
		<wp:post_date><![CDATA[2025-06-03 17:16:13]]></wp:post_date>
		<wp:post_date_gmt><![CDATA[2025-06-03 17:16:13]]></wp:post_date_gmt>
		<wp:post_modified><![CDATA[2025-06-03 17:16:13]]></wp:post_modified>
		<wp:post_modified_gmt><![CDATA[2025-06-03 17:16:13]]></wp:post_modified_gmt>
		<wp:comment_status><![CDATA[open]]></wp:comment_status>
		<wp:ping_status><![CDATA[closed]]></wp:ping_status>
		<wp:post_name><![CDATA[chocolate-cream-cake]]></wp:post_name>
		<wp:status><![CDATA[inherit]]></wp:status>
		<wp:post_parent>125</wp:post_parent>
		<wp:menu_order>0</wp:menu_order>
		<wp:post_type><![CDATA[attachment]]></wp:post_type>
		<wp:post_password><![CDATA[]]></wp:post_password>
		<wp:is_sticky>0</wp:is_sticky>
						<wp:attachment_url><![CDATA[http://localhost:8080/wp-content/uploads/2025/06/chocolate-cream-cake.jpg]]></wp:attachment_url>
											<wp:postmeta>
		<wp:meta_key><![CDATA[_wp_attached_file]]></wp:meta_key>
		<wp:meta_value><![CDATA[2025/06/chocolate-cream-cake.jpg]]></wp:meta_value>
		</wp:postmeta>
							<wp:postmeta>
		<wp:meta_key><![CDATA[_wp_attachment_metadata]]></wp:meta_key>
		<wp:meta_value><![CDATA[a:6:{s:5:"width";i:1225;s:6:"height";i:1837;s:4:"file";s:32:"2025/06/chocolate-cream-cake.jpg";s:8:"filesize";i:558297;s:5:"sizes";a:5:{s:6:"medium";a:5:{s:4:"file";s:32:"chocolate-cream-cake-200x300.jpg";s:5:"width";i:200;s:6:"height";i:300;s:9:"mime-type";s:10:"image/jpeg";s:8:"filesize";i:16849;}s:5:"large";a:5:{s:4:"file";s:33:"chocolate-cream-cake-683x1024.jpg";s:5:"width";i:683;s:6:"height";i:1024;s:9:"mime-type";s:10:"image/jpeg";s:8:"filesize";i:129968;}s:9:"thumbnail";a:5:{s:4:"file";s:32:"chocolate-cream-cake-150x150.jpg";s:5:"width";i:150;s:6:"height";i:150;s:9:"mime-type";s:10:"image/jpeg";s:8:"filesize";i:10052;}s:12:"medium_large";a:5:{s:4:"file";s:33:"chocolate-cream-cake-768x1152.jpg";s:5:"width";i:768;s:6:"height";i:1152;s:9:"mime-type";s:10:"image/jpeg";s:8:"filesize";i:159378;}s:9:"1536x1536";a:5:{s:4:"file";s:34:"chocolate-cream-cake-1024x1536.jpg";s:5:"width";i:1024;s:6:"height";i:1536;s:9:"mime-type";s:10:"image/jpeg";s:8:"filesize";i:263089;}}s:10:"image_meta";a:12:{s:8:"aperture";s:1:"0";s:6:"credit";s:0:"";s:6:"camera";s:0:"";s:7:"caption";s:0:"";s:17:"created_timestamp";s:1:"0";s:9:"copyright";s:0:"";s:12:"focal_length";s:1:"0";s:3:"iso";s:1:"0";s:13:"shutter_speed";s:1:"0";s:5:"title";s:0:"";s:11:"orientation";s:1:"0";s:8:"keywords";a:0:{}}}]]></wp:meta_value>
		</wp:postmeta>
							</item>
					<item>
		<title><![CDATA[Cupcake]]></title>
		<link>http://localhost:8080/?fblgstp_recipe=cupcake</link>
		<pubDate>Tue, 03 Jun 2025 17:18:29 +0000</pubDate>
		<dc:creator><![CDATA[admin]]></dc:creator>
		<guid isPermaLink="false">http://localhost:8080/?post_type=fblgstp_recipe&#038;p=127</guid>
		<description></description>
		<content:encoded><![CDATA[<!-- wp:group {"layout":{"type":"constrained","contentSize":"120rem"}} -->
<div class="wp-block-group"><!-- wp:post-featured-image {"aspectRatio":"auto","width":"","height":"60rem"} /-->

<!-- wp:group {"layout":{"type":"flex","flexWrap":"nowrap","justifyContent":"space-between"}} -->
<div class="wp-block-group"><!-- wp:post-title {"fontSize":"large"} /-->

<!-- wp:group {"layout":{"type":"flex","flexWrap":"nowrap"}} -->
<div class="wp-block-group"><!-- wp:post-terms {"term":"category"} /-->

<!-- wp:post-terms {"term":"fblgstp_cuisine"} /-->

<!-- wp:post-terms {"term":"fblgstp_course"} /--></div>
<!-- /wp:group --></div>
<!-- /wp:group -->

<!-- wp:group {"style":{"spacing":{"margin":{"bottom":"4.8rem"}}},"layout":{"type":"flex","flexWrap":"nowrap"}} -->
<div class="wp-block-group" style="margin-bottom:4.8rem"><!-- wp:post-author-name /-->

<!-- wp:post-date /--></div>
<!-- /wp:group -->

<!-- wp:foodblog16-plus/recipe-summary {"prepTime":"1h","cookTime":"1h","course":"Dessert"} /-->

<!-- wp:paragraph {"style":{"spacing":{"margin":{"top":"4.8rem"}}}} -->
<p style="margin-top:4.8rem">Lorem ipsum dolor sit amet, consetetur sadipscing elitr, sed diam nonumy eirmod tempor invidunt ut labore et dolore magna aliquyam erat, sed diam voluptua. At vero eos et accusam et justo duo dolores et ea rebum. Stet clita kasd gubergren, no sea takimata sanctus est Lorem ipsum dolor sit amet. Lorem ipsum dolor sit amet, consetetur sadipscing elitr, sed diam nonumy eirmod tempor invidunt ut labore et dolore magna aliquyam erat, sed diam voluptua. At vero eos et accusam et justo duo dolores et ea rebum. Stet clita kasd gubergren, no sea takimata sanctus est Lorem ipsum dolor sit amet.</p>
<!-- /wp:paragraph --></div>
<!-- /wp:group -->]]></content:encoded>
		<excerpt:encoded><![CDATA[]]></excerpt:encoded>
		<wp:post_id>127</wp:post_id>
		<wp:post_date><![CDATA[2025-06-03 17:18:29]]></wp:post_date>
		<wp:post_date_gmt><![CDATA[2025-06-03 17:18:29]]></wp:post_date_gmt>
		<wp:post_modified><![CDATA[2025-06-03 21:43:11]]></wp:post_modified>
		<wp:post_modified_gmt><![CDATA[2025-06-03 21:43:11]]></wp:post_modified_gmt>
		<wp:comment_status><![CDATA[closed]]></wp:comment_status>
		<wp:ping_status><![CDATA[closed]]></wp:ping_status>
		<wp:post_name><![CDATA[cupcake]]></wp:post_name>
		<wp:status><![CDATA[publish]]></wp:status>
		<wp:post_parent>0</wp:post_parent>
		<wp:menu_order>0</wp:menu_order>
		<wp:post_type><![CDATA[fblgstp_recipe]]></wp:post_type>
		<wp:post_password><![CDATA[]]></wp:post_password>
		<wp:is_sticky>0</wp:is_sticky>
										<category domain="fblgstp_course" nicename="dessert"><![CDATA[Dessert]]></category>
		<category domain="fblgstp_cuisine" nicename="test-cuisine"><![CDATA[Test]]></category>
						<wp:postmeta>
		<wp:meta_key><![CDATA[fblgstp_recipe_rating]]></wp:meta_key>
		<wp:meta_value><![CDATA[0]]></wp:meta_value>
		</wp:postmeta>
							<wp:postmeta>
		<wp:meta_key><![CDATA[_thumbnail_id]]></wp:meta_key>
		<wp:meta_value><![CDATA[128]]></wp:meta_value>
		</wp:postmeta>
							</item>
					<item>
		<title><![CDATA[cupcake]]></title>
		<link>http://localhost:8080/?attachment_id=128</link>
		<pubDate>Tue, 03 Jun 2025 17:18:01 +0000</pubDate>
		<dc:creator><![CDATA[admin]]></dc:creator>
		<guid isPermaLink="false">http://localhost:8080/wp-content/uploads/2025/06/cupcake.jpg</guid>
		<description></description>
		<content:encoded><![CDATA[]]></content:encoded>
		<excerpt:encoded><![CDATA[]]></excerpt:encoded>
		<wp:post_id>128</wp:post_id>
		<wp:post_date><![CDATA[2025-06-03 17:18:01]]></wp:post_date>
		<wp:post_date_gmt><![CDATA[2025-06-03 17:18:01]]></wp:post_date_gmt>
		<wp:post_modified><![CDATA[2025-06-03 17:18:01]]></wp:post_modified>
		<wp:post_modified_gmt><![CDATA[2025-06-03 17:18:01]]></wp:post_modified_gmt>
		<wp:comment_status><![CDATA[open]]></wp:comment_status>
		<wp:ping_status><![CDATA[closed]]></wp:ping_status>
		<wp:post_name><![CDATA[cupcake]]></wp:post_name>
		<wp:status><![CDATA[inherit]]></wp:status>
		<wp:post_parent>127</wp:post_parent>
		<wp:menu_order>0</wp:menu_order>
		<wp:post_type><![CDATA[attachment]]></wp:post_type>
		<wp:post_password><![CDATA[]]></wp:post_password>
		<wp:is_sticky>0</wp:is_sticky>
						<wp:attachment_url><![CDATA[http://localhost:8080/wp-content/uploads/2025/06/cupcake.jpg]]></wp:attachment_url>
											<wp:postmeta>
		<wp:meta_key><![CDATA[_wp_attached_file]]></wp:meta_key>
		<wp:meta_value><![CDATA[2025/06/cupcake.jpg]]></wp:meta_value>
		</wp:postmeta>
							<wp:postmeta>
		<wp:meta_key><![CDATA[_wp_attachment_metadata]]></wp:meta_key>
		<wp:meta_value><![CDATA[a:6:{s:5:"width";i:1004;s:6:"height";i:1504;s:4:"file";s:19:"2025/06/cupcake.jpg";s:8:"filesize";i:451352;s:5:"sizes";a:4:{s:6:"medium";a:5:{s:4:"file";s:19:"cupcake-200x300.jpg";s:5:"width";i:200;s:6:"height";i:300;s:9:"mime-type";s:10:"image/jpeg";s:8:"filesize";i:23222;}s:5:"large";a:5:{s:4:"file";s:20:"cupcake-684x1024.jpg";s:5:"width";i:684;s:6:"height";i:1024;s:9:"mime-type";s:10:"image/jpeg";s:8:"filesize";i:156072;}s:9:"thumbnail";a:5:{s:4:"file";s:19:"cupcake-150x150.jpg";s:5:"width";i:150;s:6:"height";i:150;s:9:"mime-type";s:10:"image/jpeg";s:8:"filesize";i:12210;}s:12:"medium_large";a:5:{s:4:"file";s:20:"cupcake-768x1150.jpg";s:5:"width";i:768;s:6:"height";i:1150;s:9:"mime-type";s:10:"image/jpeg";s:8:"filesize";i:186881;}}s:10:"image_meta";a:12:{s:8:"aperture";s:1:"0";s:6:"credit";s:0:"";s:6:"camera";s:0:"";s:7:"caption";s:0:"";s:17:"created_timestamp";s:1:"0";s:9:"copyright";s:0:"";s:12:"focal_length";s:1:"0";s:3:"iso";s:1:"0";s:13:"shutter_speed";s:1:"0";s:5:"title";s:0:"";s:11:"orientation";s:1:"0";s:8:"keywords";a:0:{}}}]]></wp:meta_value>
		</wp:postmeta>
							</item>
					<item>
		<title><![CDATA[appetizers]]></title>
		<link>http://localhost:8080/?attachment_id=129</link>
		<pubDate>Tue, 03 Jun 2025 18:43:06 +0000</pubDate>
		<dc:creator><![CDATA[admin]]></dc:creator>
		<guid isPermaLink="false">http://localhost:8080/wp-content/uploads/2025/06/appetizers.jpg</guid>
		<description></description>
		<content:encoded><![CDATA[]]></content:encoded>
		<excerpt:encoded><![CDATA[]]></excerpt:encoded>
		<wp:post_id>129</wp:post_id>
		<wp:post_date><![CDATA[2025-06-03 18:43:06]]></wp:post_date>
		<wp:post_date_gmt><![CDATA[2025-06-03 18:43:06]]></wp:post_date_gmt>
		<wp:post_modified><![CDATA[2025-06-03 18:43:06]]></wp:post_modified>
		<wp:post_modified_gmt><![CDATA[2025-06-03 18:43:06]]></wp:post_modified_gmt>
		<wp:comment_status><![CDATA[open]]></wp:comment_status>
		<wp:ping_status><![CDATA[closed]]></wp:ping_status>
		<wp:post_name><![CDATA[appetizers]]></wp:post_name>
		<wp:status><![CDATA[inherit]]></wp:status>
		<wp:post_parent>0</wp:post_parent>
		<wp:menu_order>0</wp:menu_order>
		<wp:post_type><![CDATA[attachment]]></wp:post_type>
		<wp:post_password><![CDATA[]]></wp:post_password>
		<wp:is_sticky>0</wp:is_sticky>
						<wp:attachment_url><![CDATA[http://localhost:8080/wp-content/uploads/2025/06/appetizers.jpg]]></wp:attachment_url>
											<wp:postmeta>
		<wp:meta_key><![CDATA[_wp_attached_file]]></wp:meta_key>
		<wp:meta_value><![CDATA[2025/06/appetizers.jpg]]></wp:meta_value>
		</wp:postmeta>
							<wp:postmeta>
		<wp:meta_key><![CDATA[_wp_attachment_metadata]]></wp:meta_key>
		<wp:meta_value><![CDATA[a:6:{s:5:"width";i:1168;s:6:"height";i:1007;s:4:"file";s:22:"2025/06/appetizers.jpg";s:8:"filesize";i:546415;s:5:"sizes";a:4:{s:6:"medium";a:5:{s:4:"file";s:22:"appetizers-300x259.jpg";s:5:"width";i:300;s:6:"height";i:259;s:9:"mime-type";s:10:"image/jpeg";s:8:"filesize";i:31007;}s:5:"large";a:5:{s:4:"file";s:23:"appetizers-1024x883.jpg";s:5:"width";i:1024;s:6:"height";i:883;s:9:"mime-type";s:10:"image/jpeg";s:8:"filesize";i:245909;}s:9:"thumbnail";a:5:{s:4:"file";s:22:"appetizers-150x150.jpg";s:5:"width";i:150;s:6:"height";i:150;s:9:"mime-type";s:10:"image/jpeg";s:8:"filesize";i:13074;}s:12:"medium_large";a:5:{s:4:"file";s:22:"appetizers-768x662.jpg";s:5:"width";i:768;s:6:"height";i:662;s:9:"mime-type";s:10:"image/jpeg";s:8:"filesize";i:150725;}}s:10:"image_meta";a:12:{s:8:"aperture";s:1:"0";s:6:"credit";s:0:"";s:6:"camera";s:0:"";s:7:"caption";s:0:"";s:17:"created_timestamp";s:1:"0";s:9:"copyright";s:0:"";s:12:"focal_length";s:1:"0";s:3:"iso";s:1:"0";s:13:"shutter_speed";s:1:"0";s:5:"title";s:0:"";s:11:"orientation";s:1:"0";s:8:"keywords";a:0:{}}}]]></wp:meta_value>
		</wp:postmeta>
							</item>
					<item>
		<title><![CDATA[Hello world!]]></title>
		<link>http://localhost:8080/?p=1</link>
		<pubDate>Tue, 13 May 2025 20:01:44 +0000</pubDate>
		<dc:creator><![CDATA[admin]]></dc:creator>
		<guid isPermaLink="false">http://localhost:8080/?p=1</guid>
		<description></description>
		<content:encoded><![CDATA[<!-- wp:paragraph -->
<p>Welcome to WordPress. This is your first post. Edit or delete it, then start writing!</p>
<!-- /wp:paragraph -->]]></content:encoded>
		<excerpt:encoded><![CDATA[]]></excerpt:encoded>
		<wp:post_id>1</wp:post_id>
		<wp:post_date><![CDATA[2025-05-13 20:01:44]]></wp:post_date>
		<wp:post_date_gmt><![CDATA[2025-05-13 20:01:44]]></wp:post_date_gmt>
		<wp:post_modified><![CDATA[2025-05-13 20:01:44]]></wp:post_modified>
		<wp:post_modified_gmt><![CDATA[2025-05-13 20:01:44]]></wp:post_modified_gmt>
		<wp:comment_status><![CDATA[open]]></wp:comment_status>
		<wp:ping_status><![CDATA[open]]></wp:ping_status>
		<wp:post_name><![CDATA[hello-world]]></wp:post_name>
		<wp:status><![CDATA[publish]]></wp:status>
		<wp:post_parent>0</wp:post_parent>
		<wp:menu_order>0</wp:menu_order>
		<wp:post_type><![CDATA[post]]></wp:post_type>
		<wp:post_password><![CDATA[]]></wp:post_password>
		<wp:is_sticky>0</wp:is_sticky>
										<category domain="category" nicename="uncategorized"><![CDATA[Uncategorized]]></category>
						<wp:comment>
			<wp:comment_id>1</wp:comment_id>
			<wp:comment_author><![CDATA[A WordPress Commenter]]></wp:comment_author>
			<wp:comment_author_email><![CDATA[wapuu@wordpress.example]]></wp:comment_author_email>
			<wp:comment_author_url>https://wordpress.org/</wp:comment_author_url>
			<wp:comment_author_IP><![CDATA[]]></wp:comment_author_IP>
			<wp:comment_date><![CDATA[2025-05-13 20:01:44]]></wp:comment_date>
			<wp:comment_date_gmt><![CDATA[2025-05-13 20:01:44]]></wp:comment_date_gmt>
			<wp:comment_content><![CDATA[Hi, this is a comment.
To get started with moderating, editing, and deleting comments, please visit the Comments screen in the dashboard.
Commenter avatars come from <a href="https://gravatar.com/">Gravatar</a>.]]></wp:comment_content>
			<wp:comment_approved><![CDATA[1]]></wp:comment_approved>
			<wp:comment_type><![CDATA[comment]]></wp:comment_type>
			<wp:comment_parent>0</wp:comment_parent>
			<wp:comment_user_id>0</wp:comment_user_id>
							</wp:comment>
					</item>
					<item>
		<title><![CDATA[Sample Page]]></title>
		<link>http://localhost:8080/?page_id=2</link>
		<pubDate>Tue, 13 May 2025 20:01:44 +0000</pubDate>
		<dc:creator><![CDATA[admin]]></dc:creator>
		<guid isPermaLink="false">http://localhost:8080/?page_id=2</guid>
		<description></description>
		<content:encoded><![CDATA[<!-- wp:paragraph -->
<p>This is an example page. It's different from a blog post because it will stay in one place and will show up in your site navigation (in most themes). Most people start with an About page that introduces them to potential site visitors. It might say something like this:</p>
<!-- /wp:paragraph -->

<!-- wp:quote -->
<blockquote class="wp-block-quote"><p>Hi there! I'm a bike messenger by day, aspiring actor by night, and this is my website. I live in Los Angeles, have a great dog named Jack, and I like pi&#241;a coladas. (And gettin' caught in the rain.)</p></blockquote>
<!-- /wp:quote -->

<!-- wp:paragraph -->
<p>...or something like this:</p>
<!-- /wp:paragraph -->

<!-- wp:quote -->
<blockquote class="wp-block-quote"><p>The XYZ Doohickey Company was founded in 1971, and has been providing quality doohickeys to the public ever since. Located in Gotham City, XYZ employs over 2,000 people and does all kinds of awesome things for the Gotham community.</p></blockquote>
<!-- /wp:quote -->

<!-- wp:paragraph -->
<p>As a new WordPress user, you should go to <a href="http://localhost:8080/wp-admin/">your dashboard</a> to delete this page and create new pages for your content. Have fun!</p>
<!-- /wp:paragraph -->]]></content:encoded>
		<excerpt:encoded><![CDATA[]]></excerpt:encoded>
		<wp:post_id>2</wp:post_id>
		<wp:post_date><![CDATA[2025-05-13 20:01:44]]></wp:post_date>
		<wp:post_date_gmt><![CDATA[2025-05-13 20:01:44]]></wp:post_date_gmt>
		<wp:post_modified><![CDATA[2025-05-13 20:01:44]]></wp:post_modified>
		<wp:post_modified_gmt><![CDATA[2025-05-13 20:01:44]]></wp:post_modified_gmt>
		<wp:comment_status><![CDATA[closed]]></wp:comment_status>
		<wp:ping_status><![CDATA[open]]></wp:ping_status>
		<wp:post_name><![CDATA[sample-page]]></wp:post_name>
		<wp:status><![CDATA[publish]]></wp:status>
		<wp:post_parent>0</wp:post_parent>
		<wp:menu_order>0</wp:menu_order>
		<wp:post_type><![CDATA[page]]></wp:post_type>
		<wp:post_password><![CDATA[]]></wp:post_password>
		<wp:is_sticky>0</wp:is_sticky>
														<wp:postmeta>
		<wp:meta_key><![CDATA[_wp_page_template]]></wp:meta_key>
		<wp:meta_value><![CDATA[default]]></wp:meta_value>
		</wp:postmeta>
							</item>
					<item>
		<title><![CDATA[Privacy Policy]]></title>
		<link>http://localhost:8080/?page_id=3</link>
		<pubDate>Tue, 13 May 2025 20:01:44 +0000</pubDate>
		<dc:creator><![CDATA[admin]]></dc:creator>
		<guid isPermaLink="false">http://localhost:8080/?page_id=3</guid>
		<description></description>
		<content:encoded><![CDATA[<!-- wp:heading -->
<h2 class="wp-block-heading">Who we are</h2>
<!-- /wp:heading -->
<!-- wp:paragraph -->
<p><strong class="privacy-policy-tutorial">Suggested text: </strong>Our website address is: http://localhost:8080.</p>
<!-- /wp:paragraph -->
<!-- wp:heading -->
<h2 class="wp-block-heading">Comments</h2>
<!-- /wp:heading -->
<!-- wp:paragraph -->
<p><strong class="privacy-policy-tutorial">Suggested text: </strong>When visitors leave comments on the site we collect the data shown in the comments form, and also the visitor&#8217;s IP address and browser user agent string to help spam detection.</p>
<!-- /wp:paragraph -->
<!-- wp:paragraph -->
<p>An anonymized string created from your email address (also called a hash) may be provided to the Gravatar service to see if you are using it. The Gravatar service privacy policy is available here: https://automattic.com/privacy/. After approval of your comment, your profile picture is visible to the public in the context of your comment.</p>
<!-- /wp:paragraph -->
<!-- wp:heading -->
<h2 class="wp-block-heading">Media</h2>
<!-- /wp:heading -->
<!-- wp:paragraph -->
<p><strong class="privacy-policy-tutorial">Suggested text: </strong>If you upload images to the website, you should avoid uploading images with embedded location data (EXIF GPS) included. Visitors to the website can download and extract any location data from images on the website.</p>
<!-- /wp:paragraph -->
<!-- wp:heading -->
<h2 class="wp-block-heading">Cookies</h2>
<!-- /wp:heading -->
<!-- wp:paragraph -->
<p><strong class="privacy-policy-tutorial">Suggested text: </strong>If you leave a comment on our site you may opt-in to saving your name, email address and website in cookies. These are for your convenience so that you do not have to fill in your details again when you leave another comment. These cookies will last for one year.</p>
<!-- /wp:paragraph -->
<!-- wp:paragraph -->
<p>If you visit our login page, we will set a temporary cookie to determine if your browser accepts cookies. This cookie contains no personal data and is discarded when you close your browser.</p>
<!-- /wp:paragraph -->
<!-- wp:paragraph -->
<p>When you log in, we will also set up several cookies to save your login information and your screen display choices. Login cookies last for two days, and screen options cookies last for a year. If you select &quot;Remember Me&quot;, your login will persist for two weeks. If you log out of your account, the login cookies will be removed.</p>
<!-- /wp:paragraph -->
<!-- wp:paragraph -->
<p>If you edit or publish an article, an additional cookie will be saved in your browser. This cookie includes no personal data and simply indicates the post ID of the article you just edited. It expires after 1 day.</p>
<!-- /wp:paragraph -->
<!-- wp:heading -->
<h2 class="wp-block-heading">Embedded content from other websites</h2>
<!-- /wp:heading -->
<!-- wp:paragraph -->
<p><strong class="privacy-policy-tutorial">Suggested text: </strong>Articles on this site may include embedded content (e.g. videos, images, articles, etc.). Embedded content from other websites behaves in the exact same way as if the visitor has visited the other website.</p>
<!-- /wp:paragraph -->
<!-- wp:paragraph -->
<p>These websites may collect data about you, use cookies, embed additional third-party tracking, and monitor your interaction with that embedded content, including tracking your interaction with the embedded content if you have an account and are logged in to that website.</p>
<!-- /wp:paragraph -->
<!-- wp:heading -->
<h2 class="wp-block-heading">Who we share your data with</h2>
<!-- /wp:heading -->
<!-- wp:paragraph -->
<p><strong class="privacy-policy-tutorial">Suggested text: </strong>If you request a password reset, your IP address will be included in the reset email.</p>
<!-- /wp:paragraph -->
<!-- wp:heading -->
<h2 class="wp-block-heading">How long we retain your data</h2>
<!-- /wp:heading -->
<!-- wp:paragraph -->
<p><strong class="privacy-policy-tutorial">Suggested text: </strong>If you leave a comment, the comment and its metadata are retained indefinitely. This is so we can recognize and approve any follow-up comments automatically instead of holding them in a moderation queue.</p>
<!-- /wp:paragraph -->
<!-- wp:paragraph -->
<p>For users that register on our website (if any), we also store the personal information they provide in their user profile. All users can see, edit, or delete their personal information at any time (except they cannot change their username). Website administrators can also see and edit that information.</p>
<!-- /wp:paragraph -->
<!-- wp:heading -->
<h2 class="wp-block-heading">What rights you have over your data</h2>
<!-- /wp:heading -->
<!-- wp:paragraph -->
<p><strong class="privacy-policy-tutorial">Suggested text: </strong>If you have an account on this site, or have left comments, you can request to receive an exported file of the personal data we hold about you, including any data you have provided to us. You can also request that we erase any personal data we hold about you. This does not include any data we are obliged to keep for administrative, legal, or security purposes.</p>
<!-- /wp:paragraph -->
<!-- wp:heading -->
<h2 class="wp-block-heading">Where your data is sent</h2>
<!-- /wp:heading -->
<!-- wp:paragraph -->
<p><strong class="privacy-policy-tutorial">Suggested text: </strong>Visitor comments may be checked through an automated spam detection service.</p>
<!-- /wp:paragraph -->
]]></content:encoded>
		<excerpt:encoded><![CDATA[]]></excerpt:encoded>
		<wp:post_id>3</wp:post_id>
		<wp:post_date><![CDATA[2025-05-13 20:01:44]]></wp:post_date>
		<wp:post_date_gmt><![CDATA[2025-05-13 20:01:44]]></wp:post_date_gmt>
		<wp:post_modified><![CDATA[2025-05-14 09:41:20]]></wp:post_modified>
		<wp:post_modified_gmt><![CDATA[2025-05-14 09:41:20]]></wp:post_modified_gmt>
		<wp:comment_status><![CDATA[closed]]></wp:comment_status>
		<wp:ping_status><![CDATA[open]]></wp:ping_status>
		<wp:post_name><![CDATA[privacy-policy]]></wp:post_name>
		<wp:status><![CDATA[publish]]></wp:status>
		<wp:post_parent>0</wp:post_parent>
		<wp:menu_order>0</wp:menu_order>
		<wp:post_type><![CDATA[page]]></wp:post_type>
		<wp:post_password><![CDATA[]]></wp:post_password>
		<wp:is_sticky>0</wp:is_sticky>
														<wp:postmeta>
		<wp:meta_key><![CDATA[_wp_page_template]]></wp:meta_key>
		<wp:meta_value><![CDATA[default]]></wp:meta_value>
		</wp:postmeta>
							</item>
					<item>
		<title><![CDATA[All recipes]]></title>
		<link>http://localhost:8080/?page_id=7</link>
		<pubDate>Wed, 14 May 2025 07:10:06 +0000</pubDate>
		<dc:creator><![CDATA[admin]]></dc:creator>
		<guid isPermaLink="false">http://localhost:8080/?page_id=7</guid>
		<description></description>
		<content:encoded><![CDATA[<!-- wp:group {"layout":{"type":"constrained","contentSize":"120rem"}} -->
<div class="wp-block-group"><!-- wp:query {"queryId":20,"query":{"perPage":10,"pages":0,"offset":0,"postType":"fblgstp_recipe","order":"desc","orderBy":"date","author":"","search":"","exclude":[],"sticky":"","inherit":false,"parents":[],"format":[]},"metadata":{"categories":["posts"],"patternName":"core/query-medium-posts","name":"Image at left"}} -->
<div class="wp-block-query"><!-- wp:post-template {"style":{"spacing":{"blockGap":"4.8rem"}},"layout":{"type":"grid","columnCount":3,"minimumColumnWidth":null}} -->
<!-- wp:group {"layout":{"type":"constrained"}} -->
<div class="wp-block-group"><!-- wp:post-featured-image {"isLink":true,"aspectRatio":"auto","height":"35rem","sizeSlug":"large"} /-->

<!-- wp:group {"fontSize":"small","layout":{"type":"flex","flexWrap":"nowrap","justifyContent":"space-between"}} -->
<div class="wp-block-group has-small-font-size"><!-- wp:post-date /-->

<!-- wp:post-terms {"term":"category"} /-->

<!-- wp:post-terms {"term":"fblgstp_course"} /--></div>
<!-- /wp:group -->

<!-- wp:post-title {"isLink":true,"fontSize":"large"} /--></div>
<!-- /wp:group -->
<!-- /wp:post-template --></div>
<!-- /wp:query --></div>
<!-- /wp:group -->]]></content:encoded>
		<excerpt:encoded><![CDATA[]]></excerpt:encoded>
		<wp:post_id>7</wp:post_id>
		<wp:post_date><![CDATA[2025-05-14 07:10:06]]></wp:post_date>
		<wp:post_date_gmt><![CDATA[2025-05-14 07:10:06]]></wp:post_date_gmt>
		<wp:post_modified><![CDATA[2025-06-03 21:04:12]]></wp:post_modified>
		<wp:post_modified_gmt><![CDATA[2025-06-03 21:04:12]]></wp:post_modified_gmt>
		<wp:comment_status><![CDATA[closed]]></wp:comment_status>
		<wp:ping_status><![CDATA[closed]]></wp:ping_status>
		<wp:post_name><![CDATA[all-recipes]]></wp:post_name>
		<wp:status><![CDATA[publish]]></wp:status>
		<wp:post_parent>0</wp:post_parent>
		<wp:menu_order>0</wp:menu_order>
		<wp:post_type><![CDATA[page]]></wp:post_type>
		<wp:post_password><![CDATA[]]></wp:post_password>
		<wp:is_sticky>0</wp:is_sticky>
														</item>
					<item>
		<title><![CDATA[Pantry]]></title>
		<link>http://localhost:8080/?page_id=9</link>
		<pubDate>Wed, 14 May 2025 07:10:17 +0000</pubDate>
		<dc:creator><![CDATA[admin]]></dc:creator>
		<guid isPermaLink="false">http://localhost:8080/?page_id=9</guid>
		<description></description>
		<content:encoded><![CDATA[]]></content:encoded>
		<excerpt:encoded><![CDATA[]]></excerpt:encoded>
		<wp:post_id>9</wp:post_id>
		<wp:post_date><![CDATA[2025-05-14 07:10:17]]></wp:post_date>
		<wp:post_date_gmt><![CDATA[2025-05-14 07:10:17]]></wp:post_date_gmt>
		<wp:post_modified><![CDATA[2025-05-14 07:10:17]]></wp:post_modified>
		<wp:post_modified_gmt><![CDATA[2025-05-14 07:10:17]]></wp:post_modified_gmt>
		<wp:comment_status><![CDATA[closed]]></wp:comment_status>
		<wp:ping_status><![CDATA[closed]]></wp:ping_status>
		<wp:post_name><![CDATA[pantry]]></wp:post_name>
		<wp:status><![CDATA[publish]]></wp:status>
		<wp:post_parent>0</wp:post_parent>
		<wp:menu_order>0</wp:menu_order>
		<wp:post_type><![CDATA[page]]></wp:post_type>
		<wp:post_password><![CDATA[]]></wp:post_password>
		<wp:is_sticky>0</wp:is_sticky>
														</item>
					<item>
		<title><![CDATA[Blog]]></title>
		<link>http://localhost:8080/?page_id=11</link>
		<pubDate>Wed, 14 May 2025 07:10:29 +0000</pubDate>
		<dc:creator><![CDATA[admin]]></dc:creator>
		<guid isPermaLink="false">http://localhost:8080/?page_id=11</guid>
		<description></description>
		<content:encoded><![CDATA[<!-- wp:group {"metadata":{"categories":[],"patternName":"core/block/135","name":"posts-gird-01"},"layout":{"type":"constrained","contentSize":"120rem"}} -->
<div class="wp-block-group"><!-- wp:query {"queryId":20,"query":{"perPage":10,"pages":0,"offset":0,"postType":"post","order":"desc","orderBy":"date","author":"","search":"","exclude":[],"sticky":"","inherit":false,"parents":[],"format":[]},"metadata":{"categories":["posts"],"patternName":"core/query-medium-posts","name":"Image at left"}} -->
<div class="wp-block-query"><!-- wp:post-template {"style":{"spacing":{"blockGap":"4.8rem"}},"layout":{"type":"grid","columnCount":3,"minimumColumnWidth":null}} -->
<!-- wp:group {"layout":{"type":"constrained"}} -->
<div class="wp-block-group"><!-- wp:post-featured-image {"isLink":true,"aspectRatio":"auto","height":"35rem","sizeSlug":"large"} /-->

<!-- wp:group {"fontSize":"small","layout":{"type":"flex","flexWrap":"nowrap","justifyContent":"space-between"}} -->
<div class="wp-block-group has-small-font-size"><!-- wp:post-date /-->

<!-- wp:post-terms {"term":"category"} /-->

<!-- wp:post-terms {"term":"fblgstp_course"} /--></div>
<!-- /wp:group -->

<!-- wp:post-title {"isLink":true,"fontSize":"large"} /--></div>
<!-- /wp:group -->
<!-- /wp:post-template --></div>
<!-- /wp:query --></div>
<!-- /wp:group -->]]></content:encoded>
		<excerpt:encoded><![CDATA[]]></excerpt:encoded>
		<wp:post_id>11</wp:post_id>
		<wp:post_date><![CDATA[2025-05-14 07:10:29]]></wp:post_date>
		<wp:post_date_gmt><![CDATA[2025-05-14 07:10:29]]></wp:post_date_gmt>
		<wp:post_modified><![CDATA[2025-06-03 21:20:13]]></wp:post_modified>
		<wp:post_modified_gmt><![CDATA[2025-06-03 21:20:13]]></wp:post_modified_gmt>
		<wp:comment_status><![CDATA[closed]]></wp:comment_status>
		<wp:ping_status><![CDATA[closed]]></wp:ping_status>
		<wp:post_name><![CDATA[blog]]></wp:post_name>
		<wp:status><![CDATA[publish]]></wp:status>
		<wp:post_parent>0</wp:post_parent>
		<wp:menu_order>0</wp:menu_order>
		<wp:post_type><![CDATA[page]]></wp:post_type>
		<wp:post_password><![CDATA[]]></wp:post_password>
		<wp:is_sticky>0</wp:is_sticky>
														</item>
					<item>
		<title><![CDATA[About]]></title>
		<link>http://localhost:8080/?page_id=13</link>
		<pubDate>Wed, 14 May 2025 07:10:38 +0000</pubDate>
		<dc:creator><![CDATA[admin]]></dc:creator>
		<guid isPermaLink="false">http://localhost:8080/?page_id=13</guid>
		<description></description>
		<content:encoded><![CDATA[]]></content:encoded>
		<excerpt:encoded><![CDATA[]]></excerpt:encoded>
		<wp:post_id>13</wp:post_id>
		<wp:post_date><![CDATA[2025-05-14 07:10:38]]></wp:post_date>
		<wp:post_date_gmt><![CDATA[2025-05-14 07:10:38]]></wp:post_date_gmt>
		<wp:post_modified><![CDATA[2025-05-14 07:10:38]]></wp:post_modified>
		<wp:post_modified_gmt><![CDATA[2025-05-14 07:10:38]]></wp:post_modified_gmt>
		<wp:comment_status><![CDATA[closed]]></wp:comment_status>
		<wp:ping_status><![CDATA[closed]]></wp:ping_status>
		<wp:post_name><![CDATA[about]]></wp:post_name>
		<wp:status><![CDATA[publish]]></wp:status>
		<wp:post_parent>0</wp:post_parent>
		<wp:menu_order>0</wp:menu_order>
		<wp:post_type><![CDATA[page]]></wp:post_type>
		<wp:post_password><![CDATA[]]></wp:post_password>
		<wp:is_sticky>0</wp:is_sticky>
														</item>
					<item>
		<title><![CDATA[Test Page]]></title>
		<link>http://localhost:8080/?page_id=32</link>
		<pubDate>Fri, 16 May 2025 18:55:11 +0000</pubDate>
		<dc:creator><![CDATA[admin]]></dc:creator>
		<guid isPermaLink="false">http://localhost:8080/?page_id=32</guid>
		<description></description>
		<content:encoded><![CDATA[<!-- wp:foodblog16-plus/search-form {"bgColor":"#66a80f"} /-->

<!-- wp:foodblog16-plus/header-tools /-->

<!-- wp:foodblog16-plus/authentication-modal /-->

<!-- wp:paragraph -->
<p></p>
<!-- /wp:paragraph -->]]></content:encoded>
		<excerpt:encoded><![CDATA[]]></excerpt:encoded>
		<wp:post_id>32</wp:post_id>
		<wp:post_date><![CDATA[2025-05-16 18:55:11]]></wp:post_date>
		<wp:post_date_gmt><![CDATA[2025-05-16 18:55:11]]></wp:post_date_gmt>
		<wp:post_modified><![CDATA[2025-05-31 22:47:33]]></wp:post_modified>
		<wp:post_modified_gmt><![CDATA[2025-05-31 22:47:33]]></wp:post_modified_gmt>
		<wp:comment_status><![CDATA[closed]]></wp:comment_status>
		<wp:ping_status><![CDATA[closed]]></wp:ping_status>
		<wp:post_name><![CDATA[test-page__trashed]]></wp:post_name>
		<wp:status><![CDATA[trash]]></wp:status>
		<wp:post_parent>0</wp:post_parent>
		<wp:menu_order>0</wp:menu_order>
		<wp:post_type><![CDATA[page]]></wp:post_type>
		<wp:post_password><![CDATA[]]></wp:post_password>
		<wp:is_sticky>0</wp:is_sticky>
														<wp:postmeta>
		<wp:meta_key><![CDATA[_wp_trash_meta_status]]></wp:meta_key>
		<wp:meta_value><![CDATA[publish]]></wp:meta_value>
		</wp:postmeta>
							<wp:postmeta>
		<wp:meta_key><![CDATA[_wp_trash_meta_time]]></wp:meta_key>
		<wp:meta_value><![CDATA[1748731653]]></wp:meta_value>
		</wp:postmeta>
							<wp:postmeta>
		<wp:meta_key><![CDATA[_wp_desired_post_slug]]></wp:meta_key>
		<wp:meta_value><![CDATA[test-page]]></wp:meta_value>
		</wp:postmeta>
							</item>
					<item>
		<title><![CDATA[Good Morning]]></title>
		<link>http://localhost:8080/?p=44</link>
		<pubDate>Sun, 18 May 2025 20:15:07 +0000</pubDate>
		<dc:creator><![CDATA[admin]]></dc:creator>
		<guid isPermaLink="false">http://localhost:8080/?p=44</guid>
		<description></description>
		<content:encoded><![CDATA[<!-- wp:paragraph -->
<p>Test Test Test</p>
<!-- /wp:paragraph -->]]></content:encoded>
		<excerpt:encoded><![CDATA[]]></excerpt:encoded>
		<wp:post_id>44</wp:post_id>
		<wp:post_date><![CDATA[2025-05-18 20:15:07]]></wp:post_date>
		<wp:post_date_gmt><![CDATA[2025-05-18 20:15:07]]></wp:post_date_gmt>
		<wp:post_modified><![CDATA[2025-05-18 20:15:07]]></wp:post_modified>
		<wp:post_modified_gmt><![CDATA[2025-05-18 20:15:07]]></wp:post_modified_gmt>
		<wp:comment_status><![CDATA[open]]></wp:comment_status>
		<wp:ping_status><![CDATA[open]]></wp:ping_status>
		<wp:post_name><![CDATA[good-morning]]></wp:post_name>
		<wp:status><![CDATA[publish]]></wp:status>
		<wp:post_parent>0</wp:post_parent>
		<wp:menu_order>0</wp:menu_order>
		<wp:post_type><![CDATA[post]]></wp:post_type>
		<wp:post_password><![CDATA[]]></wp:post_password>
		<wp:is_sticky>0</wp:is_sticky>
										<category domain="category" nicename="lifestyle"><![CDATA[Lifestyle]]></category>
		<category domain="category" nicename="news"><![CDATA[News]]></category>
		<category domain="category" nicename="travel"><![CDATA[Travel]]></category>
						<wp:postmeta>
		<wp:meta_key><![CDATA[_pingme]]></wp:meta_key>
		<wp:meta_value><![CDATA[1]]></wp:meta_value>
		</wp:postmeta>
							<wp:postmeta>
		<wp:meta_key><![CDATA[_encloseme]]></wp:meta_key>
		<wp:meta_value><![CDATA[1]]></wp:meta_value>
		</wp:postmeta>
							</item>
					<item>
		<title><![CDATA[Test Page]]></title>
		<link>http://localhost:8080/?page_id=63</link>
		<pubDate>Sat, 31 May 2025 22:47:47 +0000</pubDate>
		<dc:creator><![CDATA[admin]]></dc:creator>
		<guid isPermaLink="false">http://localhost:8080/?page_id=63</guid>
		<description></description>
		<content:encoded><![CDATA[]]></content:encoded>
		<excerpt:encoded><![CDATA[]]></excerpt:encoded>
		<wp:post_id>63</wp:post_id>
		<wp:post_date><![CDATA[2025-05-31 22:47:47]]></wp:post_date>
		<wp:post_date_gmt><![CDATA[2025-05-31 22:47:47]]></wp:post_date_gmt>
		<wp:post_modified><![CDATA[2025-06-03 20:12:16]]></wp:post_modified>
		<wp:post_modified_gmt><![CDATA[2025-06-03 20:12:16]]></wp:post_modified_gmt>
		<wp:comment_status><![CDATA[closed]]></wp:comment_status>
		<wp:ping_status><![CDATA[closed]]></wp:ping_status>
		<wp:post_name><![CDATA[test-page]]></wp:post_name>
		<wp:status><![CDATA[publish]]></wp:status>
		<wp:post_parent>0</wp:post_parent>
		<wp:menu_order>0</wp:menu_order>
		<wp:post_type><![CDATA[page]]></wp:post_type>
		<wp:post_password><![CDATA[]]></wp:post_password>
		<wp:is_sticky>0</wp:is_sticky>
														</item>
					<item>
		<title><![CDATA[Recipe #4]]></title>
		<link>http://localhost:8080/?post_type=fblgstp_recipe&#038;p=69</link>
		<pubDate>Sat, 31 May 2025 23:15:54 +0000</pubDate>
		<dc:creator><![CDATA[admin]]></dc:creator>
		<guid isPermaLink="false">http://localhost:8080/?post_type=fblgstp_recipe&#038;p=69</guid>
		<description></description>
		<content:encoded><![CDATA[<!-- wp:foodblog16-plus/recipe-summary /-->]]></content:encoded>
		<excerpt:encoded><![CDATA[]]></excerpt:encoded>
		<wp:post_id>69</wp:post_id>
		<wp:post_date><![CDATA[2025-05-31 23:15:54]]></wp:post_date>
		<wp:post_date_gmt><![CDATA[2025-05-31 23:15:54]]></wp:post_date_gmt>
		<wp:post_modified><![CDATA[2025-06-01 19:25:16]]></wp:post_modified>
		<wp:post_modified_gmt><![CDATA[2025-06-01 19:25:16]]></wp:post_modified_gmt>
		<wp:comment_status><![CDATA[closed]]></wp:comment_status>
		<wp:ping_status><![CDATA[closed]]></wp:ping_status>
		<wp:post_name><![CDATA[recipe-4__trashed]]></wp:post_name>
		<wp:status><![CDATA[trash]]></wp:status>
		<wp:post_parent>0</wp:post_parent>
		<wp:menu_order>0</wp:menu_order>
		<wp:post_type><![CDATA[fblgstp_recipe]]></wp:post_type>
		<wp:post_password><![CDATA[]]></wp:post_password>
		<wp:is_sticky>0</wp:is_sticky>
										<category domain="fblgstp_cuisine" nicename="test-cuisine"><![CDATA[Test]]></category>
						<wp:postmeta>
		<wp:meta_key><![CDATA[fblgstp_recipe_rating]]></wp:meta_key>
		<wp:meta_value><![CDATA[4]]></wp:meta_value>
		</wp:postmeta>
							<wp:postmeta>
		<wp:meta_key><![CDATA[_wp_trash_meta_status]]></wp:meta_key>
		<wp:meta_value><![CDATA[publish]]></wp:meta_value>
		</wp:postmeta>
							<wp:postmeta>
		<wp:meta_key><![CDATA[_wp_trash_meta_time]]></wp:meta_key>
		<wp:meta_value><![CDATA[1748805916]]></wp:meta_value>
		</wp:postmeta>
							<wp:postmeta>
		<wp:meta_key><![CDATA[_wp_desired_post_slug]]></wp:meta_key>
		<wp:meta_value><![CDATA[recipe-4]]></wp:meta_value>
		</wp:postmeta>
							</item>
					<item>
		<title><![CDATA[Test Post #1]]></title>
		<link>http://localhost:8080/?p=107</link>
		<pubDate>Tue, 03 Jun 2025 15:43:17 +0000</pubDate>
		<dc:creator><![CDATA[admin]]></dc:creator>
		<guid isPermaLink="false">http://localhost:8080/?p=107</guid>
		<description></description>
		<content:encoded><![CDATA[<!-- wp:group {"metadata":{"categories":[],"patternName":"core/block/140","name":"post-01"},"layout":{"type":"constrained","contentSize":"120rem"}} -->
<div class="wp-block-group"><!-- wp:post-featured-image {"height":"45rem","sizeSlug":"full"} /-->

<!-- wp:post-title /-->

<!-- wp:paragraph -->
<p>Lorem ipsum dolor sit amet, consetetur sadipscing elitr, sed diam nonumy eirmod tempor invidunt ut labore et dolore magna aliquyam erat, sed diam voluptua. At vero eos et accusam et justo duo dolores et ea rebum. Stet clita kasd gubergren, no sea takimata sanctus est Lorem ipsum dolor sit amet. Lorem ipsum dolor sit amet, consetetur sadipscing elitr, sed diam nonumy eirmod tempor invidunt ut labore et dolore magna aliquyam erat, sed diam voluptua. At vero eos et accusam et justo duo dolores et ea rebum. Stet clita kasd gubergren, no sea takimata sanctus est Lorem ipsum dolor sit amet. Lorem ipsum dolor sit amet, consetetur sadipscing elitr, sed diam nonumy eirmod tempor invidunt ut labore et dolore magna aliquyam erat, sed diam voluptua. At vero eos et accusam et justo duo dolores et ea rebum. Stet clita kasd gubergren, no sea takimata sanctus est Lorem ipsum dolor sit amet.</p>
<!-- /wp:paragraph -->

<!-- wp:paragraph -->
<p>Duis autem vel eum iriure dolor in hendrerit in vulputate velit esse molestie consequat, vel illum dolore eu feugiat nulla facilisis at vero eros et accumsan et iusto odio dignissim qui blandit praesent luptatum zzril delenit augue duis dolore te feugait nulla facilisi. Lorem ipsum dolor sit amet, consectetuer adipiscing elit, sed diam nonummy nibh euismod tincidunt ut laoreet dolore magna aliquam erat volutpat.</p>
<!-- /wp:paragraph -->

<!-- wp:paragraph -->
<p>Ut wisi enim ad minim veniam, quis nostrud exerci tation ullamcorper suscipit lobortis nisl ut aliquip ex ea commodo consequat. Duis autem vel eum iriure dolor in hendrerit in vulputate velit esse molestie consequat, vel illum dolore eu feugiat nulla facilisis at vero eros et accumsan et iusto odio dignissim qui blandit praesent luptatum zzril delenit augue duis dolore te feugait nulla facilisi.</p>
<!-- /wp:paragraph -->

<!-- wp:paragraph -->
<p>Nam liber tempor cum soluta nobis eleifend option congue nihil imperdiet doming id quod mazim placerat facer possim assum. Lorem ipsum dolor sit amet, consectetuer adipiscing elit, sed diam nonummy nibh euismod tincidunt ut laoreet dolore magna aliquam erat volutpat. Ut wisi enim ad minim veniam, quis nostrud exerci tation ullamcorper suscipit lobortis nisl ut aliquip ex ea commodo consequat.</p>
<!-- /wp:paragraph -->

<!-- wp:paragraph -->
<p>Duis autem vel eum iriure dolor in hendrerit in vulputate velit esse molestie consequat, vel illum dolore eu feugiat nulla facilisis.</p>
<!-- /wp:paragraph -->

<!-- wp:paragraph -->
<p>At vero eos et accusam et justo duo dolores et ea rebum. Stet clita kasd gubergren, no sea takimata sanctus est Lorem ipsum dolor sit amet. Lorem ipsum dolor sit amet, consetetur sadipscing elitr, sed diam</p>
<!-- /wp:paragraph --></div>
<!-- /wp:group -->]]></content:encoded>
		<excerpt:encoded><![CDATA[]]></excerpt:encoded>
		<wp:post_id>107</wp:post_id>
		<wp:post_date><![CDATA[2025-06-03 15:43:17]]></wp:post_date>
		<wp:post_date_gmt><![CDATA[2025-06-03 15:43:17]]></wp:post_date_gmt>
		<wp:post_modified><![CDATA[2025-06-03 21:31:00]]></wp:post_modified>
		<wp:post_modified_gmt><![CDATA[2025-06-03 21:31:00]]></wp:post_modified_gmt>
		<wp:comment_status><![CDATA[open]]></wp:comment_status>
		<wp:ping_status><![CDATA[open]]></wp:ping_status>
		<wp:post_name><![CDATA[test-post-1]]></wp:post_name>
		<wp:status><![CDATA[publish]]></wp:status>
		<wp:post_parent>0</wp:post_parent>
		<wp:menu_order>0</wp:menu_order>
		<wp:post_type><![CDATA[post]]></wp:post_type>
		<wp:post_password><![CDATA[]]></wp:post_password>
		<wp:is_sticky>0</wp:is_sticky>
										<category domain="category" nicename="lifestyle"><![CDATA[Lifestyle]]></category>
		<category domain="category" nicename="news"><![CDATA[News]]></category>
		<category domain="category" nicename="travel"><![CDATA[Travel]]></category>
						<wp:postmeta>
		<wp:meta_key><![CDATA[_pingme]]></wp:meta_key>
		<wp:meta_value><![CDATA[1]]></wp:meta_value>
		</wp:postmeta>
							<wp:postmeta>
		<wp:meta_key><![CDATA[_encloseme]]></wp:meta_key>
		<wp:meta_value><![CDATA[1]]></wp:meta_value>
		</wp:postmeta>
							<wp:postmeta>
		<wp:meta_key><![CDATA[_thumbnail_id]]></wp:meta_key>
		<wp:meta_value><![CDATA[108]]></wp:meta_value>
		</wp:postmeta>
							</item>
					<item>
		<title><![CDATA[Test Post #2]]></title>
		<link>http://localhost:8080/?p=110</link>
		<pubDate>Tue, 03 Jun 2025 15:43:59 +0000</pubDate>
		<dc:creator><![CDATA[admin]]></dc:creator>
		<guid isPermaLink="false">http://localhost:8080/?p=110</guid>
		<description></description>
		<content:encoded><![CDATA[<!-- wp:group {"metadata":{"categories":[],"patternName":"core/block/140","name":"post-01"},"layout":{"type":"constrained","contentSize":"120rem"}} -->
<div class="wp-block-group"><!-- wp:post-featured-image {"height":"45rem","sizeSlug":"full"} /-->

<!-- wp:post-title /-->

<!-- wp:paragraph -->
<p>Lorem ipsum dolor sit amet, consetetur sadipscing elitr, sed diam nonumy eirmod tempor invidunt ut labore et dolore magna aliquyam erat, sed diam voluptua. At vero eos et accusam et justo duo dolores et ea rebum. Stet clita kasd gubergren, no sea takimata sanctus est Lorem ipsum dolor sit amet. Lorem ipsum dolor sit amet, consetetur sadipscing elitr, sed diam nonumy eirmod tempor invidunt ut labore et dolore magna aliquyam erat, sed diam voluptua. At vero eos et accusam et justo duo dolores et ea rebum. Stet clita kasd gubergren, no sea takimata sanctus est Lorem ipsum dolor sit amet. Lorem ipsum dolor sit amet, consetetur sadipscing elitr, sed diam nonumy eirmod tempor invidunt ut labore et dolore magna aliquyam erat, sed diam voluptua. At vero eos et accusam et justo duo dolores et ea rebum. Stet clita kasd gubergren, no sea takimata sanctus est Lorem ipsum dolor sit amet.</p>
<!-- /wp:paragraph -->

<!-- wp:paragraph -->
<p>Duis autem vel eum iriure dolor in hendrerit in vulputate velit esse molestie consequat, vel illum dolore eu feugiat nulla facilisis at vero eros et accumsan et iusto odio dignissim qui blandit praesent luptatum zzril delenit augue duis dolore te feugait nulla facilisi. Lorem ipsum dolor sit amet, consectetuer adipiscing elit, sed diam nonummy nibh euismod tincidunt ut laoreet dolore magna aliquam erat volutpat.</p>
<!-- /wp:paragraph -->

<!-- wp:paragraph -->
<p>Ut wisi enim ad minim veniam, quis nostrud exerci tation ullamcorper suscipit lobortis nisl ut aliquip ex ea commodo consequat. Duis autem vel eum iriure dolor in hendrerit in vulputate velit esse molestie consequat, vel illum dolore eu feugiat nulla facilisis at vero eros et accumsan et iusto odio dignissim qui blandit praesent luptatum zzril delenit augue duis dolore te feugait nulla facilisi.</p>
<!-- /wp:paragraph -->

<!-- wp:paragraph -->
<p>Nam liber tempor cum soluta nobis eleifend option congue nihil imperdiet doming id quod mazim placerat facer possim assum. Lorem ipsum dolor sit amet, consectetuer adipiscing elit, sed diam nonummy nibh euismod tincidunt ut laoreet dolore magna aliquam erat volutpat. Ut wisi enim ad minim veniam, quis nostrud exerci tation ullamcorper suscipit lobortis nisl ut aliquip ex ea commodo consequat.</p>
<!-- /wp:paragraph -->

<!-- wp:paragraph -->
<p>Duis autem vel eum iriure dolor in hendrerit in vulputate velit esse molestie consequat, vel illum dolore eu feugiat nulla facilisis.</p>
<!-- /wp:paragraph -->

<!-- wp:paragraph -->
<p>At vero eos et accusam et justo duo dolores et ea rebum. Stet clita kasd gubergren, no sea takimata sanctus est Lorem ipsum dolor sit amet. Lorem ipsum dolor sit amet, consetetur sadipscing elitr, sed diam</p>
<!-- /wp:paragraph --></div>
<!-- /wp:group -->]]></content:encoded>
		<excerpt:encoded><![CDATA[]]></excerpt:encoded>
		<wp:post_id>110</wp:post_id>
		<wp:post_date><![CDATA[2025-06-03 15:43:59]]></wp:post_date>
		<wp:post_date_gmt><![CDATA[2025-06-03 15:43:59]]></wp:post_date_gmt>
		<wp:post_modified><![CDATA[2025-06-03 21:30:37]]></wp:post_modified>
		<wp:post_modified_gmt><![CDATA[2025-06-03 21:30:37]]></wp:post_modified_gmt>
		<wp:comment_status><![CDATA[open]]></wp:comment_status>
		<wp:ping_status><![CDATA[open]]></wp:ping_status>
		<wp:post_name><![CDATA[test-post-2]]></wp:post_name>
		<wp:status><![CDATA[publish]]></wp:status>
		<wp:post_parent>0</wp:post_parent>
		<wp:menu_order>0</wp:menu_order>
		<wp:post_type><![CDATA[post]]></wp:post_type>
		<wp:post_password><![CDATA[]]></wp:post_password>
		<wp:is_sticky>0</wp:is_sticky>
										<category domain="category" nicename="uncategorized"><![CDATA[Uncategorized]]></category>
						<wp:postmeta>
		<wp:meta_key><![CDATA[_pingme]]></wp:meta_key>
		<wp:meta_value><![CDATA[1]]></wp:meta_value>
		</wp:postmeta>
							<wp:postmeta>
		<wp:meta_key><![CDATA[_encloseme]]></wp:meta_key>
		<wp:meta_value><![CDATA[1]]></wp:meta_value>
		</wp:postmeta>
							<wp:postmeta>
		<wp:meta_key><![CDATA[_thumbnail_id]]></wp:meta_key>
		<wp:meta_value><![CDATA[111]]></wp:meta_value>
		</wp:postmeta>
							</item>
					<item>
		<title><![CDATA[Test Post #3]]></title>
		<link>http://localhost:8080/?p=113</link>
		<pubDate>Tue, 03 Jun 2025 15:44:42 +0000</pubDate>
		<dc:creator><![CDATA[admin]]></dc:creator>
		<guid isPermaLink="false">http://localhost:8080/?p=113</guid>
		<description></description>
		<content:encoded><![CDATA[<!-- wp:group {"metadata":{"categories":[],"patternName":"core/block/140","name":"post-01"},"layout":{"type":"constrained","contentSize":"120rem"}} -->
<div class="wp-block-group"><!-- wp:post-featured-image {"height":"45rem","sizeSlug":"full"} /-->

<!-- wp:post-title /-->

<!-- wp:paragraph -->
<p>Lorem ipsum dolor sit amet, consetetur sadipscing elitr, sed diam nonumy eirmod tempor invidunt ut labore et dolore magna aliquyam erat, sed diam voluptua. At vero eos et accusam et justo duo dolores et ea rebum. Stet clita kasd gubergren, no sea takimata sanctus est Lorem ipsum dolor sit amet. Lorem ipsum dolor sit amet, consetetur sadipscing elitr, sed diam nonumy eirmod tempor invidunt ut labore et dolore magna aliquyam erat, sed diam voluptua. At vero eos et accusam et justo duo dolores et ea rebum. Stet clita kasd gubergren, no sea takimata sanctus est Lorem ipsum dolor sit amet. Lorem ipsum dolor sit amet, consetetur sadipscing elitr, sed diam nonumy eirmod tempor invidunt ut labore et dolore magna aliquyam erat, sed diam voluptua. At vero eos et accusam et justo duo dolores et ea rebum. Stet clita kasd gubergren, no sea takimata sanctus est Lorem ipsum dolor sit amet.</p>
<!-- /wp:paragraph -->

<!-- wp:paragraph -->
<p>Duis autem vel eum iriure dolor in hendrerit in vulputate velit esse molestie consequat, vel illum dolore eu feugiat nulla facilisis at vero eros et accumsan et iusto odio dignissim qui blandit praesent luptatum zzril delenit augue duis dolore te feugait nulla facilisi. Lorem ipsum dolor sit amet, consectetuer adipiscing elit, sed diam nonummy nibh euismod tincidunt ut laoreet dolore magna aliquam erat volutpat.</p>
<!-- /wp:paragraph -->

<!-- wp:paragraph -->
<p>Ut wisi enim ad minim veniam, quis nostrud exerci tation ullamcorper suscipit lobortis nisl ut aliquip ex ea commodo consequat. Duis autem vel eum iriure dolor in hendrerit in vulputate velit esse molestie consequat, vel illum dolore eu feugiat nulla facilisis at vero eros et accumsan et iusto odio dignissim qui blandit praesent luptatum zzril delenit augue duis dolore te feugait nulla facilisi.</p>
<!-- /wp:paragraph -->

<!-- wp:paragraph -->
<p>Nam liber tempor cum soluta nobis eleifend option congue nihil imperdiet doming id quod mazim placerat facer possim assum. Lorem ipsum dolor sit amet, consectetuer adipiscing elit, sed diam nonummy nibh euismod tincidunt ut laoreet dolore magna aliquam erat volutpat. Ut wisi enim ad minim veniam, quis nostrud exerci tation ullamcorper suscipit lobortis nisl ut aliquip ex ea commodo consequat.</p>
<!-- /wp:paragraph -->

<!-- wp:paragraph -->
<p>Duis autem vel eum iriure dolor in hendrerit in vulputate velit esse molestie consequat, vel illum dolore eu feugiat nulla facilisis.</p>
<!-- /wp:paragraph -->

<!-- wp:paragraph -->
<p>At vero eos et accusam et justo duo dolores et ea rebum. Stet clita kasd gubergren, no sea takimata sanctus est Lorem ipsum dolor sit amet. Lorem ipsum dolor sit amet, consetetur sadipscing elitr, sed diam</p>
<!-- /wp:paragraph --></div>
<!-- /wp:group -->]]></content:encoded>
		<excerpt:encoded><![CDATA[]]></excerpt:encoded>
		<wp:post_id>113</wp:post_id>
		<wp:post_date><![CDATA[2025-06-03 15:44:42]]></wp:post_date>
		<wp:post_date_gmt><![CDATA[2025-06-03 15:44:42]]></wp:post_date_gmt>
		<wp:post_modified><![CDATA[2025-06-03 21:30:20]]></wp:post_modified>
		<wp:post_modified_gmt><![CDATA[2025-06-03 21:30:20]]></wp:post_modified_gmt>
		<wp:comment_status><![CDATA[open]]></wp:comment_status>
		<wp:ping_status><![CDATA[open]]></wp:ping_status>
		<wp:post_name><![CDATA[test-post-3]]></wp:post_name>
		<wp:status><![CDATA[publish]]></wp:status>
		<wp:post_parent>0</wp:post_parent>
		<wp:menu_order>0</wp:menu_order>
		<wp:post_type><![CDATA[post]]></wp:post_type>
		<wp:post_password><![CDATA[]]></wp:post_password>
		<wp:is_sticky>0</wp:is_sticky>
										<category domain="category" nicename="uncategorized"><![CDATA[Uncategorized]]></category>
						<wp:postmeta>
		<wp:meta_key><![CDATA[_pingme]]></wp:meta_key>
		<wp:meta_value><![CDATA[1]]></wp:meta_value>
		</wp:postmeta>
							<wp:postmeta>
		<wp:meta_key><![CDATA[_encloseme]]></wp:meta_key>
		<wp:meta_value><![CDATA[1]]></wp:meta_value>
		</wp:postmeta>
							<wp:postmeta>
		<wp:meta_key><![CDATA[_thumbnail_id]]></wp:meta_key>
		<wp:meta_value><![CDATA[114]]></wp:meta_value>
		</wp:postmeta>
							</item>
					<item>
		<title><![CDATA[Test Pots #4]]></title>
		<link>http://localhost:8080/?p=116</link>
		<pubDate>Tue, 03 Jun 2025 15:45:24 +0000</pubDate>
		<dc:creator><![CDATA[admin]]></dc:creator>
		<guid isPermaLink="false">http://localhost:8080/?p=116</guid>
		<description></description>
		<content:encoded><![CDATA[<!-- wp:group {"layout":{"type":"constrained","contentSize":"120rem"}} -->
<div class="wp-block-group"><!-- wp:post-featured-image {"height":"45rem","sizeSlug":"full"} /-->

<!-- wp:post-title /-->

<!-- wp:paragraph -->
<p>Lorem ipsum dolor sit amet, consetetur sadipscing elitr, sed diam nonumy eirmod tempor invidunt ut labore et dolore magna aliquyam erat, sed diam voluptua. At vero eos et accusam et justo duo dolores et ea rebum. Stet clita kasd gubergren, no sea takimata sanctus est Lorem ipsum dolor sit amet. Lorem ipsum dolor sit amet, consetetur sadipscing elitr, sed diam nonumy eirmod tempor invidunt ut labore et dolore magna aliquyam erat, sed diam voluptua. At vero eos et accusam et justo duo dolores et ea rebum. Stet clita kasd gubergren, no sea takimata sanctus est Lorem ipsum dolor sit amet. Lorem ipsum dolor sit amet, consetetur sadipscing elitr, sed diam nonumy eirmod tempor invidunt ut labore et dolore magna aliquyam erat, sed diam voluptua. At vero eos et accusam et justo duo dolores et ea rebum. Stet clita kasd gubergren, no sea takimata sanctus est Lorem ipsum dolor sit amet.</p>
<!-- /wp:paragraph -->

<!-- wp:paragraph -->
<p>Duis autem vel eum iriure dolor in hendrerit in vulputate velit esse molestie consequat, vel illum dolore eu feugiat nulla facilisis at vero eros et accumsan et iusto odio dignissim qui blandit praesent luptatum zzril delenit augue duis dolore te feugait nulla facilisi. Lorem ipsum dolor sit amet, consectetuer adipiscing elit, sed diam nonummy nibh euismod tincidunt ut laoreet dolore magna aliquam erat volutpat.</p>
<!-- /wp:paragraph -->

<!-- wp:paragraph -->
<p>Ut wisi enim ad minim veniam, quis nostrud exerci tation ullamcorper suscipit lobortis nisl ut aliquip ex ea commodo consequat. Duis autem vel eum iriure dolor in hendrerit in vulputate velit esse molestie consequat, vel illum dolore eu feugiat nulla facilisis at vero eros et accumsan et iusto odio dignissim qui blandit praesent luptatum zzril delenit augue duis dolore te feugait nulla facilisi.</p>
<!-- /wp:paragraph -->

<!-- wp:paragraph -->
<p>Nam liber tempor cum soluta nobis eleifend option congue nihil imperdiet doming id quod mazim placerat facer possim assum. Lorem ipsum dolor sit amet, consectetuer adipiscing elit, sed diam nonummy nibh euismod tincidunt ut laoreet dolore magna aliquam erat volutpat. Ut wisi enim ad minim veniam, quis nostrud exerci tation ullamcorper suscipit lobortis nisl ut aliquip ex ea commodo consequat.</p>
<!-- /wp:paragraph -->

<!-- wp:paragraph -->
<p>Duis autem vel eum iriure dolor in hendrerit in vulputate velit esse molestie consequat, vel illum dolore eu feugiat nulla facilisis.</p>
<!-- /wp:paragraph -->

<!-- wp:paragraph -->
<p>At vero eos et accusam et justo duo dolores et ea rebum. Stet clita kasd gubergren, no sea takimata sanctus est Lorem ipsum dolor sit amet. Lorem ipsum dolor sit amet, consetetur sadipscing elitr, sed diam</p>
<!-- /wp:paragraph --></div>
<!-- /wp:group -->]]></content:encoded>
		<excerpt:encoded><![CDATA[]]></excerpt:encoded>
		<wp:post_id>116</wp:post_id>
		<wp:post_date><![CDATA[2025-06-03 15:45:24]]></wp:post_date>
		<wp:post_date_gmt><![CDATA[2025-06-03 15:45:24]]></wp:post_date_gmt>
		<wp:post_modified><![CDATA[2025-06-03 21:28:49]]></wp:post_modified>
		<wp:post_modified_gmt><![CDATA[2025-06-03 21:28:49]]></wp:post_modified_gmt>
		<wp:comment_status><![CDATA[open]]></wp:comment_status>
		<wp:ping_status><![CDATA[open]]></wp:ping_status>
		<wp:post_name><![CDATA[test-pots-4]]></wp:post_name>
		<wp:status><![CDATA[publish]]></wp:status>
		<wp:post_parent>0</wp:post_parent>
		<wp:menu_order>0</wp:menu_order>
		<wp:post_type><![CDATA[post]]></wp:post_type>
		<wp:post_password><![CDATA[]]></wp:post_password>
		<wp:is_sticky>0</wp:is_sticky>
										<category domain="category" nicename="uncategorized"><![CDATA[Uncategorized]]></category>
						<wp:postmeta>
		<wp:meta_key><![CDATA[_pingme]]></wp:meta_key>
		<wp:meta_value><![CDATA[1]]></wp:meta_value>
		</wp:postmeta>
							<wp:postmeta>
		<wp:meta_key><![CDATA[_encloseme]]></wp:meta_key>
		<wp:meta_value><![CDATA[1]]></wp:meta_value>
		</wp:postmeta>
							<wp:postmeta>
		<wp:meta_key><![CDATA[_thumbnail_id]]></wp:meta_key>
		<wp:meta_value><![CDATA[117]]></wp:meta_value>
		</wp:postmeta>
							</item>
					<item>
		<title><![CDATA[posts-gird-01]]></title>
		<link>http://localhost:8080/?p=135</link>
		<pubDate>Tue, 03 Jun 2025 21:19:37 +0000</pubDate>
		<dc:creator><![CDATA[admin]]></dc:creator>
		<guid isPermaLink="false">http://localhost:8080/?p=135</guid>
		<description></description>
		<content:encoded><![CDATA[<!-- wp:group {"layout":{"type":"constrained","contentSize":"120rem"}} -->
<div class="wp-block-group"><!-- wp:query {"queryId":20,"query":{"perPage":10,"pages":0,"offset":0,"postType":"fblgstp_recipe","order":"desc","orderBy":"date","author":"","search":"","exclude":[],"sticky":"","inherit":false,"parents":[],"format":[]},"metadata":{"categories":["posts"],"patternName":"core/query-medium-posts","name":"Image at left"}} -->
<div class="wp-block-query"><!-- wp:post-template {"style":{"spacing":{"blockGap":"4.8rem"}},"layout":{"type":"grid","columnCount":3,"minimumColumnWidth":null}} -->
<!-- wp:group {"layout":{"type":"constrained"}} -->
<div class="wp-block-group"><!-- wp:post-featured-image {"isLink":true,"aspectRatio":"auto","height":"35rem","sizeSlug":"large"} /-->

<!-- wp:group {"fontSize":"small","layout":{"type":"flex","flexWrap":"nowrap","justifyContent":"space-between"}} -->
<div class="wp-block-group has-small-font-size"><!-- wp:post-date /-->

<!-- wp:post-terms {"term":"category"} /-->

<!-- wp:post-terms {"term":"fblgstp_course"} /--></div>
<!-- /wp:group -->

<!-- wp:post-title {"isLink":true,"fontSize":"large"} /--></div>
<!-- /wp:group -->
<!-- /wp:post-template --></div>
<!-- /wp:query --></div>
<!-- /wp:group -->]]></content:encoded>
		<excerpt:encoded><![CDATA[]]></excerpt:encoded>
		<wp:post_id>135</wp:post_id>
		<wp:post_date><![CDATA[2025-06-03 21:19:37]]></wp:post_date>
		<wp:post_date_gmt><![CDATA[2025-06-03 21:19:37]]></wp:post_date_gmt>
		<wp:post_modified><![CDATA[2025-06-03 21:19:37]]></wp:post_modified>
		<wp:post_modified_gmt><![CDATA[2025-06-03 21:19:37]]></wp:post_modified_gmt>
		<wp:comment_status><![CDATA[closed]]></wp:comment_status>
		<wp:ping_status><![CDATA[closed]]></wp:ping_status>
		<wp:post_name><![CDATA[posts-gird-01]]></wp:post_name>
		<wp:status><![CDATA[publish]]></wp:status>
		<wp:post_parent>0</wp:post_parent>
		<wp:menu_order>0</wp:menu_order>
		<wp:post_type><![CDATA[wp_block]]></wp:post_type>
		<wp:post_password><![CDATA[]]></wp:post_password>
		<wp:is_sticky>0</wp:is_sticky>
														<wp:postmeta>
		<wp:meta_key><![CDATA[wp_pattern_sync_status]]></wp:meta_key>
		<wp:meta_value><![CDATA[unsynced]]></wp:meta_value>
		</wp:postmeta>
							</item>
					<item>
		<title><![CDATA[post-01]]></title>
		<link>http://localhost:8080/?p=139</link>
		<pubDate>Tue, 03 Jun 2025 21:29:26 +0000</pubDate>
		<dc:creator><![CDATA[admin]]></dc:creator>
		<guid isPermaLink="false">http://localhost:8080/?p=139</guid>
		<description></description>
		<content:encoded><![CDATA[<!-- wp:group {"layout":{"type":"constrained","contentSize":"120rem"}} -->
<div class="wp-block-group"><!-- wp:post-featured-image {"height":"45rem","sizeSlug":"full"} /-->

<!-- wp:post-title /-->

<!-- wp:paragraph -->
<p>Lorem ipsum dolor sit amet, consetetur sadipscing elitr, sed diam nonumy eirmod tempor invidunt ut labore et dolore magna aliquyam erat, sed diam voluptua. At vero eos et accusam et justo duo dolores et ea rebum. Stet clita kasd gubergren, no sea takimata sanctus est Lorem ipsum dolor sit amet. Lorem ipsum dolor sit amet, consetetur sadipscing elitr, sed diam nonumy eirmod tempor invidunt ut labore et dolore magna aliquyam erat, sed diam voluptua. At vero eos et accusam et justo duo dolores et ea rebum. Stet clita kasd gubergren, no sea takimata sanctus est Lorem ipsum dolor sit amet. Lorem ipsum dolor sit amet, consetetur sadipscing elitr, sed diam nonumy eirmod tempor invidunt ut labore et dolore magna aliquyam erat, sed diam voluptua. At vero eos et accusam et justo duo dolores et ea rebum. Stet clita kasd gubergren, no sea takimata sanctus est Lorem ipsum dolor sit amet.</p>
<!-- /wp:paragraph -->

<!-- wp:paragraph -->
<p>Duis autem vel eum iriure dolor in hendrerit in vulputate velit esse molestie consequat, vel illum dolore eu feugiat nulla facilisis at vero eros et accumsan et iusto odio dignissim qui blandit praesent luptatum zzril delenit augue duis dolore te feugait nulla facilisi. Lorem ipsum dolor sit amet, consectetuer adipiscing elit, sed diam nonummy nibh euismod tincidunt ut laoreet dolore magna aliquam erat volutpat.</p>
<!-- /wp:paragraph -->

<!-- wp:paragraph -->
<p>Ut wisi enim ad minim veniam, quis nostrud exerci tation ullamcorper suscipit lobortis nisl ut aliquip ex ea commodo consequat. Duis autem vel eum iriure dolor in hendrerit in vulputate velit esse molestie consequat, vel illum dolore eu feugiat nulla facilisis at vero eros et accumsan et iusto odio dignissim qui blandit praesent luptatum zzril delenit augue duis dolore te feugait nulla facilisi.</p>
<!-- /wp:paragraph -->

<!-- wp:paragraph -->
<p>Nam liber tempor cum soluta nobis eleifend option congue nihil imperdiet doming id quod mazim placerat facer possim assum. Lorem ipsum dolor sit amet, consectetuer adipiscing elit, sed diam nonummy nibh euismod tincidunt ut laoreet dolore magna aliquam erat volutpat. Ut wisi enim ad minim veniam, quis nostrud exerci tation ullamcorper suscipit lobortis nisl ut aliquip ex ea commodo consequat.</p>
<!-- /wp:paragraph -->

<!-- wp:paragraph -->
<p>Duis autem vel eum iriure dolor in hendrerit in vulputate velit esse molestie consequat, vel illum dolore eu feugiat nulla facilisis.</p>
<!-- /wp:paragraph -->

<!-- wp:paragraph -->
<p>At vero eos et accusam et justo duo dolores et ea rebum. Stet clita kasd gubergren, no sea takimata sanctus est Lorem ipsum dolor sit amet. Lorem ipsum dolor sit amet, consetetur sadipscing elitr, sed diam</p>
<!-- /wp:paragraph --></div>
<!-- /wp:group -->]]></content:encoded>
		<excerpt:encoded><![CDATA[]]></excerpt:encoded>
		<wp:post_id>139</wp:post_id>
		<wp:post_date><![CDATA[2025-06-03 21:29:26]]></wp:post_date>
		<wp:post_date_gmt><![CDATA[2025-06-03 21:29:26]]></wp:post_date_gmt>
		<wp:post_modified><![CDATA[2025-06-03 21:29:26]]></wp:post_modified>
		<wp:post_modified_gmt><![CDATA[2025-06-03 21:29:26]]></wp:post_modified_gmt>
		<wp:comment_status><![CDATA[closed]]></wp:comment_status>
		<wp:ping_status><![CDATA[closed]]></wp:ping_status>
		<wp:post_name><![CDATA[post-01]]></wp:post_name>
		<wp:status><![CDATA[publish]]></wp:status>
		<wp:post_parent>0</wp:post_parent>
		<wp:menu_order>0</wp:menu_order>
		<wp:post_type><![CDATA[wp_block]]></wp:post_type>
		<wp:post_password><![CDATA[]]></wp:post_password>
		<wp:is_sticky>0</wp:is_sticky>
														</item>
					<item>
		<title><![CDATA[post-01]]></title>
		<link>http://localhost:8080/?p=140</link>
		<pubDate>Tue, 03 Jun 2025 21:29:49 +0000</pubDate>
		<dc:creator><![CDATA[admin]]></dc:creator>
		<guid isPermaLink="false">http://localhost:8080/?p=140</guid>
		<description></description>
		<content:encoded><![CDATA[<!-- wp:group {"layout":{"type":"constrained","contentSize":"120rem"}} -->
<div class="wp-block-group"><!-- wp:post-featured-image {"height":"45rem","sizeSlug":"full"} /-->

<!-- wp:post-title /-->

<!-- wp:paragraph -->
<p>Lorem ipsum dolor sit amet, consetetur sadipscing elitr, sed diam nonumy eirmod tempor invidunt ut labore et dolore magna aliquyam erat, sed diam voluptua. At vero eos et accusam et justo duo dolores et ea rebum. Stet clita kasd gubergren, no sea takimata sanctus est Lorem ipsum dolor sit amet. Lorem ipsum dolor sit amet, consetetur sadipscing elitr, sed diam nonumy eirmod tempor invidunt ut labore et dolore magna aliquyam erat, sed diam voluptua. At vero eos et accusam et justo duo dolores et ea rebum. Stet clita kasd gubergren, no sea takimata sanctus est Lorem ipsum dolor sit amet. Lorem ipsum dolor sit amet, consetetur sadipscing elitr, sed diam nonumy eirmod tempor invidunt ut labore et dolore magna aliquyam erat, sed diam voluptua. At vero eos et accusam et justo duo dolores et ea rebum. Stet clita kasd gubergren, no sea takimata sanctus est Lorem ipsum dolor sit amet.</p>
<!-- /wp:paragraph -->

<!-- wp:paragraph -->
<p>Duis autem vel eum iriure dolor in hendrerit in vulputate velit esse molestie consequat, vel illum dolore eu feugiat nulla facilisis at vero eros et accumsan et iusto odio dignissim qui blandit praesent luptatum zzril delenit augue duis dolore te feugait nulla facilisi. Lorem ipsum dolor sit amet, consectetuer adipiscing elit, sed diam nonummy nibh euismod tincidunt ut laoreet dolore magna aliquam erat volutpat.</p>
<!-- /wp:paragraph -->

<!-- wp:paragraph -->
<p>Ut wisi enim ad minim veniam, quis nostrud exerci tation ullamcorper suscipit lobortis nisl ut aliquip ex ea commodo consequat. Duis autem vel eum iriure dolor in hendrerit in vulputate velit esse molestie consequat, vel illum dolore eu feugiat nulla facilisis at vero eros et accumsan et iusto odio dignissim qui blandit praesent luptatum zzril delenit augue duis dolore te feugait nulla facilisi.</p>
<!-- /wp:paragraph -->

<!-- wp:paragraph -->
<p>Nam liber tempor cum soluta nobis eleifend option congue nihil imperdiet doming id quod mazim placerat facer possim assum. Lorem ipsum dolor sit amet, consectetuer adipiscing elit, sed diam nonummy nibh euismod tincidunt ut laoreet dolore magna aliquam erat volutpat. Ut wisi enim ad minim veniam, quis nostrud exerci tation ullamcorper suscipit lobortis nisl ut aliquip ex ea commodo consequat.</p>
<!-- /wp:paragraph -->

<!-- wp:paragraph -->
<p>Duis autem vel eum iriure dolor in hendrerit in vulputate velit esse molestie consequat, vel illum dolore eu feugiat nulla facilisis.</p>
<!-- /wp:paragraph -->

<!-- wp:paragraph -->
<p>At vero eos et accusam et justo duo dolores et ea rebum. Stet clita kasd gubergren, no sea takimata sanctus est Lorem ipsum dolor sit amet. Lorem ipsum dolor sit amet, consetetur sadipscing elitr, sed diam</p>
<!-- /wp:paragraph --></div>
<!-- /wp:group -->]]></content:encoded>
		<excerpt:encoded><![CDATA[]]></excerpt:encoded>
		<wp:post_id>140</wp:post_id>
		<wp:post_date><![CDATA[2025-06-03 21:29:49]]></wp:post_date>
		<wp:post_date_gmt><![CDATA[2025-06-03 21:29:49]]></wp:post_date_gmt>
		<wp:post_modified><![CDATA[2025-06-03 21:29:49]]></wp:post_modified>
		<wp:post_modified_gmt><![CDATA[2025-06-03 21:29:49]]></wp:post_modified_gmt>
		<wp:comment_status><![CDATA[closed]]></wp:comment_status>
		<wp:ping_status><![CDATA[closed]]></wp:ping_status>
		<wp:post_name><![CDATA[post-01-2]]></wp:post_name>
		<wp:status><![CDATA[publish]]></wp:status>
		<wp:post_parent>0</wp:post_parent>
		<wp:menu_order>0</wp:menu_order>
		<wp:post_type><![CDATA[wp_block]]></wp:post_type>
		<wp:post_password><![CDATA[]]></wp:post_password>
		<wp:is_sticky>0</wp:is_sticky>
														<wp:postmeta>
		<wp:meta_key><![CDATA[wp_pattern_sync_status]]></wp:meta_key>
		<wp:meta_value><![CDATA[unsynced]]></wp:meta_value>
		</wp:postmeta>
							</item>
					<item>
		<title><![CDATA[recipe-01]]></title>
		<link>http://localhost:8080/?p=145</link>
		<pubDate>Tue, 03 Jun 2025 21:43:05 +0000</pubDate>
		<dc:creator><![CDATA[admin]]></dc:creator>
		<guid isPermaLink="false">http://localhost:8080/?p=145</guid>
		<description></description>
		<content:encoded><![CDATA[<!-- wp:group {"layout":{"type":"constrained","contentSize":"120rem"}} -->
<div class="wp-block-group"><!-- wp:post-featured-image {"aspectRatio":"auto","width":"","height":"60rem"} /-->

<!-- wp:group {"layout":{"type":"flex","flexWrap":"nowrap","justifyContent":"space-between"}} -->
<div class="wp-block-group"><!-- wp:post-title {"fontSize":"large"} /-->

<!-- wp:group {"layout":{"type":"flex","flexWrap":"nowrap"}} -->
<div class="wp-block-group"><!-- wp:post-terms {"term":"category"} /-->

<!-- wp:post-terms {"term":"fblgstp_cuisine"} /-->

<!-- wp:post-terms {"term":"fblgstp_course"} /--></div>
<!-- /wp:group --></div>
<!-- /wp:group -->

<!-- wp:group {"style":{"spacing":{"margin":{"bottom":"4.8rem"}}},"layout":{"type":"flex","flexWrap":"nowrap"}} -->
<div class="wp-block-group" style="margin-bottom:4.8rem"><!-- wp:post-author-name /-->

<!-- wp:post-date /--></div>
<!-- /wp:group -->

<!-- wp:foodblog16-plus/recipe-summary {"prepTime":"1h","cookTime":"1h","course":"Dessert"} /-->

<!-- wp:paragraph {"style":{"spacing":{"margin":{"top":"4.8rem"}}}} -->
<p style="margin-top:4.8rem">Lorem ipsum dolor sit amet, consetetur sadipscing elitr, sed diam nonumy eirmod tempor invidunt ut labore et dolore magna aliquyam erat, sed diam voluptua. At vero eos et accusam et justo duo dolores et ea rebum. Stet clita kasd gubergren, no sea takimata sanctus est Lorem ipsum dolor sit amet. Lorem ipsum dolor sit amet, consetetur sadipscing elitr, sed diam nonumy eirmod tempor invidunt ut labore et dolore magna aliquyam erat, sed diam voluptua. At vero eos et accusam et justo duo dolores et ea rebum. Stet clita kasd gubergren, no sea takimata sanctus est Lorem ipsum dolor sit amet.</p>
<!-- /wp:paragraph --></div>
<!-- /wp:group -->]]></content:encoded>
		<excerpt:encoded><![CDATA[]]></excerpt:encoded>
		<wp:post_id>145</wp:post_id>
		<wp:post_date><![CDATA[2025-06-03 21:43:05]]></wp:post_date>
		<wp:post_date_gmt><![CDATA[2025-06-03 21:43:05]]></wp:post_date_gmt>
		<wp:post_modified><![CDATA[2025-06-03 21:43:05]]></wp:post_modified>
		<wp:post_modified_gmt><![CDATA[2025-06-03 21:43:05]]></wp:post_modified_gmt>
		<wp:comment_status><![CDATA[closed]]></wp:comment_status>
		<wp:ping_status><![CDATA[closed]]></wp:ping_status>
		<wp:post_name><![CDATA[recipe-01]]></wp:post_name>
		<wp:status><![CDATA[publish]]></wp:status>
		<wp:post_parent>0</wp:post_parent>
		<wp:menu_order>0</wp:menu_order>
		<wp:post_type><![CDATA[wp_block]]></wp:post_type>
		<wp:post_password><![CDATA[]]></wp:post_password>
		<wp:is_sticky>0</wp:is_sticky>
														<wp:postmeta>
		<wp:meta_key><![CDATA[wp_pattern_sync_status]]></wp:meta_key>
		<wp:meta_value><![CDATA[unsynced]]></wp:meta_value>
		</wp:postmeta>
							</item>
					<item>
		<title><![CDATA[recipe-01]]></title>
		<link>http://localhost:8080/?p=146</link>
		<pubDate>Tue, 03 Jun 2025 21:45:57 +0000</pubDate>
		<dc:creator><![CDATA[admin]]></dc:creator>
		<guid isPermaLink="false">http://localhost:8080/?p=146</guid>
		<description></description>
		<content:encoded><![CDATA[<!-- wp:group {"layout":{"type":"constrained","contentSize":"120rem"}} -->
<div class="wp-block-group"><!-- wp:post-featured-image {"aspectRatio":"auto","width":"","height":"60rem"} /-->

<!-- wp:group {"layout":{"type":"flex","flexWrap":"nowrap","justifyContent":"space-between"}} -->
<div class="wp-block-group"><!-- wp:post-title {"fontSize":"large"} /-->

<!-- wp:group {"layout":{"type":"flex","flexWrap":"nowrap"}} -->
<div class="wp-block-group"><!-- wp:post-terms {"term":"category"} /-->

<!-- wp:post-terms {"term":"fblgstp_cuisine"} /-->

<!-- wp:post-terms {"term":"fblgstp_course"} /--></div>
<!-- /wp:group --></div>
<!-- /wp:group -->

<!-- wp:group {"style":{"spacing":{"margin":{"bottom":"4.8rem"}}},"layout":{"type":"flex","flexWrap":"nowrap"}} -->
<div class="wp-block-group" style="margin-bottom:4.8rem"><!-- wp:post-author-name /-->

<!-- wp:post-date /--></div>
<!-- /wp:group -->

<!-- wp:foodblog16-plus/recipe-summary {"prepTime":"1h","cookTime":"1h","course":"Dessert"} /-->

<!-- wp:paragraph {"style":{"spacing":{"margin":{"top":"4.8rem"}}}} -->
<p style="margin-top:4.8rem">Lorem ipsum dolor sit amet, consetetur sadipscing elitr, sed diam nonumy eirmod tempor invidunt ut labore et dolore magna aliquyam erat, sed diam voluptua. At vero eos et accusam et justo duo dolores et ea rebum. Stet clita kasd gubergren, no sea takimata sanctus est Lorem ipsum dolor sit amet. Lorem ipsum dolor sit amet, consetetur sadipscing elitr, sed diam nonumy eirmod tempor invidunt ut labore et dolore magna aliquyam erat, sed diam voluptua. At vero eos et accusam et justo duo dolores et ea rebum. Stet clita kasd gubergren, no sea takimata sanctus est Lorem ipsum dolor sit amet.</p>
<!-- /wp:paragraph --></div>
<!-- /wp:group -->]]></content:encoded>
		<excerpt:encoded><![CDATA[]]></excerpt:encoded>
		<wp:post_id>146</wp:post_id>
		<wp:post_date><![CDATA[2025-06-03 21:45:57]]></wp:post_date>
		<wp:post_date_gmt><![CDATA[2025-06-03 21:45:57]]></wp:post_date_gmt>
		<wp:post_modified><![CDATA[2025-06-03 21:45:57]]></wp:post_modified>
		<wp:post_modified_gmt><![CDATA[2025-06-03 21:45:57]]></wp:post_modified_gmt>
		<wp:comment_status><![CDATA[closed]]></wp:comment_status>
		<wp:ping_status><![CDATA[closed]]></wp:ping_status>
		<wp:post_name><![CDATA[recipe-01-2]]></wp:post_name>
		<wp:status><![CDATA[publish]]></wp:status>
		<wp:post_parent>0</wp:post_parent>
		<wp:menu_order>0</wp:menu_order>
		<wp:post_type><![CDATA[wp_block]]></wp:post_type>
		<wp:post_password><![CDATA[]]></wp:post_password>
		<wp:is_sticky>0</wp:is_sticky>
														<wp:postmeta>
		<wp:meta_key><![CDATA[wp_pattern_sync_status]]></wp:meta_key>
		<wp:meta_value><![CDATA[unsynced]]></wp:meta_value>
		</wp:postmeta>
							</item>
					<item>
		<title><![CDATA[Navigation]]></title>
		<link>http://localhost:8080/?p=5</link>
		<pubDate>Tue, 13 May 2025 20:04:06 +0000</pubDate>
		<dc:creator><![CDATA[admin]]></dc:creator>
		<guid isPermaLink="false">http://localhost:8080/?p=5</guid>
		<description></description>
		<content:encoded><![CDATA[<!-- wp:page-list /-->]]></content:encoded>
		<excerpt:encoded><![CDATA[]]></excerpt:encoded>
		<wp:post_id>5</wp:post_id>
		<wp:post_date><![CDATA[2025-05-13 20:04:06]]></wp:post_date>
		<wp:post_date_gmt><![CDATA[2025-05-13 20:04:06]]></wp:post_date_gmt>
		<wp:post_modified><![CDATA[2025-05-13 20:04:06]]></wp:post_modified>
		<wp:post_modified_gmt><![CDATA[2025-05-13 20:04:06]]></wp:post_modified_gmt>
		<wp:comment_status><![CDATA[closed]]></wp:comment_status>
		<wp:ping_status><![CDATA[closed]]></wp:ping_status>
		<wp:post_name><![CDATA[navigation]]></wp:post_name>
		<wp:status><![CDATA[publish]]></wp:status>
		<wp:post_parent>0</wp:post_parent>
		<wp:menu_order>0</wp:menu_order>
		<wp:post_type><![CDATA[wp_navigation]]></wp:post_type>
		<wp:post_password><![CDATA[]]></wp:post_password>
		<wp:is_sticky>0</wp:is_sticky>
														</item>
					<item>
		<title><![CDATA[Custom Styles]]></title>
		<link>http://localhost:8080/?p=6</link>
		<pubDate>Wed, 14 May 2025 06:39:11 +0000</pubDate>
		<dc:creator><![CDATA[admin]]></dc:creator>
		<guid isPermaLink="false">http://localhost:8080/?p=6</guid>
		<description></description>
		<content:encoded><![CDATA[{"version": 3, "isGlobalStylesUserThemeJSON": true }]]></content:encoded>
		<excerpt:encoded><![CDATA[]]></excerpt:encoded>
		<wp:post_id>6</wp:post_id>
		<wp:post_date><![CDATA[2025-05-14 06:39:11]]></wp:post_date>
		<wp:post_date_gmt><![CDATA[2025-05-14 06:39:11]]></wp:post_date_gmt>
		<wp:post_modified><![CDATA[2025-05-14 06:39:11]]></wp:post_modified>
		<wp:post_modified_gmt><![CDATA[2025-05-14 06:39:11]]></wp:post_modified_gmt>
		<wp:comment_status><![CDATA[closed]]></wp:comment_status>
		<wp:ping_status><![CDATA[closed]]></wp:ping_status>
		<wp:post_name><![CDATA[wp-global-styles-foodblog16]]></wp:post_name>
		<wp:status><![CDATA[publish]]></wp:status>
		<wp:post_parent>0</wp:post_parent>
		<wp:menu_order>0</wp:menu_order>
		<wp:post_type><![CDATA[wp_global_styles]]></wp:post_type>
		<wp:post_password><![CDATA[]]></wp:post_password>
		<wp:is_sticky>0</wp:is_sticky>
										<category domain="wp_theme" nicename="foodblog16"><![CDATA[foodblog16]]></category>
						</item>
					<item>
		<title><![CDATA[Navigation 2]]></title>
		<link>http://localhost:8080/?p=15</link>
		<pubDate>Wed, 14 May 2025 07:22:12 +0000</pubDate>
		<dc:creator><![CDATA[admin]]></dc:creator>
		<guid isPermaLink="false">http://localhost:8080/?p=15</guid>
		<description></description>
		<content:encoded><![CDATA[<!-- wp:navigation-link {"label":"All recipes","type":"page","id":7,"url":"http://localhost:8080/?page_id=7","kind":"post-type"} /-->

<!-- wp:navigation-link {"label":"Pantry","type":"page","id":9,"url":"http://localhost:8080/?page_id=9","kind":"post-type"} /-->

<!-- wp:navigation-link {"label":"Blog","type":"page","id":11,"url":"http://localhost:8080/?page_id=11","kind":"post-type"} /-->

<!-- wp:navigation-link {"label":"About","type":"page","id":13,"url":"http://localhost:8080/?page_id=13","kind":"post-type"} /-->]]></content:encoded>
		<excerpt:encoded><![CDATA[]]></excerpt:encoded>
		<wp:post_id>15</wp:post_id>
		<wp:post_date><![CDATA[2025-05-14 07:22:12]]></wp:post_date>
		<wp:post_date_gmt><![CDATA[2025-05-14 07:22:12]]></wp:post_date_gmt>
		<wp:post_modified><![CDATA[2025-05-26 19:53:13]]></wp:post_modified>
		<wp:post_modified_gmt><![CDATA[2025-05-26 19:53:13]]></wp:post_modified_gmt>
		<wp:comment_status><![CDATA[closed]]></wp:comment_status>
		<wp:ping_status><![CDATA[closed]]></wp:ping_status>
		<wp:post_name><![CDATA[navigation-2]]></wp:post_name>
		<wp:status><![CDATA[publish]]></wp:status>
		<wp:post_parent>0</wp:post_parent>
		<wp:menu_order>0</wp:menu_order>
		<wp:post_type><![CDATA[wp_navigation]]></wp:post_type>
		<wp:post_password><![CDATA[]]></wp:post_password>
		<wp:is_sticky>0</wp:is_sticky>
														</item>
					<item>
		<title><![CDATA[Contact form 1]]></title>
		<link>http://localhost:8080/?post_type=wpcf7_contact_form&#038;p=24</link>
		<pubDate>Wed, 14 May 2025 09:06:02 +0000</pubDate>
		<dc:creator><![CDATA[admin]]></dc:creator>
		<guid isPermaLink="false">http://localhost:8080/?post_type=wpcf7_contact_form&#038;p=24</guid>
		<description></description>
		<content:encoded><![CDATA[<label> Your name
    [text* your-name autocomplete:name] </label>

<label> Your email
    [email* your-email autocomplete:email] </label>

<label> Subject
    [text* your-subject] </label>

<label> Your message (optional)
    [textarea your-message] </label>

[submit "Submit"]
[_site_title] "[your-subject]"
[_site_title] <johannes@pfau.cc>
From: [your-name] [your-email]
Subject: [your-subject]

Message Body:
[your-message]

-- 
This is a notification that a contact form was submitted on your website ([_site_title] [_site_url]).
[_site_admin_email]
Reply-To: [your-email]

0
0

[_site_title] "[your-subject]"
[_site_title] <johannes@pfau.cc>
Message Body:
[your-message]

-- 
This email is a receipt for your contact form submission on our website ([_site_title] [_site_url]) in which your email address was used. If that was not you, please ignore this message.
[your-email]
Reply-To: [_site_admin_email]

0
0
Thank you for your message. It has been sent.
There was an error trying to send your message. Please try again later.
One or more fields have an error. Please check and try again.
There was an error trying to send your message. Please try again later.
You must accept the terms and conditions before sending your message.
Please fill out this field.
This field has a too long input.
This field has a too short input.
There was an unknown error uploading the file.
You are not allowed to upload files of this type.
The uploaded file is too large.
There was an error uploading the file.]]></content:encoded>
		<excerpt:encoded><![CDATA[]]></excerpt:encoded>
		<wp:post_id>24</wp:post_id>
		<wp:post_date><![CDATA[2025-05-14 09:06:02]]></wp:post_date>
		<wp:post_date_gmt><![CDATA[2025-05-14 09:06:02]]></wp:post_date_gmt>
		<wp:post_modified><![CDATA[2025-05-14 09:06:02]]></wp:post_modified>
		<wp:post_modified_gmt><![CDATA[2025-05-14 09:06:02]]></wp:post_modified_gmt>
		<wp:comment_status><![CDATA[closed]]></wp:comment_status>
		<wp:ping_status><![CDATA[closed]]></wp:ping_status>
		<wp:post_name><![CDATA[contact-form-1]]></wp:post_name>
		<wp:status><![CDATA[publish]]></wp:status>
		<wp:post_parent>0</wp:post_parent>
		<wp:menu_order>0</wp:menu_order>
		<wp:post_type><![CDATA[wpcf7_contact_form]]></wp:post_type>
		<wp:post_password><![CDATA[]]></wp:post_password>
		<wp:is_sticky>0</wp:is_sticky>
														<wp:postmeta>
		<wp:meta_key><![CDATA[_form]]></wp:meta_key>
		<wp:meta_value><![CDATA[<label> Your name
    [text* your-name autocomplete:name] </label>

<label> Your email
    [email* your-email autocomplete:email] </label>

<label> Subject
    [text* your-subject] </label>

<label> Your message (optional)
    [textarea your-message] </label>

[submit "Submit"]]]></wp:meta_value>
		</wp:postmeta>
							<wp:postmeta>
		<wp:meta_key><![CDATA[_mail]]></wp:meta_key>
		<wp:meta_value><![CDATA[a:8:{s:7:"subject";s:30:"[_site_title] "[your-subject]"";s:6:"sender";s:32:"[_site_title] <johannes@pfau.cc>";s:4:"body";s:191:"From: [your-name] [your-email]
Subject: [your-subject]

Message Body:
[your-message]

-- 
This is a notification that a contact form was submitted on your website ([_site_title] [_site_url]).";s:9:"recipient";s:19:"[_site_admin_email]";s:18:"additional_headers";s:22:"Reply-To: [your-email]";s:11:"attachments";s:0:"";s:8:"use_html";i:0;s:13:"exclude_blank";i:0;}]]></wp:meta_value>
		</wp:postmeta>
							<wp:postmeta>
		<wp:meta_key><![CDATA[_mail_2]]></wp:meta_key>
		<wp:meta_value><![CDATA[a:9:{s:6:"active";b:0;s:7:"subject";s:30:"[_site_title] "[your-subject]"";s:6:"sender";s:32:"[_site_title] <johannes@pfau.cc>";s:4:"body";s:220:"Message Body:
[your-message]

-- 
This email is a receipt for your contact form submission on our website ([_site_title] [_site_url]) in which your email address was used. If that was not you, please ignore this message.";s:9:"recipient";s:12:"[your-email]";s:18:"additional_headers";s:29:"Reply-To: [_site_admin_email]";s:11:"attachments";s:0:"";s:8:"use_html";i:0;s:13:"exclude_blank";i:0;}]]></wp:meta_value>
		</wp:postmeta>
							<wp:postmeta>
		<wp:meta_key><![CDATA[_messages]]></wp:meta_key>
		<wp:meta_value><![CDATA[a:12:{s:12:"mail_sent_ok";s:45:"Thank you for your message. It has been sent.";s:12:"mail_sent_ng";s:71:"There was an error trying to send your message. Please try again later.";s:16:"validation_error";s:61:"One or more fields have an error. Please check and try again.";s:4:"spam";s:71:"There was an error trying to send your message. Please try again later.";s:12:"accept_terms";s:69:"You must accept the terms and conditions before sending your message.";s:16:"invalid_required";s:27:"Please fill out this field.";s:16:"invalid_too_long";s:32:"This field has a too long input.";s:17:"invalid_too_short";s:33:"This field has a too short input.";s:13:"upload_failed";s:46:"There was an unknown error uploading the file.";s:24:"upload_file_type_invalid";s:49:"You are not allowed to upload files of this type.";s:21:"upload_file_too_large";s:31:"The uploaded file is too large.";s:23:"upload_failed_php_error";s:38:"There was an error uploading the file.";}]]></wp:meta_value>
		</wp:postmeta>
							<wp:postmeta>
		<wp:meta_key><![CDATA[_additional_settings]]></wp:meta_key>
		<wp:meta_value><![CDATA[]]></wp:meta_value>
		</wp:postmeta>
							<wp:postmeta>
		<wp:meta_key><![CDATA[_locale]]></wp:meta_key>
		<wp:meta_value><![CDATA[en_US]]></wp:meta_value>
		</wp:postmeta>
							<wp:postmeta>
		<wp:meta_key><![CDATA[_hash]]></wp:meta_key>
		<wp:meta_value><![CDATA[3aae7cb86875519bdeabae888ee66ae13bf30808]]></wp:meta_value>
		</wp:postmeta>
							</item>
					<item>
		<title><![CDATA[Newsletter]]></title>
		<link>http://localhost:8080/?post_type=wpcf7_contact_form&#038;p=25</link>
		<pubDate>Wed, 14 May 2025 09:09:56 +0000</pubDate>
		<dc:creator><![CDATA[admin]]></dc:creator>
		<guid isPermaLink="false">http://localhost:8080/?post_type=wpcf7_contact_form&#038;p=25</guid>
		<description></description>
		<content:encoded><![CDATA[[email* email-user autocomplete:email class:fblgst-form-input-mail "name@example.com"]

[submit class:fblgst-form-submit-btn "Sign up now"]
1
[_site_title] Test [email-user]
[_site_title] <johannes@pfau.cc>
[_site_admin_email]
From: [email-user]
Subject: TEST

Message Body:
TEST

-- 
This is a notification that a contact form was submitted on your website ([_site_title] [_site_url]).





[_site_title] "[your-subject]"
[_site_title] <johannes@pfau.cc>
[your-email]
Message Body:
[your-message]

-- 
This email is a receipt for your contact form submission on our website ([_site_title] [_site_url]) in which your email address was used. If that was not you, please ignore this message.
Reply-To: [_site_admin_email]



Thank you for your message. It has been sent.
There was an error trying to send your message. Please try again later.
One or more fields have an error. Please check and try again.
There was an error trying to send your message. Please try again later.
You must accept the terms and conditions before sending your message.
Please fill out this field.
This field has a too long input.
This field has a too short input.
There was an unknown error uploading the file.
You are not allowed to upload files of this type.
The uploaded file is too large.
There was an error uploading the file.
Please enter a date in YYYY-MM-DD format.
This field has a too early date.
This field has a too late date.
Please enter a number.
This field has a too small number.
This field has a too large number.
The answer to the quiz is incorrect.
Please enter an email address.
Please enter a URL.
Please enter a telephone number.]]></content:encoded>
		<excerpt:encoded><![CDATA[]]></excerpt:encoded>
		<wp:post_id>25</wp:post_id>
		<wp:post_date><![CDATA[2025-05-14 09:09:56]]></wp:post_date>
		<wp:post_date_gmt><![CDATA[2025-05-14 09:09:56]]></wp:post_date_gmt>
		<wp:post_modified><![CDATA[2025-05-14 09:11:53]]></wp:post_modified>
		<wp:post_modified_gmt><![CDATA[2025-05-14 09:11:53]]></wp:post_modified_gmt>
		<wp:comment_status><![CDATA[closed]]></wp:comment_status>
		<wp:ping_status><![CDATA[closed]]></wp:ping_status>
		<wp:post_name><![CDATA[untitled]]></wp:post_name>
		<wp:status><![CDATA[publish]]></wp:status>
		<wp:post_parent>0</wp:post_parent>
		<wp:menu_order>0</wp:menu_order>
		<wp:post_type><![CDATA[wpcf7_contact_form]]></wp:post_type>
		<wp:post_password><![CDATA[]]></wp:post_password>
		<wp:is_sticky>0</wp:is_sticky>
														<wp:postmeta>
		<wp:meta_key><![CDATA[_form]]></wp:meta_key>
		<wp:meta_value><![CDATA[[email* email-user autocomplete:email class:fblgst-form-input-mail "name@example.com"]

[submit class:fblgst-form-submit-btn "Sign up now"]]]></wp:meta_value>
		</wp:postmeta>
							<wp:postmeta>
		<wp:meta_key><![CDATA[_mail]]></wp:meta_key>
		<wp:meta_value><![CDATA[a:9:{s:6:"active";b:1;s:7:"subject";s:31:"[_site_title] Test [email-user]";s:6:"sender";s:32:"[_site_title] <johannes@pfau.cc>";s:9:"recipient";s:19:"[_site_admin_email]";s:4:"body";s:159:"From: [email-user]
Subject: TEST

Message Body:
TEST

-- 
This is a notification that a contact form was submitted on your website ([_site_title] [_site_url]).";s:18:"additional_headers";s:0:"";s:11:"attachments";s:0:"";s:8:"use_html";b:0;s:13:"exclude_blank";b:0;}]]></wp:meta_value>
		</wp:postmeta>
							<wp:postmeta>
		<wp:meta_key><![CDATA[_mail_2]]></wp:meta_key>
		<wp:meta_value><![CDATA[a:9:{s:6:"active";b:0;s:7:"subject";s:30:"[_site_title] "[your-subject]"";s:6:"sender";s:32:"[_site_title] <johannes@pfau.cc>";s:9:"recipient";s:12:"[your-email]";s:4:"body";s:220:"Message Body:
[your-message]

-- 
This email is a receipt for your contact form submission on our website ([_site_title] [_site_url]) in which your email address was used. If that was not you, please ignore this message.";s:18:"additional_headers";s:29:"Reply-To: [_site_admin_email]";s:11:"attachments";s:0:"";s:8:"use_html";b:0;s:13:"exclude_blank";b:0;}]]></wp:meta_value>
		</wp:postmeta>
							<wp:postmeta>
		<wp:meta_key><![CDATA[_messages]]></wp:meta_key>
		<wp:meta_value><![CDATA[a:22:{s:12:"mail_sent_ok";s:45:"Thank you for your message. It has been sent.";s:12:"mail_sent_ng";s:71:"There was an error trying to send your message. Please try again later.";s:16:"validation_error";s:61:"One or more fields have an error. Please check and try again.";s:4:"spam";s:71:"There was an error trying to send your message. Please try again later.";s:12:"accept_terms";s:69:"You must accept the terms and conditions before sending your message.";s:16:"invalid_required";s:27:"Please fill out this field.";s:16:"invalid_too_long";s:32:"This field has a too long input.";s:17:"invalid_too_short";s:33:"This field has a too short input.";s:13:"upload_failed";s:46:"There was an unknown error uploading the file.";s:24:"upload_file_type_invalid";s:49:"You are not allowed to upload files of this type.";s:21:"upload_file_too_large";s:31:"The uploaded file is too large.";s:23:"upload_failed_php_error";s:38:"There was an error uploading the file.";s:12:"invalid_date";s:41:"Please enter a date in YYYY-MM-DD format.";s:14:"date_too_early";s:32:"This field has a too early date.";s:13:"date_too_late";s:31:"This field has a too late date.";s:14:"invalid_number";s:22:"Please enter a number.";s:16:"number_too_small";s:34:"This field has a too small number.";s:16:"number_too_large";s:34:"This field has a too large number.";s:23:"quiz_answer_not_correct";s:36:"The answer to the quiz is incorrect.";s:13:"invalid_email";s:30:"Please enter an email address.";s:11:"invalid_url";s:19:"Please enter a URL.";s:11:"invalid_tel";s:32:"Please enter a telephone number.";}]]></wp:meta_value>
		</wp:postmeta>
							<wp:postmeta>
		<wp:meta_key><![CDATA[_additional_settings]]></wp:meta_key>
		<wp:meta_value><![CDATA[]]></wp:meta_value>
		</wp:postmeta>
							<wp:postmeta>
		<wp:meta_key><![CDATA[_locale]]></wp:meta_key>
		<wp:meta_value><![CDATA[en_US]]></wp:meta_value>
		</wp:postmeta>
							<wp:postmeta>
		<wp:meta_key><![CDATA[_hash]]></wp:meta_key>
		<wp:meta_value><![CDATA[c1080e2aac47942a04bf2230bf16c51c1a10e7af]]></wp:meta_value>
		</wp:postmeta>
							</item>
					<item>
		<title><![CDATA[Navigation 3]]></title>
		<link>http://localhost:8080/?p=26</link>
		<pubDate>Wed, 14 May 2025 09:46:24 +0000</pubDate>
		<dc:creator><![CDATA[admin]]></dc:creator>
		<guid isPermaLink="false">http://localhost:8080/?p=26</guid>
		<description></description>
		<content:encoded><![CDATA[<!-- wp:navigation-link {"label":"Impress","type":"page","id":13,"url":"http://localhost:8080/?page_id=13","kind":"post-type"} /-->

<!-- wp:navigation-link {"label":"Privacy Policy","type":"page","id":3,"url":"http://localhost:8080/?page_id=3","kind":"post-type"} /-->]]></content:encoded>
		<excerpt:encoded><![CDATA[]]></excerpt:encoded>
		<wp:post_id>26</wp:post_id>
		<wp:post_date><![CDATA[2025-05-14 09:46:24]]></wp:post_date>
		<wp:post_date_gmt><![CDATA[2025-05-14 09:46:24]]></wp:post_date_gmt>
		<wp:post_modified><![CDATA[2025-05-14 09:46:24]]></wp:post_modified>
		<wp:post_modified_gmt><![CDATA[2025-05-14 09:46:24]]></wp:post_modified_gmt>
		<wp:comment_status><![CDATA[closed]]></wp:comment_status>
		<wp:ping_status><![CDATA[closed]]></wp:ping_status>
		<wp:post_name><![CDATA[navigation-3]]></wp:post_name>
		<wp:status><![CDATA[publish]]></wp:status>
		<wp:post_parent>0</wp:post_parent>
		<wp:menu_order>0</wp:menu_order>
		<wp:post_type><![CDATA[wp_navigation]]></wp:post_type>
		<wp:post_password><![CDATA[]]></wp:post_password>
		<wp:is_sticky>0</wp:is_sticky>
														</item>
					<item>
		<title><![CDATA[Navigation 4]]></title>
		<link>http://localhost:8080/?p=55</link>
		<pubDate></pubDate>
		<dc:creator><![CDATA[admin]]></dc:creator>
		<guid isPermaLink="false">http://localhost:8080/?p=55</guid>
		<description></description>
		<content:encoded><![CDATA[]]></content:encoded>
		<excerpt:encoded><![CDATA[]]></excerpt:encoded>
		<wp:post_id>55</wp:post_id>
		<wp:post_date><![CDATA[2025-05-24 01:22:32]]></wp:post_date>
		<wp:post_date_gmt><![CDATA[0000-00-00 00:00:00]]></wp:post_date_gmt>
		<wp:post_modified><![CDATA[2025-05-24 01:22:32]]></wp:post_modified>
		<wp:post_modified_gmt><![CDATA[0000-00-00 00:00:00]]></wp:post_modified_gmt>
		<wp:comment_status><![CDATA[closed]]></wp:comment_status>
		<wp:ping_status><![CDATA[closed]]></wp:ping_status>
		<wp:post_name><![CDATA[]]></wp:post_name>
		<wp:status><![CDATA[draft]]></wp:status>
		<wp:post_parent>0</wp:post_parent>
		<wp:menu_order>0</wp:menu_order>
		<wp:post_type><![CDATA[wp_navigation]]></wp:post_type>
		<wp:post_password><![CDATA[]]></wp:post_password>
		<wp:is_sticky>0</wp:is_sticky>
														</item>
					<item>
		<title><![CDATA[Menu]]></title>
		<link>http://localhost:8080/?p=130</link>
		<pubDate></pubDate>
		<dc:creator><![CDATA[admin]]></dc:creator>
		<guid isPermaLink="false">http://localhost:8080/?p=130</guid>
		<description></description>
		<content:encoded><![CDATA[]]></content:encoded>
		<excerpt:encoded><![CDATA[]]></excerpt:encoded>
		<wp:post_id>130</wp:post_id>
		<wp:post_date><![CDATA[2025-06-03 18:54:15]]></wp:post_date>
		<wp:post_date_gmt><![CDATA[0000-00-00 00:00:00]]></wp:post_date_gmt>
		<wp:post_modified><![CDATA[2025-06-03 18:54:15]]></wp:post_modified>
		<wp:post_modified_gmt><![CDATA[0000-00-00 00:00:00]]></wp:post_modified_gmt>
		<wp:comment_status><![CDATA[closed]]></wp:comment_status>
		<wp:ping_status><![CDATA[closed]]></wp:ping_status>
		<wp:post_name><![CDATA[]]></wp:post_name>
		<wp:status><![CDATA[draft]]></wp:status>
		<wp:post_parent>0</wp:post_parent>
		<wp:menu_order>0</wp:menu_order>
		<wp:post_type><![CDATA[wp_navigation]]></wp:post_type>
		<wp:post_password><![CDATA[]]></wp:post_password>
		<wp:is_sticky>0</wp:is_sticky>
														</item>
					<item>
		<title><![CDATA[footer]]></title>
		<link>http://localhost:8080/?p=131</link>
		<pubDate>Tue, 03 Jun 2025 20:12:15 +0000</pubDate>
		<dc:creator><![CDATA[admin]]></dc:creator>
		<guid isPermaLink="false">http://localhost:8080/?p=131</guid>
		<description></description>
		<content:encoded><![CDATA[<!-- wp:group {"tagName":"footer","style":{"border":{"top":{"color":"var:preset|color|fblgst-gray-3","width":"4px"},"right":[],"bottom":[],"left":[]}},"backgroundColor":"fblgst-highlight-1","layout":{"type":"constrained","contentSize":"120rem"}} -->
<footer class="wp-block-group has-fblgst-highlight-1-background-color has-background" style="border-top-color:var(--wp--preset--color--fblgst-gray-3);border-top-width:4px"><!-- wp:group {"style":{"spacing":{"padding":{"top":"1.8rem","bottom":"1.8rem"}}},"layout":{"type":"flex","flexWrap":"nowrap","justifyContent":"space-between"}} -->
<div class="wp-block-group" style="padding-top:1.8rem;padding-bottom:1.8rem"><!-- wp:paragraph -->
<p>Copyright 2027 by Food Blog</p>
<!-- /wp:paragraph -->

<!-- wp:group {"style":{"spacing":{"blockGap":"4.4rem"}},"layout":{"type":"flex","flexWrap":"nowrap"}} -->
<div class="wp-block-group"><!-- wp:navigation {"ref":26,"overlayMenu":"never","style":{"spacing":{"blockGap":"2.4rem"}},"layout":{"type":"flex","justifyContent":"left"}} /-->

<!-- wp:social-links {"iconColor":"fblgst-gray-1","iconColorValue":"#333333","openInNewTab":true,"className":"is-style-logos-only","style":{"spacing":{"blockGap":{"top":"2.4rem","left":"2.4rem"}}},"layout":{"type":"flex","justifyContent":"right","flexWrap":"wrap"}} -->
<ul class="wp-block-social-links has-icon-color is-style-logos-only"><!-- wp:social-link {"url":"#","service":"facebook","label":""} /-->

<!-- wp:social-link {"url":"#","service":"instagram"} /-->

<!-- wp:social-link {"url":"#","service":"x"} /-->

<!-- wp:social-link {"url":"#","service":"pinterest"} /--></ul>
<!-- /wp:social-links --></div>
<!-- /wp:group --></div>
<!-- /wp:group --></footer>
<!-- /wp:group -->]]></content:encoded>
		<excerpt:encoded><![CDATA[]]></excerpt:encoded>
		<wp:post_id>131</wp:post_id>
		<wp:post_date><![CDATA[2025-06-03 20:12:15]]></wp:post_date>
		<wp:post_date_gmt><![CDATA[2025-06-03 20:12:15]]></wp:post_date_gmt>
		<wp:post_modified><![CDATA[2025-06-03 20:12:15]]></wp:post_modified>
		<wp:post_modified_gmt><![CDATA[2025-06-03 20:12:15]]></wp:post_modified_gmt>
		<wp:comment_status><![CDATA[closed]]></wp:comment_status>
		<wp:ping_status><![CDATA[closed]]></wp:ping_status>
		<wp:post_name><![CDATA[footer]]></wp:post_name>
		<wp:status><![CDATA[publish]]></wp:status>
		<wp:post_parent>0</wp:post_parent>
		<wp:menu_order>0</wp:menu_order>
		<wp:post_type><![CDATA[wp_template_part]]></wp:post_type>
		<wp:post_password><![CDATA[]]></wp:post_password>
		<wp:is_sticky>0</wp:is_sticky>
										<category domain="wp_theme" nicename="foodblog16"><![CDATA[foodblog16]]></category>
		<category domain="wp_template_part_area" nicename="uncategorized"><![CDATA[uncategorized]]></category>
						<wp:postmeta>
		<wp:meta_key><![CDATA[origin]]></wp:meta_key>
		<wp:meta_value><![CDATA[theme]]></wp:meta_value>
		</wp:postmeta>
							</item>
				</channel>
</rss>
	